[0.273s] Invoking command in '/home/zak/anveshak/iroc/Iroc-26/ros2_ws/build/ros2_aruco_interfaces': CMAKE_PREFIX_PATH=${CMAKE_PREFIX_PATH}:/home/zak/anveshak/iroc/Iroc-26/ros2_ws/install/ros2_aruco:/opt/ros/humble /usr/bin/cmake --build /home/zak/anveshak/iroc/Iroc-26/ros2_ws/build/ros2_aruco_interfaces -- -j16 -l16
[0.349s] [  3%] Built target ros2_aruco_interfaces__cpp
[0.349s] [ 12%] Built target ros2_aruco_interfaces__rosidl_generator_c
[0.360s] [ 12%] Built target ament_cmake_python_copy_ros2_aruco_interfaces
[0.371s] [ 45%] Built target ros2_aruco_interfaces__rosidl_typesupport_cpp
[0.371s] [ 67%] Built target ros2_aruco_interfaces__rosidl_typesupport_introspection_cpp
[0.371s] [ 67%] Built target ros2_aruco_interfaces__rosidl_typesupport_c
[0.371s] [ 67%] Built target ros2_aruco_interfaces__rosidl_typesupport_fastrtps_c
[0.371s] [ 67%] Built target ros2_aruco_interfaces__rosidl_typesupport_introspection_c
[0.371s] [ 70%] Built target ros2_aruco_interfaces__rosidl_typesupport_fastrtps_cpp
[0.391s] [ 70%] Built target ros2_aruco_interfaces
[0.415s] [ 74%] Built target ros2_aruco_interfaces__py
[0.442s] [ 80%] Built target ros2_aruco_interfaces__rosidl_generator_py
[0.468s] [100%] Built target ros2_aruco_interfaces__rosidl_typesupport_c__pyext
[0.468s] [100%] Built target ros2_aruco_interfaces__rosidl_typesupport_introspection_c__pyext
[0.468s] [100%] Built target ros2_aruco_interfaces__rosidl_typesupport_fastrtps_c__pyext
[0.520s] running egg_info
[0.528s] writing ros2_aruco_interfaces.egg-info/PKG-INFO
[0.529s] writing dependency_links to ros2_aruco_interfaces.egg-info/dependency_links.txt
[0.529s] writing top-level names to ros2_aruco_interfaces.egg-info/top_level.txt
[0.552s] reading manifest file 'ros2_aruco_interfaces.egg-info/SOURCES.txt'
[0.553s] writing manifest file 'ros2_aruco_interfaces.egg-info/SOURCES.txt'
[0.585s] [100%] Built target ament_cmake_python_build_ros2_aruco_interfaces_egg
[0.598s] Invoked command in '/home/zak/anveshak/iroc/Iroc-26/ros2_ws/build/ros2_aruco_interfaces' returned '0': CMAKE_PREFIX_PATH=${CMAKE_PREFIX_PATH}:/home/zak/anveshak/iroc/Iroc-26/ros2_ws/install/ros2_aruco:/opt/ros/humble /usr/bin/cmake --build /home/zak/anveshak/iroc/Iroc-26/ros2_ws/build/ros2_aruco_interfaces -- -j16 -l16
[0.609s] Invoking command in '/home/zak/anveshak/iroc/Iroc-26/ros2_ws/build/ros2_aruco_interfaces': CMAKE_PREFIX_PATH=${CMAKE_PREFIX_PATH}:/home/zak/anveshak/iroc/Iroc-26/ros2_ws/install/ros2_aruco:/opt/ros/humble /usr/bin/cmake --install /home/zak/anveshak/iroc/Iroc-26/ros2_ws/build/ros2_aruco_interfaces
[0.617s] -- Install configuration: ""
[0.618s] -- Up-to-date: /home/zak/anveshak/iroc/Iroc-26/ros2_ws/install/ros2_aruco_interfaces/share/ament_index/resource_index/rosidl_interfaces/ros2_aruco_interfaces
[0.618s] -- Up-to-date: /home/zak/anveshak/iroc/Iroc-26/ros2_ws/install/ros2_aruco_interfaces/include/ros2_aruco_interfaces/ros2_aruco_interfaces
[0.618s] -- Up-to-date: /home/zak/anveshak/iroc/Iroc-26/ros2_ws/install/ros2_aruco_interfaces/include/ros2_aruco_interfaces/ros2_aruco_interfaces/msg
[0.618s] -- Up-to-date: /home/zak/anveshak/iroc/Iroc-26/ros2_ws/install/ros2_aruco_interfaces/include/ros2_aruco_interfaces/ros2_aruco_interfaces/msg/aruco_markers.h
[0.618s] -- Up-to-date: /home/zak/anveshak/iroc/Iroc-26/ros2_ws/install/ros2_aruco_interfaces/include/ros2_aruco_interfaces/ros2_aruco_interfaces/msg/rosidl_generator_c__visibility_control.h
[0.618s] -- Up-to-date: /home/zak/anveshak/iroc/Iroc-26/ros2_ws/install/ros2_aruco_interfaces/include/ros2_aruco_interfaces/ros2_aruco_interfaces/msg/detail
[0.618s] -- Up-to-date: /home/zak/anveshak/iroc/Iroc-26/ros2_ws/install/ros2_aruco_interfaces/include/ros2_aruco_interfaces/ros2_aruco_interfaces/msg/detail/aruco_markers__type_support.h
[0.618s] -- Up-to-date: /home/zak/anveshak/iroc/Iroc-26/ros2_ws/install/ros2_aruco_interfaces/include/ros2_aruco_interfaces/ros2_aruco_interfaces/msg/detail/aruco_markers__functions.h
[0.618s] -- Up-to-date: /home/zak/anveshak/iroc/Iroc-26/ros2_ws/install/ros2_aruco_interfaces/include/ros2_aruco_interfaces/ros2_aruco_interfaces/msg/detail/aruco_markers__struct.h
[0.618s] -- Up-to-date: /home/zak/anveshak/iroc/Iroc-26/ros2_ws/install/ros2_aruco_interfaces/include/ros2_aruco_interfaces/ros2_aruco_interfaces/msg/detail/aruco_markers__functions.c
[0.618s] -- Up-to-date: /home/zak/anveshak/iroc/Iroc-26/ros2_ws/install/ros2_aruco_interfaces/share/ros2_aruco_interfaces/environment/library_path.sh
[0.618s] -- Up-to-date: /home/zak/anveshak/iroc/Iroc-26/ros2_ws/install/ros2_aruco_interfaces/share/ros2_aruco_interfaces/environment/library_path.dsv
[0.619s] -- Up-to-date: /home/zak/anveshak/iroc/Iroc-26/ros2_ws/install/ros2_aruco_interfaces/lib/libros2_aruco_interfaces__rosidl_generator_c.so
[0.619s] -- Up-to-date: /home/zak/anveshak/iroc/Iroc-26/ros2_ws/install/ros2_aruco_interfaces/include/ros2_aruco_interfaces/ros2_aruco_interfaces
[0.619s] -- Up-to-date: /home/zak/anveshak/iroc/Iroc-26/ros2_ws/install/ros2_aruco_interfaces/include/ros2_aruco_interfaces/ros2_aruco_interfaces/msg
[0.619s] -- Up-to-date: /home/zak/anveshak/iroc/Iroc-26/ros2_ws/install/ros2_aruco_interfaces/include/ros2_aruco_interfaces/ros2_aruco_interfaces/msg/rosidl_typesupport_fastrtps_c__visibility_control.h
[0.619s] -- Up-to-date: /home/zak/anveshak/iroc/Iroc-26/ros2_ws/install/ros2_aruco_interfaces/include/ros2_aruco_interfaces/ros2_aruco_interfaces/msg/detail
[0.619s] -- Up-to-date: /home/zak/anveshak/iroc/Iroc-26/ros2_ws/install/ros2_aruco_interfaces/include/ros2_aruco_interfaces/ros2_aruco_interfaces/msg/detail/aruco_markers__rosidl_typesupport_fastrtps_c.h
[0.619s] -- Up-to-date: /home/zak/anveshak/iroc/Iroc-26/ros2_ws/install/ros2_aruco_interfaces/lib/libros2_aruco_interfaces__rosidl_typesupport_fastrtps_c.so
[0.619s] -- Up-to-date: /home/zak/anveshak/iroc/Iroc-26/ros2_ws/install/ros2_aruco_interfaces/include/ros2_aruco_interfaces/ros2_aruco_interfaces
[0.619s] -- Up-to-date: /home/zak/anveshak/iroc/Iroc-26/ros2_ws/install/ros2_aruco_interfaces/include/ros2_aruco_interfaces/ros2_aruco_interfaces/msg
[0.619s] -- Up-to-date: /home/zak/anveshak/iroc/Iroc-26/ros2_ws/install/ros2_aruco_interfaces/include/ros2_aruco_interfaces/ros2_aruco_interfaces/msg/rosidl_generator_cpp__visibility_control.hpp
[0.619s] -- Up-to-date: /home/zak/anveshak/iroc/Iroc-26/ros2_ws/install/ros2_aruco_interfaces/include/ros2_aruco_interfaces/ros2_aruco_interfaces/msg/detail
[0.619s] -- Up-to-date: /home/zak/anveshak/iroc/Iroc-26/ros2_ws/install/ros2_aruco_interfaces/include/ros2_aruco_interfaces/ros2_aruco_interfaces/msg/detail/aruco_markers__builder.hpp
[0.619s] -- Up-to-date: /home/zak/anveshak/iroc/Iroc-26/ros2_ws/install/ros2_aruco_interfaces/include/ros2_aruco_interfaces/ros2_aruco_interfaces/msg/detail/aruco_markers__type_support.hpp
[0.619s] -- Up-to-date: /home/zak/anveshak/iroc/Iroc-26/ros2_ws/install/ros2_aruco_interfaces/include/ros2_aruco_interfaces/ros2_aruco_interfaces/msg/detail/aruco_markers__traits.hpp
[0.619s] -- Up-to-date: /home/zak/anveshak/iroc/Iroc-26/ros2_ws/install/ros2_aruco_interfaces/include/ros2_aruco_interfaces/ros2_aruco_interfaces/msg/detail/aruco_markers__struct.hpp
[0.619s] -- Up-to-date: /home/zak/anveshak/iroc/Iroc-26/ros2_ws/install/ros2_aruco_interfaces/include/ros2_aruco_interfaces/ros2_aruco_interfaces/msg/aruco_markers.hpp
[0.619s] -- Up-to-date: /home/zak/anveshak/iroc/Iroc-26/ros2_ws/install/ros2_aruco_interfaces/include/ros2_aruco_interfaces/ros2_aruco_interfaces
[0.619s] -- Up-to-date: /home/zak/anveshak/iroc/Iroc-26/ros2_ws/install/ros2_aruco_interfaces/include/ros2_aruco_interfaces/ros2_aruco_interfaces/msg
[0.619s] -- Up-to-date: /home/zak/anveshak/iroc/Iroc-26/ros2_ws/install/ros2_aruco_interfaces/include/ros2_aruco_interfaces/ros2_aruco_interfaces/msg/rosidl_typesupport_fastrtps_cpp__visibility_control.h
[0.619s] -- Up-to-date: /home/zak/anveshak/iroc/Iroc-26/ros2_ws/install/ros2_aruco_interfaces/include/ros2_aruco_interfaces/ros2_aruco_interfaces/msg/detail
[0.619s] -- Up-to-date: /home/zak/anveshak/iroc/Iroc-26/ros2_ws/install/ros2_aruco_interfaces/include/ros2_aruco_interfaces/ros2_aruco_interfaces/msg/detail/dds_fastrtps
[0.619s] -- Up-to-date: /home/zak/anveshak/iroc/Iroc-26/ros2_ws/install/ros2_aruco_interfaces/include/ros2_aruco_interfaces/ros2_aruco_interfaces/msg/detail/aruco_markers__rosidl_typesupport_fastrtps_cpp.hpp
[0.620s] -- Up-to-date: /home/zak/anveshak/iroc/Iroc-26/ros2_ws/install/ros2_aruco_interfaces/lib/libros2_aruco_interfaces__rosidl_typesupport_fastrtps_cpp.so
[0.620s] -- Up-to-date: /home/zak/anveshak/iroc/Iroc-26/ros2_ws/install/ros2_aruco_interfaces/include/ros2_aruco_interfaces/ros2_aruco_interfaces
[0.620s] -- Up-to-date: /home/zak/anveshak/iroc/Iroc-26/ros2_ws/install/ros2_aruco_interfaces/include/ros2_aruco_interfaces/ros2_aruco_interfaces/msg
[0.620s] -- Up-to-date: /home/zak/anveshak/iroc/Iroc-26/ros2_ws/install/ros2_aruco_interfaces/include/ros2_aruco_interfaces/ros2_aruco_interfaces/msg/rosidl_typesupport_introspection_c__visibility_control.h
[0.620s] -- Up-to-date: /home/zak/anveshak/iroc/Iroc-26/ros2_ws/install/ros2_aruco_interfaces/include/ros2_aruco_interfaces/ros2_aruco_interfaces/msg/detail
[0.620s] -- Up-to-date: /home/zak/anveshak/iroc/Iroc-26/ros2_ws/install/ros2_aruco_interfaces/include/ros2_aruco_interfaces/ros2_aruco_interfaces/msg/detail/aruco_markers__type_support.c
[0.620s] -- Up-to-date: /home/zak/anveshak/iroc/Iroc-26/ros2_ws/install/ros2_aruco_interfaces/include/ros2_aruco_interfaces/ros2_aruco_interfaces/msg/detail/aruco_markers__rosidl_typesupport_introspection_c.h
[0.620s] -- Up-to-date: /home/zak/anveshak/iroc/Iroc-26/ros2_ws/install/ros2_aruco_interfaces/lib/libros2_aruco_interfaces__rosidl_typesupport_introspection_c.so
[0.620s] -- Up-to-date: /home/zak/anveshak/iroc/Iroc-26/ros2_ws/install/ros2_aruco_interfaces/lib/libros2_aruco_interfaces__rosidl_typesupport_c.so
[0.621s] -- Up-to-date: /home/zak/anveshak/iroc/Iroc-26/ros2_ws/install/ros2_aruco_interfaces/include/ros2_aruco_interfaces/ros2_aruco_interfaces
[0.621s] -- Up-to-date: /home/zak/anveshak/iroc/Iroc-26/ros2_ws/install/ros2_aruco_interfaces/include/ros2_aruco_interfaces/ros2_aruco_interfaces/msg
[0.621s] -- Up-to-date: /home/zak/anveshak/iroc/Iroc-26/ros2_ws/install/ros2_aruco_interfaces/include/ros2_aruco_interfaces/ros2_aruco_interfaces/msg/detail
[0.621s] -- Up-to-date: /home/zak/anveshak/iroc/Iroc-26/ros2_ws/install/ros2_aruco_interfaces/include/ros2_aruco_interfaces/ros2_aruco_interfaces/msg/detail/aruco_markers__type_support.cpp
[0.621s] -- Up-to-date: /home/zak/anveshak/iroc/Iroc-26/ros2_ws/install/ros2_aruco_interfaces/include/ros2_aruco_interfaces/ros2_aruco_interfaces/msg/detail/aruco_markers__rosidl_typesupport_introspection_cpp.hpp
[0.621s] -- Up-to-date: /home/zak/anveshak/iroc/Iroc-26/ros2_ws/install/ros2_aruco_interfaces/lib/libros2_aruco_interfaces__rosidl_typesupport_introspection_cpp.so
[0.622s] -- Up-to-date: /home/zak/anveshak/iroc/Iroc-26/ros2_ws/install/ros2_aruco_interfaces/lib/libros2_aruco_interfaces__rosidl_typesupport_cpp.so
[0.622s] -- Up-to-date: /home/zak/anveshak/iroc/Iroc-26/ros2_ws/install/ros2_aruco_interfaces/share/ros2_aruco_interfaces/environment/pythonpath.sh
[0.622s] -- Up-to-date: /home/zak/anveshak/iroc/Iroc-26/ros2_ws/install/ros2_aruco_interfaces/share/ros2_aruco_interfaces/environment/pythonpath.dsv
[0.622s] -- Up-to-date: /home/zak/anveshak/iroc/Iroc-26/ros2_ws/install/ros2_aruco_interfaces/local/lib/python3.10/dist-packages/ros2_aruco_interfaces-0.1.0-py3.10.egg-info
[0.622s] -- Installing: /home/zak/anveshak/iroc/Iroc-26/ros2_ws/install/ros2_aruco_interfaces/local/lib/python3.10/dist-packages/ros2_aruco_interfaces-0.1.0-py3.10.egg-info/dependency_links.txt
[0.622s] -- Installing: /home/zak/anveshak/iroc/Iroc-26/ros2_ws/install/ros2_aruco_interfaces/local/lib/python3.10/dist-packages/ros2_aruco_interfaces-0.1.0-py3.10.egg-info/SOURCES.txt
[0.622s] -- Installing: /home/zak/anveshak/iroc/Iroc-26/ros2_ws/install/ros2_aruco_interfaces/local/lib/python3.10/dist-packages/ros2_aruco_interfaces-0.1.0-py3.10.egg-info/top_level.txt
[0.622s] -- Installing: /home/zak/anveshak/iroc/Iroc-26/ros2_ws/install/ros2_aruco_interfaces/local/lib/python3.10/dist-packages/ros2_aruco_interfaces-0.1.0-py3.10.egg-info/PKG-INFO
[0.622s] -- Up-to-date: /home/zak/anveshak/iroc/Iroc-26/ros2_ws/install/ros2_aruco_interfaces/local/lib/python3.10/dist-packages/ros2_aruco_interfaces
[0.622s] -- Up-to-date: /home/zak/anveshak/iroc/Iroc-26/ros2_ws/install/ros2_aruco_interfaces/local/lib/python3.10/dist-packages/ros2_aruco_interfaces/ros2_aruco_interfaces_s__rosidl_typesupport_fastrtps_c.cpython-310-x86_64-linux-gnu.so
[0.623s] -- Up-to-date: /home/zak/anveshak/iroc/Iroc-26/ros2_ws/install/ros2_aruco_interfaces/local/lib/python3.10/dist-packages/ros2_aruco_interfaces/ros2_aruco_interfaces_s__rosidl_typesupport_introspection_c.cpython-310-x86_64-linux-gnu.so
[0.623s] -- Up-to-date: /home/zak/anveshak/iroc/Iroc-26/ros2_ws/install/ros2_aruco_interfaces/local/lib/python3.10/dist-packages/ros2_aruco_interfaces/__init__.py
[0.623s] -- Up-to-date: /home/zak/anveshak/iroc/Iroc-26/ros2_ws/install/ros2_aruco_interfaces/local/lib/python3.10/dist-packages/ros2_aruco_interfaces/_ros2_aruco_interfaces_s.ep.rosidl_typesupport_introspection_c.c
[0.623s] -- Up-to-date: /home/zak/anveshak/iroc/Iroc-26/ros2_ws/install/ros2_aruco_interfaces/local/lib/python3.10/dist-packages/ros2_aruco_interfaces/libros2_aruco_interfaces__rosidl_generator_py.so
[0.623s] -- Up-to-date: /home/zak/anveshak/iroc/Iroc-26/ros2_ws/install/ros2_aruco_interfaces/local/lib/python3.10/dist-packages/ros2_aruco_interfaces/_ros2_aruco_interfaces_s.ep.rosidl_typesupport_c.c
[0.623s] -- Up-to-date: /home/zak/anveshak/iroc/Iroc-26/ros2_ws/install/ros2_aruco_interfaces/local/lib/python3.10/dist-packages/ros2_aruco_interfaces/ros2_aruco_interfaces_s__rosidl_typesupport_c.cpython-310-x86_64-linux-gnu.so
[0.623s] -- Up-to-date: /home/zak/anveshak/iroc/Iroc-26/ros2_ws/install/ros2_aruco_interfaces/local/lib/python3.10/dist-packages/ros2_aruco_interfaces/_ros2_aruco_interfaces_s.ep.rosidl_typesupport_fastrtps_c.c
[0.623s] -- Up-to-date: /home/zak/anveshak/iroc/Iroc-26/ros2_ws/install/ros2_aruco_interfaces/local/lib/python3.10/dist-packages/ros2_aruco_interfaces/msg
[0.623s] -- Up-to-date: /home/zak/anveshak/iroc/Iroc-26/ros2_ws/install/ros2_aruco_interfaces/local/lib/python3.10/dist-packages/ros2_aruco_interfaces/msg/__init__.py
[0.623s] -- Up-to-date: /home/zak/anveshak/iroc/Iroc-26/ros2_ws/install/ros2_aruco_interfaces/local/lib/python3.10/dist-packages/ros2_aruco_interfaces/msg/_aruco_markers_s.c
[0.623s] -- Up-to-date: /home/zak/anveshak/iroc/Iroc-26/ros2_ws/install/ros2_aruco_interfaces/local/lib/python3.10/dist-packages/ros2_aruco_interfaces/msg/_aruco_markers.py
[0.646s] Listing '/home/zak/anveshak/iroc/Iroc-26/ros2_ws/install/ros2_aruco_interfaces/local/lib/python3.10/dist-packages/ros2_aruco_interfaces'...
[0.647s] Listing '/home/zak/anveshak/iroc/Iroc-26/ros2_ws/install/ros2_aruco_interfaces/local/lib/python3.10/dist-packages/ros2_aruco_interfaces/msg'...
[0.650s] -- Up-to-date: /home/zak/anveshak/iroc/Iroc-26/ros2_ws/install/ros2_aruco_interfaces/local/lib/python3.10/dist-packages/ros2_aruco_interfaces/ros2_aruco_interfaces_s__rosidl_typesupport_fastrtps_c.cpython-310-x86_64-linux-gnu.so
[0.650s] -- Up-to-date: /home/zak/anveshak/iroc/Iroc-26/ros2_ws/install/ros2_aruco_interfaces/local/lib/python3.10/dist-packages/ros2_aruco_interfaces/ros2_aruco_interfaces_s__rosidl_typesupport_introspection_c.cpython-310-x86_64-linux-gnu.so
[0.651s] -- Up-to-date: /home/zak/anveshak/iroc/Iroc-26/ros2_ws/install/ros2_aruco_interfaces/local/lib/python3.10/dist-packages/ros2_aruco_interfaces/ros2_aruco_interfaces_s__rosidl_typesupport_c.cpython-310-x86_64-linux-gnu.so
[0.651s] -- Up-to-date: /home/zak/anveshak/iroc/Iroc-26/ros2_ws/install/ros2_aruco_interfaces/lib/libros2_aruco_interfaces__rosidl_generator_py.so
[0.651s] -- Up-to-date: /home/zak/anveshak/iroc/Iroc-26/ros2_ws/install/ros2_aruco_interfaces/share/ros2_aruco_interfaces/msg/ArucoMarkers.idl
[0.651s] -- Up-to-date: /home/zak/anveshak/iroc/Iroc-26/ros2_ws/install/ros2_aruco_interfaces/share/ros2_aruco_interfaces/msg/ArucoMarkers.msg
[0.651s] -- Up-to-date: /home/zak/anveshak/iroc/Iroc-26/ros2_ws/install/ros2_aruco_interfaces/share/ament_index/resource_index/package_run_dependencies/ros2_aruco_interfaces
[0.651s] -- Up-to-date: /home/zak/anveshak/iroc/Iroc-26/ros2_ws/install/ros2_aruco_interfaces/share/ament_index/resource_index/parent_prefix_path/ros2_aruco_interfaces
[0.651s] -- Up-to-date: /home/zak/anveshak/iroc/Iroc-26/ros2_ws/install/ros2_aruco_interfaces/share/ros2_aruco_interfaces/environment/ament_prefix_path.sh
[0.651s] -- Up-to-date: /home/zak/anveshak/iroc/Iroc-26/ros2_ws/install/ros2_aruco_interfaces/share/ros2_aruco_interfaces/environment/ament_prefix_path.dsv
[0.651s] -- Up-to-date: /home/zak/anveshak/iroc/Iroc-26/ros2_ws/install/ros2_aruco_interfaces/share/ros2_aruco_interfaces/environment/path.sh
[0.652s] -- Up-to-date: /home/zak/anveshak/iroc/Iroc-26/ros2_ws/install/ros2_aruco_interfaces/share/ros2_aruco_interfaces/environment/path.dsv
[0.652s] -- Up-to-date: /home/zak/anveshak/iroc/Iroc-26/ros2_ws/install/ros2_aruco_interfaces/share/ros2_aruco_interfaces/local_setup.bash
[0.652s] -- Up-to-date: /home/zak/anveshak/iroc/Iroc-26/ros2_ws/install/ros2_aruco_interfaces/share/ros2_aruco_interfaces/local_setup.sh
[0.652s] -- Up-to-date: /home/zak/anveshak/iroc/Iroc-26/ros2_ws/install/ros2_aruco_interfaces/share/ros2_aruco_interfaces/local_setup.zsh
[0.652s] -- Up-to-date: /home/zak/anveshak/iroc/Iroc-26/ros2_ws/install/ros2_aruco_interfaces/share/ros2_aruco_interfaces/local_setup.dsv
[0.652s] -- Installing: /home/zak/anveshak/iroc/Iroc-26/ros2_ws/install/ros2_aruco_interfaces/share/ros2_aruco_interfaces/package.dsv
[0.652s] -- Up-to-date: /home/zak/anveshak/iroc/Iroc-26/ros2_ws/install/ros2_aruco_interfaces/share/ament_index/resource_index/packages/ros2_aruco_interfaces
[0.652s] -- Up-to-date: /home/zak/anveshak/iroc/Iroc-26/ros2_ws/install/ros2_aruco_interfaces/share/ros2_aruco_interfaces/cmake/export_ros2_aruco_interfaces__rosidl_generator_cExport.cmake
[0.652s] -- Up-to-date: /home/zak/anveshak/iroc/Iroc-26/ros2_ws/install/ros2_aruco_interfaces/share/ros2_aruco_interfaces/cmake/export_ros2_aruco_interfaces__rosidl_generator_cExport-noconfig.cmake
[0.652s] -- Up-to-date: /home/zak/anveshak/iroc/Iroc-26/ros2_ws/install/ros2_aruco_interfaces/share/ros2_aruco_interfaces/cmake/export_ros2_aruco_interfaces__rosidl_typesupport_fastrtps_cExport.cmake
[0.652s] -- Up-to-date: /home/zak/anveshak/iroc/Iroc-26/ros2_ws/install/ros2_aruco_interfaces/share/ros2_aruco_interfaces/cmake/export_ros2_aruco_interfaces__rosidl_typesupport_fastrtps_cExport-noconfig.cmake
[0.652s] -- Up-to-date: /home/zak/anveshak/iroc/Iroc-26/ros2_ws/install/ros2_aruco_interfaces/share/ros2_aruco_interfaces/cmake/export_ros2_aruco_interfaces__rosidl_generator_cppExport.cmake
[0.653s] -- Up-to-date: /home/zak/anveshak/iroc/Iroc-26/ros2_ws/install/ros2_aruco_interfaces/share/ros2_aruco_interfaces/cmake/export_ros2_aruco_interfaces__rosidl_typesupport_fastrtps_cppExport.cmake
[0.653s] -- Up-to-date: /home/zak/anveshak/iroc/Iroc-26/ros2_ws/install/ros2_aruco_interfaces/share/ros2_aruco_interfaces/cmake/export_ros2_aruco_interfaces__rosidl_typesupport_fastrtps_cppExport-noconfig.cmake
[0.653s] -- Up-to-date: /home/zak/anveshak/iroc/Iroc-26/ros2_ws/install/ros2_aruco_interfaces/share/ros2_aruco_interfaces/cmake/ros2_aruco_interfaces__rosidl_typesupport_introspection_cExport.cmake
[0.653s] -- Up-to-date: /home/zak/anveshak/iroc/Iroc-26/ros2_ws/install/ros2_aruco_interfaces/share/ros2_aruco_interfaces/cmake/ros2_aruco_interfaces__rosidl_typesupport_introspection_cExport-noconfig.cmake
[0.653s] -- Up-to-date: /home/zak/anveshak/iroc/Iroc-26/ros2_ws/install/ros2_aruco_interfaces/share/ros2_aruco_interfaces/cmake/ros2_aruco_interfaces__rosidl_typesupport_cExport.cmake
[0.653s] -- Up-to-date: /home/zak/anveshak/iroc/Iroc-26/ros2_ws/install/ros2_aruco_interfaces/share/ros2_aruco_interfaces/cmake/ros2_aruco_interfaces__rosidl_typesupport_cExport-noconfig.cmake
[0.654s] -- Up-to-date: /home/zak/anveshak/iroc/Iroc-26/ros2_ws/install/ros2_aruco_interfaces/share/ros2_aruco_interfaces/cmake/ros2_aruco_interfaces__rosidl_typesupport_introspection_cppExport.cmake
[0.654s] -- Up-to-date: /home/zak/anveshak/iroc/Iroc-26/ros2_ws/install/ros2_aruco_interfaces/share/ros2_aruco_interfaces/cmake/ros2_aruco_interfaces__rosidl_typesupport_introspection_cppExport-noconfig.cmake
[0.654s] -- Up-to-date: /home/zak/anveshak/iroc/Iroc-26/ros2_ws/install/ros2_aruco_interfaces/share/ros2_aruco_interfaces/cmake/ros2_aruco_interfaces__rosidl_typesupport_cppExport.cmake
[0.654s] -- Up-to-date: /home/zak/anveshak/iroc/Iroc-26/ros2_ws/install/ros2_aruco_interfaces/share/ros2_aruco_interfaces/cmake/ros2_aruco_interfaces__rosidl_typesupport_cppExport-noconfig.cmake
[0.654s] -- Up-to-date: /home/zak/anveshak/iroc/Iroc-26/ros2_ws/install/ros2_aruco_interfaces/share/ros2_aruco_interfaces/cmake/export_ros2_aruco_interfaces__rosidl_generator_pyExport.cmake
[0.654s] -- Up-to-date: /home/zak/anveshak/iroc/Iroc-26/ros2_ws/install/ros2_aruco_interfaces/share/ros2_aruco_interfaces/cmake/export_ros2_aruco_interfaces__rosidl_generator_pyExport-noconfig.cmake
[0.654s] -- Up-to-date: /home/zak/anveshak/iroc/Iroc-26/ros2_ws/install/ros2_aruco_interfaces/share/ros2_aruco_interfaces/cmake/rosidl_cmake-extras.cmake
[0.654s] -- Up-to-date: /home/zak/anveshak/iroc/Iroc-26/ros2_ws/install/ros2_aruco_interfaces/share/ros2_aruco_interfaces/cmake/ament_cmake_export_dependencies-extras.cmake
[0.654s] -- Up-to-date: /home/zak/anveshak/iroc/Iroc-26/ros2_ws/install/ros2_aruco_interfaces/share/ros2_aruco_interfaces/cmake/ament_cmake_export_include_directories-extras.cmake
[0.654s] -- Up-to-date: /home/zak/anveshak/iroc/Iroc-26/ros2_ws/install/ros2_aruco_interfaces/share/ros2_aruco_interfaces/cmake/ament_cmake_export_libraries-extras.cmake
[0.654s] -- Up-to-date: /home/zak/anveshak/iroc/Iroc-26/ros2_ws/install/ros2_aruco_interfaces/share/ros2_aruco_interfaces/cmake/ament_cmake_export_targets-extras.cmake
[0.654s] -- Up-to-date: /home/zak/anveshak/iroc/Iroc-26/ros2_ws/install/ros2_aruco_interfaces/share/ros2_aruco_interfaces/cmake/rosidl_cmake_export_typesupport_targets-extras.cmake
[0.654s] -- Up-to-date: /home/zak/anveshak/iroc/Iroc-26/ros2_ws/install/ros2_aruco_interfaces/share/ros2_aruco_interfaces/cmake/rosidl_cmake_export_typesupport_libraries-extras.cmake
[0.655s] -- Up-to-date: /home/zak/anveshak/iroc/Iroc-26/ros2_ws/install/ros2_aruco_interfaces/share/ros2_aruco_interfaces/cmake/ros2_aruco_interfacesConfig.cmake
[0.655s] -- Up-to-date: /home/zak/anveshak/iroc/Iroc-26/ros2_ws/install/ros2_aruco_interfaces/share/ros2_aruco_interfaces/cmake/ros2_aruco_interfacesConfig-version.cmake
[0.655s] -- Up-to-date: /home/zak/anveshak/iroc/Iroc-26/ros2_ws/install/ros2_aruco_interfaces/share/ros2_aruco_interfaces/package.xml
[0.657s] Invoked command in '/home/zak/anveshak/iroc/Iroc-26/ros2_ws/build/ros2_aruco_interfaces' returned '0': CMAKE_PREFIX_PATH=${CMAKE_PREFIX_PATH}:/home/zak/anveshak/iroc/Iroc-26/ros2_ws/install/ros2_aruco:/opt/ros/humble /usr/bin/cmake --install /home/zak/anveshak/iroc/Iroc-26/ros2_ws/build/ros2_aruco_interfaces
