[0.182s] Invoking command in '/home/zak/anveshak/iroc/Iroc-26/ros2_ws/src/build/ros2_aruco_interfaces': CMAKE_PREFIX_PATH=${CMAKE_PREFIX_PATH}:/home/zak/anveshak/iroc/Iroc-26/ros2_ws/install/ros2_aruco:/opt/ros/humble /usr/bin/cmake /home/zak/anveshak/iroc/Iroc-26/ros2_ws/src/ros2_aruco_interfaces -DCMAKE_INSTALL_PREFIX=/home/zak/anveshak/iroc/Iroc-26/ros2_ws/src/install/ros2_aruco_interfaces
[0.287s] -- The C compiler identification is GNU 11.4.0
[0.367s] -- The CXX compiler identification is GNU 11.4.0
[0.376s] -- Detecting C compiler ABI info
[0.448s] -- Detecting C compiler ABI info - done
[0.453s] -- Check for working C compiler: /usr/bin/cc - skipped
[0.453s] -- Detecting C compile features
[0.454s] -- Detecting C compile features - done
[0.456s] -- Detecting CXX compiler ABI info
[0.539s] -- Detecting CXX compiler ABI info - done
[0.544s] -- Check for working CXX compiler: /usr/bin/c++ - skipped
[0.544s] -- Detecting CXX compile features
[0.544s] -- Detecting CXX compile features - done
[0.547s] -- Found ament_cmake: 1.3.12 (/opt/ros/humble/share/ament_cmake/cmake)
[0.819s] -- Found Python3: /usr/bin/python3 (found version "3.10.12") found components: Interpreter 
[0.895s] -- Found geometry_msgs: 4.9.0 (/opt/ros/humble/share/geometry_msgs/cmake)
[0.932s] -- Found rosidl_generator_c: 3.1.8 (/opt/ros/humble/share/rosidl_generator_c/cmake)
[0.937s] -- Found rosidl_adapter: 3.1.8 (/opt/ros/humble/share/rosidl_adapter/cmake)
[0.945s] -- Found rosidl_generator_cpp: 3.1.8 (/opt/ros/humble/share/rosidl_generator_cpp/cmake)
[0.957s] -- Using all available rosidl_typesupport_c: rosidl_typesupport_fastrtps_c;rosidl_typesupport_introspection_c
[0.970s] -- Using all available rosidl_typesupport_cpp: rosidl_typesupport_fastrtps_cpp;rosidl_typesupport_introspection_cpp
[1.003s] -- Found rosidl_default_generators: 1.2.0 (/opt/ros/humble/share/rosidl_default_generators/cmake)
[1.242s] -- Found ament_cmake_ros: 0.10.0 (/opt/ros/humble/share/ament_cmake_ros/cmake)
[1.546s] -- Using all available rosidl_typesupport_c: rosidl_typesupport_fastrtps_c;rosidl_typesupport_introspection_c
[1.663s] -- Using all available rosidl_typesupport_cpp: rosidl_typesupport_fastrtps_cpp;rosidl_typesupport_introspection_cpp
[1.683s] -- Found PythonInterp: /usr/bin/python3 (found suitable version "3.10.12", minimum required is "3.6") 
[1.684s] -- Found python_cmake_module: 0.10.0 (/opt/ros/humble/share/python_cmake_module/cmake)
[1.708s] -- Found PythonLibs: /usr/lib/x86_64-linux-gnu/libpython3.10.so (found suitable version "3.10.12", minimum required is "3.5") 
[1.708s] -- Using PYTHON_EXECUTABLE: /usr/bin/python3
[1.708s] -- Using PYTHON_INCLUDE_DIRS: /usr/include/python3.10
[1.708s] -- Using PYTHON_LIBRARIES: /usr/lib/x86_64-linux-gnu/libpython3.10.so
[1.725s] -- Found PythonExtra: .so  
[1.768s] -- Found ament_lint_auto: 0.12.14 (/opt/ros/humble/share/ament_lint_auto/cmake)
[1.788s] -- Added test 'copyright' to check source files copyright and LICENSE
[1.790s] -- Added test 'lint_cmake' to check CMake code style
[1.791s] -- Added test 'xmllint' to check XML markup files
[1.793s] -- Configuring done
[1.820s] -- Generating done
[1.827s] -- Build files have been written to: /home/zak/anveshak/iroc/Iroc-26/ros2_ws/src/build/ros2_aruco_interfaces
[1.842s] Invoked command in '/home/zak/anveshak/iroc/Iroc-26/ros2_ws/src/build/ros2_aruco_interfaces' returned '0': CMAKE_PREFIX_PATH=${CMAKE_PREFIX_PATH}:/home/zak/anveshak/iroc/Iroc-26/ros2_ws/install/ros2_aruco:/opt/ros/humble /usr/bin/cmake /home/zak/anveshak/iroc/Iroc-26/ros2_ws/src/ros2_aruco_interfaces -DCMAKE_INSTALL_PREFIX=/home/zak/anveshak/iroc/Iroc-26/ros2_ws/src/install/ros2_aruco_interfaces
[1.843s] Invoking command in '/home/zak/anveshak/iroc/Iroc-26/ros2_ws/src/build/ros2_aruco_interfaces': CMAKE_PREFIX_PATH=${CMAKE_PREFIX_PATH}:/home/zak/anveshak/iroc/Iroc-26/ros2_ws/install/ros2_aruco:/opt/ros/humble /usr/bin/cmake --build /home/zak/anveshak/iroc/Iroc-26/ros2_ws/src/build/ros2_aruco_interfaces -- -j16 -l16
[1.880s] [  3%] [34m[1mGenerating C code for ROS interfaces[0m
[1.888s] [  6%] [34m[1mGenerating C++ code for ROS interfaces[0m
[1.896s] [  6%] Built target ament_cmake_python_copy_ros2_aruco_interfaces
[2.034s] running egg_info
[2.035s] creating ros2_aruco_interfaces.egg-info
[2.043s] writing ros2_aruco_interfaces.egg-info/PKG-INFO
[2.044s] writing dependency_links to ros2_aruco_interfaces.egg-info/dependency_links.txt
[2.044s] writing top-level names to ros2_aruco_interfaces.egg-info/top_level.txt
[2.044s] writing manifest file 'ros2_aruco_interfaces.egg-info/SOURCES.txt'
[2.060s] [  6%] Built target ros2_aruco_interfaces__cpp
[2.068s] [  9%] [32mBuilding C object CMakeFiles/ros2_aruco_interfaces__rosidl_generator_c.dir/rosidl_generator_c/ros2_aruco_interfaces/msg/detail/aruco_markers__functions.c.o[0m
[2.068s] [ 16%] [34m[1mGenerating C++ type support dispatch for ROS interfaces[0m
[2.068s] [ 16%] [34m[1mGenerating C++ type support for eProsima Fast-RTPS[0m
[2.069s] [ 19%] [34m[1mGenerating C++ introspection for ROS interfaces[0m
[2.072s] reading manifest file 'ros2_aruco_interfaces.egg-info/SOURCES.txt'
[2.072s] writing manifest file 'ros2_aruco_interfaces.egg-info/SOURCES.txt'
[2.121s] [ 19%] Built target ament_cmake_python_build_ros2_aruco_interfaces_egg
[2.129s] [ 22%] [32m[1mLinking C shared library libros2_aruco_interfaces__rosidl_generator_c.so[0m
[2.164s] [ 22%] Built target ros2_aruco_interfaces__rosidl_generator_c
[2.174s] [ 29%] [34m[1mGenerating C type support for eProsima Fast-RTPS[0m
[2.174s] [ 29%] [34m[1mGenerating C introspection for ROS interfaces[0m
[2.174s] [ 32%] [34m[1mGenerating C type support dispatch for ROS interfaces[0m
[2.252s] [ 35%] [32mBuilding CXX object CMakeFiles/ros2_aruco_interfaces__rosidl_typesupport_cpp.dir/rosidl_typesupport_cpp/ros2_aruco_interfaces/msg/aruco_markers__type_support.cpp.o[0m
[2.259s] [ 38%] [32mBuilding CXX object CMakeFiles/ros2_aruco_interfaces__rosidl_typesupport_introspection_cpp.dir/rosidl_typesupport_introspection_cpp/ros2_aruco_interfaces/msg/detail/aruco_markers__type_support.cpp.o[0m
[2.263s] [ 41%] [32mBuilding CXX object CMakeFiles/ros2_aruco_interfaces__rosidl_typesupport_fastrtps_cpp.dir/rosidl_typesupport_fastrtps_cpp/ros2_aruco_interfaces/msg/detail/dds_fastrtps/aruco_markers__type_support.cpp.o[0m
[2.347s] [ 45%] [32mBuilding CXX object CMakeFiles/ros2_aruco_interfaces__rosidl_typesupport_c.dir/rosidl_typesupport_c/ros2_aruco_interfaces/msg/aruco_markers__type_support.cpp.o[0m
[2.375s] [ 51%] [32mBuilding C object CMakeFiles/ros2_aruco_interfaces__rosidl_typesupport_introspection_c.dir/rosidl_typesupport_introspection_c/ros2_aruco_interfaces/msg/detail/aruco_markers__type_support.c.o[0m
[2.375s] [ 51%] [32mBuilding CXX object CMakeFiles/ros2_aruco_interfaces__rosidl_typesupport_fastrtps_c.dir/rosidl_typesupport_fastrtps_c/ros2_aruco_interfaces/msg/detail/aruco_markers__type_support_c.cpp.o[0m
[2.375s] [ 54%] [32m[1mLinking CXX shared library libros2_aruco_interfaces__rosidl_typesupport_c.so[0m
[2.414s] [ 58%] [32m[1mLinking C shared library libros2_aruco_interfaces__rosidl_typesupport_introspection_c.so[0m
[2.414s] [ 58%] Built target ros2_aruco_interfaces__rosidl_typesupport_c
[2.446s] [ 58%] Built target ros2_aruco_interfaces__rosidl_typesupport_introspection_c
[2.465s] [ 61%] [32m[1mLinking CXX shared library libros2_aruco_interfaces__rosidl_typesupport_cpp.so[0m
[2.500s] [ 61%] Built target ros2_aruco_interfaces__rosidl_typesupport_cpp
[2.590s] [ 67%] [32m[1mLinking CXX shared library libros2_aruco_interfaces__rosidl_typesupport_fastrtps_c.so[0m
[2.590s] [ 67%] [32m[1mLinking CXX shared library libros2_aruco_interfaces__rosidl_typesupport_introspection_cpp.so[0m
[2.603s] [ 70%] [32m[1mLinking CXX shared library libros2_aruco_interfaces__rosidl_typesupport_fastrtps_cpp.so[0m
[2.653s] [ 70%] Built target ros2_aruco_interfaces__rosidl_typesupport_introspection_cpp
[2.653s] [ 70%] Built target ros2_aruco_interfaces__rosidl_typesupport_fastrtps_c
[2.669s] [ 70%] Built target ros2_aruco_interfaces__rosidl_typesupport_fastrtps_cpp
[2.687s] [ 70%] Built target ros2_aruco_interfaces
[2.708s] [ 74%] [34m[1mGenerating Python code for ROS interfaces[0m
[2.891s] [ 74%] Built target ros2_aruco_interfaces__py
[2.909s] [ 77%] [32mBuilding C object CMakeFiles/ros2_aruco_interfaces__rosidl_generator_py.dir/rosidl_generator_py/ros2_aruco_interfaces/msg/_aruco_markers_s.c.o[0m
[3.008s] [ 80%] [32m[1mLinking C shared library rosidl_generator_py/ros2_aruco_interfaces/libros2_aruco_interfaces__rosidl_generator_py.so[0m
[3.047s] [ 80%] Built target ros2_aruco_interfaces__rosidl_generator_py
[3.065s] [ 87%] [32mBuilding C object CMakeFiles/ros2_aruco_interfaces__rosidl_typesupport_fastrtps_c__pyext.dir/rosidl_generator_py/ros2_aruco_interfaces/_ros2_aruco_interfaces_s.ep.rosidl_typesupport_fastrtps_c.c.o[0m
[3.065s] [ 87%] [32mBuilding C object CMakeFiles/ros2_aruco_interfaces__rosidl_typesupport_introspection_c__pyext.dir/rosidl_generator_py/ros2_aruco_interfaces/_ros2_aruco_interfaces_s.ep.rosidl_typesupport_introspection_c.c.o[0m
[3.066s] [ 90%] [32mBuilding C object CMakeFiles/ros2_aruco_interfaces__rosidl_typesupport_c__pyext.dir/rosidl_generator_py/ros2_aruco_interfaces/_ros2_aruco_interfaces_s.ep.rosidl_typesupport_c.c.o[0m
[3.133s] [100%] [32m[1mLinking C shared library rosidl_generator_py/ros2_aruco_interfaces/ros2_aruco_interfaces_s__rosidl_typesupport_introspection_c.cpython-310-x86_64-linux-gnu.so[0m
[3.133s] [100%] [32m[1mLinking C shared library rosidl_generator_py/ros2_aruco_interfaces/ros2_aruco_interfaces_s__rosidl_typesupport_fastrtps_c.cpython-310-x86_64-linux-gnu.so[0m
[3.133s] [100%] [32m[1mLinking C shared library rosidl_generator_py/ros2_aruco_interfaces/ros2_aruco_interfaces_s__rosidl_typesupport_c.cpython-310-x86_64-linux-gnu.so[0m
[3.162s] [100%] Built target ros2_aruco_interfaces__rosidl_typesupport_c__pyext
[3.162s] [100%] Built target ros2_aruco_interfaces__rosidl_typesupport_introspection_c__pyext
[3.167s] [100%] Built target ros2_aruco_interfaces__rosidl_typesupport_fastrtps_c__pyext
[3.178s] Invoked command in '/home/zak/anveshak/iroc/Iroc-26/ros2_ws/src/build/ros2_aruco_interfaces' returned '0': CMAKE_PREFIX_PATH=${CMAKE_PREFIX_PATH}:/home/zak/anveshak/iroc/Iroc-26/ros2_ws/install/ros2_aruco:/opt/ros/humble /usr/bin/cmake --build /home/zak/anveshak/iroc/Iroc-26/ros2_ws/src/build/ros2_aruco_interfaces -- -j16 -l16
[3.188s] Invoking command in '/home/zak/anveshak/iroc/Iroc-26/ros2_ws/src/build/ros2_aruco_interfaces': CMAKE_PREFIX_PATH=${CMAKE_PREFIX_PATH}:/home/zak/anveshak/iroc/Iroc-26/ros2_ws/install/ros2_aruco:/opt/ros/humble /usr/bin/cmake --install /home/zak/anveshak/iroc/Iroc-26/ros2_ws/src/build/ros2_aruco_interfaces
[3.196s] -- Install configuration: ""
[3.196s] -- Installing: /home/zak/anveshak/iroc/Iroc-26/ros2_ws/src/install/ros2_aruco_interfaces/share/ament_index/resource_index/rosidl_interfaces/ros2_aruco_interfaces
[3.196s] -- Installing: /home/zak/anveshak/iroc/Iroc-26/ros2_ws/src/install/ros2_aruco_interfaces/include/ros2_aruco_interfaces/ros2_aruco_interfaces
[3.196s] -- Installing: /home/zak/anveshak/iroc/Iroc-26/ros2_ws/src/install/ros2_aruco_interfaces/include/ros2_aruco_interfaces/ros2_aruco_interfaces/msg
[3.197s] -- Installing: /home/zak/anveshak/iroc/Iroc-26/ros2_ws/src/install/ros2_aruco_interfaces/include/ros2_aruco_interfaces/ros2_aruco_interfaces/msg/aruco_markers.h
[3.197s] -- Installing: /home/zak/anveshak/iroc/Iroc-26/ros2_ws/src/install/ros2_aruco_interfaces/include/ros2_aruco_interfaces/ros2_aruco_interfaces/msg/rosidl_generator_c__visibility_control.h
[3.197s] -- Installing: /home/zak/anveshak/iroc/Iroc-26/ros2_ws/src/install/ros2_aruco_interfaces/include/ros2_aruco_interfaces/ros2_aruco_interfaces/msg/detail
[3.197s] -- Installing: /home/zak/anveshak/iroc/Iroc-26/ros2_ws/src/install/ros2_aruco_interfaces/include/ros2_aruco_interfaces/ros2_aruco_interfaces/msg/detail/aruco_markers__type_support.h
[3.197s] -- Installing: /home/zak/anveshak/iroc/Iroc-26/ros2_ws/src/install/ros2_aruco_interfaces/include/ros2_aruco_interfaces/ros2_aruco_interfaces/msg/detail/aruco_markers__functions.h
[3.197s] -- Installing: /home/zak/anveshak/iroc/Iroc-26/ros2_ws/src/install/ros2_aruco_interfaces/include/ros2_aruco_interfaces/ros2_aruco_interfaces/msg/detail/aruco_markers__struct.h
[3.197s] -- Installing: /home/zak/anveshak/iroc/Iroc-26/ros2_ws/src/install/ros2_aruco_interfaces/include/ros2_aruco_interfaces/ros2_aruco_interfaces/msg/detail/aruco_markers__functions.c
[3.197s] -- Installing: /home/zak/anveshak/iroc/Iroc-26/ros2_ws/src/install/ros2_aruco_interfaces/share/ros2_aruco_interfaces/environment/library_path.sh
[3.197s] -- Installing: /home/zak/anveshak/iroc/Iroc-26/ros2_ws/src/install/ros2_aruco_interfaces/share/ros2_aruco_interfaces/environment/library_path.dsv
[3.197s] -- Installing: /home/zak/anveshak/iroc/Iroc-26/ros2_ws/src/install/ros2_aruco_interfaces/lib/libros2_aruco_interfaces__rosidl_generator_c.so
[3.197s] -- Set runtime path of "/home/zak/anveshak/iroc/Iroc-26/ros2_ws/src/install/ros2_aruco_interfaces/lib/libros2_aruco_interfaces__rosidl_generator_c.so" to ""
[3.198s] -- Up-to-date: /home/zak/anveshak/iroc/Iroc-26/ros2_ws/src/install/ros2_aruco_interfaces/include/ros2_aruco_interfaces/ros2_aruco_interfaces
[3.198s] -- Up-to-date: /home/zak/anveshak/iroc/Iroc-26/ros2_ws/src/install/ros2_aruco_interfaces/include/ros2_aruco_interfaces/ros2_aruco_interfaces/msg
[3.198s] -- Installing: /home/zak/anveshak/iroc/Iroc-26/ros2_ws/src/install/ros2_aruco_interfaces/include/ros2_aruco_interfaces/ros2_aruco_interfaces/msg/rosidl_typesupport_fastrtps_c__visibility_control.h
[3.198s] -- Up-to-date: /home/zak/anveshak/iroc/Iroc-26/ros2_ws/src/install/ros2_aruco_interfaces/include/ros2_aruco_interfaces/ros2_aruco_interfaces/msg/detail
[3.198s] -- Installing: /home/zak/anveshak/iroc/Iroc-26/ros2_ws/src/install/ros2_aruco_interfaces/include/ros2_aruco_interfaces/ros2_aruco_interfaces/msg/detail/aruco_markers__rosidl_typesupport_fastrtps_c.h
[3.198s] -- Installing: /home/zak/anveshak/iroc/Iroc-26/ros2_ws/src/install/ros2_aruco_interfaces/lib/libros2_aruco_interfaces__rosidl_typesupport_fastrtps_c.so
[3.198s] -- Set runtime path of "/home/zak/anveshak/iroc/Iroc-26/ros2_ws/src/install/ros2_aruco_interfaces/lib/libros2_aruco_interfaces__rosidl_typesupport_fastrtps_c.so" to ""
[3.198s] -- Up-to-date: /home/zak/anveshak/iroc/Iroc-26/ros2_ws/src/install/ros2_aruco_interfaces/include/ros2_aruco_interfaces/ros2_aruco_interfaces
[3.198s] -- Up-to-date: /home/zak/anveshak/iroc/Iroc-26/ros2_ws/src/install/ros2_aruco_interfaces/include/ros2_aruco_interfaces/ros2_aruco_interfaces/msg
[3.198s] -- Installing: /home/zak/anveshak/iroc/Iroc-26/ros2_ws/src/install/ros2_aruco_interfaces/include/ros2_aruco_interfaces/ros2_aruco_interfaces/msg/rosidl_generator_cpp__visibility_control.hpp
[3.198s] -- Up-to-date: /home/zak/anveshak/iroc/Iroc-26/ros2_ws/src/install/ros2_aruco_interfaces/include/ros2_aruco_interfaces/ros2_aruco_interfaces/msg/detail
[3.198s] -- Installing: /home/zak/anveshak/iroc/Iroc-26/ros2_ws/src/install/ros2_aruco_interfaces/include/ros2_aruco_interfaces/ros2_aruco_interfaces/msg/detail/aruco_markers__builder.hpp
[3.198s] -- Installing: /home/zak/anveshak/iroc/Iroc-26/ros2_ws/src/install/ros2_aruco_interfaces/include/ros2_aruco_interfaces/ros2_aruco_interfaces/msg/detail/aruco_markers__type_support.hpp
[3.198s] -- Installing: /home/zak/anveshak/iroc/Iroc-26/ros2_ws/src/install/ros2_aruco_interfaces/include/ros2_aruco_interfaces/ros2_aruco_interfaces/msg/detail/aruco_markers__traits.hpp
[3.199s] -- Installing: /home/zak/anveshak/iroc/Iroc-26/ros2_ws/src/install/ros2_aruco_interfaces/include/ros2_aruco_interfaces/ros2_aruco_interfaces/msg/detail/aruco_markers__struct.hpp
[3.199s] -- Installing: /home/zak/anveshak/iroc/Iroc-26/ros2_ws/src/install/ros2_aruco_interfaces/include/ros2_aruco_interfaces/ros2_aruco_interfaces/msg/aruco_markers.hpp
[3.199s] -- Up-to-date: /home/zak/anveshak/iroc/Iroc-26/ros2_ws/src/install/ros2_aruco_interfaces/include/ros2_aruco_interfaces/ros2_aruco_interfaces
[3.199s] -- Up-to-date: /home/zak/anveshak/iroc/Iroc-26/ros2_ws/src/install/ros2_aruco_interfaces/include/ros2_aruco_interfaces/ros2_aruco_interfaces/msg
[3.199s] -- Installing: /home/zak/anveshak/iroc/Iroc-26/ros2_ws/src/install/ros2_aruco_interfaces/include/ros2_aruco_interfaces/ros2_aruco_interfaces/msg/rosidl_typesupport_fastrtps_cpp__visibility_control.h
[3.199s] -- Up-to-date: /home/zak/anveshak/iroc/Iroc-26/ros2_ws/src/install/ros2_aruco_interfaces/include/ros2_aruco_interfaces/ros2_aruco_interfaces/msg/detail
[3.199s] -- Installing: /home/zak/anveshak/iroc/Iroc-26/ros2_ws/src/install/ros2_aruco_interfaces/include/ros2_aruco_interfaces/ros2_aruco_interfaces/msg/detail/dds_fastrtps
[3.199s] -- Installing: /home/zak/anveshak/iroc/Iroc-26/ros2_ws/src/install/ros2_aruco_interfaces/include/ros2_aruco_interfaces/ros2_aruco_interfaces/msg/detail/aruco_markers__rosidl_typesupport_fastrtps_cpp.hpp
[3.199s] -- Installing: /home/zak/anveshak/iroc/Iroc-26/ros2_ws/src/install/ros2_aruco_interfaces/lib/libros2_aruco_interfaces__rosidl_typesupport_fastrtps_cpp.so
[3.200s] -- Set runtime path of "/home/zak/anveshak/iroc/Iroc-26/ros2_ws/src/install/ros2_aruco_interfaces/lib/libros2_aruco_interfaces__rosidl_typesupport_fastrtps_cpp.so" to ""
[3.200s] -- Up-to-date: /home/zak/anveshak/iroc/Iroc-26/ros2_ws/src/install/ros2_aruco_interfaces/include/ros2_aruco_interfaces/ros2_aruco_interfaces
[3.200s] -- Up-to-date: /home/zak/anveshak/iroc/Iroc-26/ros2_ws/src/install/ros2_aruco_interfaces/include/ros2_aruco_interfaces/ros2_aruco_interfaces/msg
[3.200s] -- Installing: /home/zak/anveshak/iroc/Iroc-26/ros2_ws/src/install/ros2_aruco_interfaces/include/ros2_aruco_interfaces/ros2_aruco_interfaces/msg/rosidl_typesupport_introspection_c__visibility_control.h
[3.200s] -- Up-to-date: /home/zak/anveshak/iroc/Iroc-26/ros2_ws/src/install/ros2_aruco_interfaces/include/ros2_aruco_interfaces/ros2_aruco_interfaces/msg/detail
[3.200s] -- Installing: /home/zak/anveshak/iroc/Iroc-26/ros2_ws/src/install/ros2_aruco_interfaces/include/ros2_aruco_interfaces/ros2_aruco_interfaces/msg/detail/aruco_markers__type_support.c
[3.200s] -- Installing: /home/zak/anveshak/iroc/Iroc-26/ros2_ws/src/install/ros2_aruco_interfaces/include/ros2_aruco_interfaces/ros2_aruco_interfaces/msg/detail/aruco_markers__rosidl_typesupport_introspection_c.h
[3.200s] -- Installing: /home/zak/anveshak/iroc/Iroc-26/ros2_ws/src/install/ros2_aruco_interfaces/lib/libros2_aruco_interfaces__rosidl_typesupport_introspection_c.so
[3.200s] -- Set runtime path of "/home/zak/anveshak/iroc/Iroc-26/ros2_ws/src/install/ros2_aruco_interfaces/lib/libros2_aruco_interfaces__rosidl_typesupport_introspection_c.so" to ""
[3.200s] -- Installing: /home/zak/anveshak/iroc/Iroc-26/ros2_ws/src/install/ros2_aruco_interfaces/lib/libros2_aruco_interfaces__rosidl_typesupport_c.so
[3.200s] -- Set runtime path of "/home/zak/anveshak/iroc/Iroc-26/ros2_ws/src/install/ros2_aruco_interfaces/lib/libros2_aruco_interfaces__rosidl_typesupport_c.so" to ""
[3.200s] -- Up-to-date: /home/zak/anveshak/iroc/Iroc-26/ros2_ws/src/install/ros2_aruco_interfaces/include/ros2_aruco_interfaces/ros2_aruco_interfaces
[3.201s] -- Up-to-date: /home/zak/anveshak/iroc/Iroc-26/ros2_ws/src/install/ros2_aruco_interfaces/include/ros2_aruco_interfaces/ros2_aruco_interfaces/msg
[3.201s] -- Up-to-date: /home/zak/anveshak/iroc/Iroc-26/ros2_ws/src/install/ros2_aruco_interfaces/include/ros2_aruco_interfaces/ros2_aruco_interfaces/msg/detail
[3.201s] -- Installing: /home/zak/anveshak/iroc/Iroc-26/ros2_ws/src/install/ros2_aruco_interfaces/include/ros2_aruco_interfaces/ros2_aruco_interfaces/msg/detail/aruco_markers__type_support.cpp
[3.201s] -- Installing: /home/zak/anveshak/iroc/Iroc-26/ros2_ws/src/install/ros2_aruco_interfaces/include/ros2_aruco_interfaces/ros2_aruco_interfaces/msg/detail/aruco_markers__rosidl_typesupport_introspection_cpp.hpp
[3.201s] -- Installing: /home/zak/anveshak/iroc/Iroc-26/ros2_ws/src/install/ros2_aruco_interfaces/lib/libros2_aruco_interfaces__rosidl_typesupport_introspection_cpp.so
[3.201s] -- Set runtime path of "/home/zak/anveshak/iroc/Iroc-26/ros2_ws/src/install/ros2_aruco_interfaces/lib/libros2_aruco_interfaces__rosidl_typesupport_introspection_cpp.so" to ""
[3.201s] -- Installing: /home/zak/anveshak/iroc/Iroc-26/ros2_ws/src/install/ros2_aruco_interfaces/lib/libros2_aruco_interfaces__rosidl_typesupport_cpp.so
[3.201s] -- Set runtime path of "/home/zak/anveshak/iroc/Iroc-26/ros2_ws/src/install/ros2_aruco_interfaces/lib/libros2_aruco_interfaces__rosidl_typesupport_cpp.so" to ""
[3.201s] -- Installing: /home/zak/anveshak/iroc/Iroc-26/ros2_ws/src/install/ros2_aruco_interfaces/share/ros2_aruco_interfaces/environment/pythonpath.sh
[3.202s] -- Installing: /home/zak/anveshak/iroc/Iroc-26/ros2_ws/src/install/ros2_aruco_interfaces/share/ros2_aruco_interfaces/environment/pythonpath.dsv
[3.202s] -- Installing: /home/zak/anveshak/iroc/Iroc-26/ros2_ws/src/install/ros2_aruco_interfaces/local/lib/python3.10/dist-packages/ros2_aruco_interfaces-0.1.0-py3.10.egg-info
[3.202s] -- Installing: /home/zak/anveshak/iroc/Iroc-26/ros2_ws/src/install/ros2_aruco_interfaces/local/lib/python3.10/dist-packages/ros2_aruco_interfaces-0.1.0-py3.10.egg-info/dependency_links.txt
[3.202s] -- Installing: /home/zak/anveshak/iroc/Iroc-26/ros2_ws/src/install/ros2_aruco_interfaces/local/lib/python3.10/dist-packages/ros2_aruco_interfaces-0.1.0-py3.10.egg-info/SOURCES.txt
[3.202s] -- Installing: /home/zak/anveshak/iroc/Iroc-26/ros2_ws/src/install/ros2_aruco_interfaces/local/lib/python3.10/dist-packages/ros2_aruco_interfaces-0.1.0-py3.10.egg-info/top_level.txt
[3.202s] -- Installing: /home/zak/anveshak/iroc/Iroc-26/ros2_ws/src/install/ros2_aruco_interfaces/local/lib/python3.10/dist-packages/ros2_aruco_interfaces-0.1.0-py3.10.egg-info/PKG-INFO
[3.202s] -- Installing: /home/zak/anveshak/iroc/Iroc-26/ros2_ws/src/install/ros2_aruco_interfaces/local/lib/python3.10/dist-packages/ros2_aruco_interfaces
[3.202s] -- Installing: /home/zak/anveshak/iroc/Iroc-26/ros2_ws/src/install/ros2_aruco_interfaces/local/lib/python3.10/dist-packages/ros2_aruco_interfaces/ros2_aruco_interfaces_s__rosidl_typesupport_fastrtps_c.cpython-310-x86_64-linux-gnu.so
[3.202s] -- Installing: /home/zak/anveshak/iroc/Iroc-26/ros2_ws/src/install/ros2_aruco_interfaces/local/lib/python3.10/dist-packages/ros2_aruco_interfaces/ros2_aruco_interfaces_s__rosidl_typesupport_introspection_c.cpython-310-x86_64-linux-gnu.so
[3.202s] -- Installing: /home/zak/anveshak/iroc/Iroc-26/ros2_ws/src/install/ros2_aruco_interfaces/local/lib/python3.10/dist-packages/ros2_aruco_interfaces/__init__.py
[3.203s] -- Installing: /home/zak/anveshak/iroc/Iroc-26/ros2_ws/src/install/ros2_aruco_interfaces/local/lib/python3.10/dist-packages/ros2_aruco_interfaces/_ros2_aruco_interfaces_s.ep.rosidl_typesupport_introspection_c.c
[3.203s] -- Installing: /home/zak/anveshak/iroc/Iroc-26/ros2_ws/src/install/ros2_aruco_interfaces/local/lib/python3.10/dist-packages/ros2_aruco_interfaces/libros2_aruco_interfaces__rosidl_generator_py.so
[3.203s] -- Installing: /home/zak/anveshak/iroc/Iroc-26/ros2_ws/src/install/ros2_aruco_interfaces/local/lib/python3.10/dist-packages/ros2_aruco_interfaces/_ros2_aruco_interfaces_s.ep.rosidl_typesupport_c.c
[3.203s] -- Installing: /home/zak/anveshak/iroc/Iroc-26/ros2_ws/src/install/ros2_aruco_interfaces/local/lib/python3.10/dist-packages/ros2_aruco_interfaces/ros2_aruco_interfaces_s__rosidl_typesupport_c.cpython-310-x86_64-linux-gnu.so
[3.203s] -- Installing: /home/zak/anveshak/iroc/Iroc-26/ros2_ws/src/install/ros2_aruco_interfaces/local/lib/python3.10/dist-packages/ros2_aruco_interfaces/_ros2_aruco_interfaces_s.ep.rosidl_typesupport_fastrtps_c.c
[3.203s] -- Installing: /home/zak/anveshak/iroc/Iroc-26/ros2_ws/src/install/ros2_aruco_interfaces/local/lib/python3.10/dist-packages/ros2_aruco_interfaces/msg
[3.203s] -- Installing: /home/zak/anveshak/iroc/Iroc-26/ros2_ws/src/install/ros2_aruco_interfaces/local/lib/python3.10/dist-packages/ros2_aruco_interfaces/msg/__init__.py
[3.203s] -- Installing: /home/zak/anveshak/iroc/Iroc-26/ros2_ws/src/install/ros2_aruco_interfaces/local/lib/python3.10/dist-packages/ros2_aruco_interfaces/msg/_aruco_markers_s.c
[3.203s] -- Installing: /home/zak/anveshak/iroc/Iroc-26/ros2_ws/src/install/ros2_aruco_interfaces/local/lib/python3.10/dist-packages/ros2_aruco_interfaces/msg/_aruco_markers.py
[3.227s] Listing '/home/zak/anveshak/iroc/Iroc-26/ros2_ws/src/install/ros2_aruco_interfaces/local/lib/python3.10/dist-packages/ros2_aruco_interfaces'...
[3.228s] Compiling '/home/zak/anveshak/iroc/Iroc-26/ros2_ws/src/install/ros2_aruco_interfaces/local/lib/python3.10/dist-packages/ros2_aruco_interfaces/__init__.py'...
[3.228s] Listing '/home/zak/anveshak/iroc/Iroc-26/ros2_ws/src/install/ros2_aruco_interfaces/local/lib/python3.10/dist-packages/ros2_aruco_interfaces/msg'...
[3.228s] Compiling '/home/zak/anveshak/iroc/Iroc-26/ros2_ws/src/install/ros2_aruco_interfaces/local/lib/python3.10/dist-packages/ros2_aruco_interfaces/msg/__init__.py'...
[3.228s] Compiling '/home/zak/anveshak/iroc/Iroc-26/ros2_ws/src/install/ros2_aruco_interfaces/local/lib/python3.10/dist-packages/ros2_aruco_interfaces/msg/_aruco_markers.py'...
[3.231s] -- Installing: /home/zak/anveshak/iroc/Iroc-26/ros2_ws/src/install/ros2_aruco_interfaces/local/lib/python3.10/dist-packages/ros2_aruco_interfaces/ros2_aruco_interfaces_s__rosidl_typesupport_fastrtps_c.cpython-310-x86_64-linux-gnu.so
[3.231s] -- Set runtime path of "/home/zak/anveshak/iroc/Iroc-26/ros2_ws/src/install/ros2_aruco_interfaces/local/lib/python3.10/dist-packages/ros2_aruco_interfaces/ros2_aruco_interfaces_s__rosidl_typesupport_fastrtps_c.cpython-310-x86_64-linux-gnu.so" to ""
[3.231s] -- Installing: /home/zak/anveshak/iroc/Iroc-26/ros2_ws/src/install/ros2_aruco_interfaces/local/lib/python3.10/dist-packages/ros2_aruco_interfaces/ros2_aruco_interfaces_s__rosidl_typesupport_introspection_c.cpython-310-x86_64-linux-gnu.so
[3.231s] -- Set runtime path of "/home/zak/anveshak/iroc/Iroc-26/ros2_ws/src/install/ros2_aruco_interfaces/local/lib/python3.10/dist-packages/ros2_aruco_interfaces/ros2_aruco_interfaces_s__rosidl_typesupport_introspection_c.cpython-310-x86_64-linux-gnu.so" to ""
[3.231s] -- Installing: /home/zak/anveshak/iroc/Iroc-26/ros2_ws/src/install/ros2_aruco_interfaces/local/lib/python3.10/dist-packages/ros2_aruco_interfaces/ros2_aruco_interfaces_s__rosidl_typesupport_c.cpython-310-x86_64-linux-gnu.so
[3.232s] -- Set runtime path of "/home/zak/anveshak/iroc/Iroc-26/ros2_ws/src/install/ros2_aruco_interfaces/local/lib/python3.10/dist-packages/ros2_aruco_interfaces/ros2_aruco_interfaces_s__rosidl_typesupport_c.cpython-310-x86_64-linux-gnu.so" to ""
[3.232s] -- Installing: /home/zak/anveshak/iroc/Iroc-26/ros2_ws/src/install/ros2_aruco_interfaces/lib/libros2_aruco_interfaces__rosidl_generator_py.so
[3.232s] -- Set runtime path of "/home/zak/anveshak/iroc/Iroc-26/ros2_ws/src/install/ros2_aruco_interfaces/lib/libros2_aruco_interfaces__rosidl_generator_py.so" to ""
[3.232s] -- Installing: /home/zak/anveshak/iroc/Iroc-26/ros2_ws/src/install/ros2_aruco_interfaces/share/ros2_aruco_interfaces/msg/ArucoMarkers.idl
[3.232s] -- Installing: /home/zak/anveshak/iroc/Iroc-26/ros2_ws/src/install/ros2_aruco_interfaces/share/ros2_aruco_interfaces/msg/ArucoMarkers.msg
[3.232s] -- Installing: /home/zak/anveshak/iroc/Iroc-26/ros2_ws/src/install/ros2_aruco_interfaces/share/ament_index/resource_index/package_run_dependencies/ros2_aruco_interfaces
[3.232s] -- Installing: /home/zak/anveshak/iroc/Iroc-26/ros2_ws/src/install/ros2_aruco_interfaces/share/ament_index/resource_index/parent_prefix_path/ros2_aruco_interfaces
[3.233s] -- Installing: /home/zak/anveshak/iroc/Iroc-26/ros2_ws/src/install/ros2_aruco_interfaces/share/ros2_aruco_interfaces/environment/ament_prefix_path.sh
[3.233s] -- Installing: /home/zak/anveshak/iroc/Iroc-26/ros2_ws/src/install/ros2_aruco_interfaces/share/ros2_aruco_interfaces/environment/ament_prefix_path.dsv
[3.233s] -- Installing: /home/zak/anveshak/iroc/Iroc-26/ros2_ws/src/install/ros2_aruco_interfaces/share/ros2_aruco_interfaces/environment/path.sh
[3.233s] -- Installing: /home/zak/anveshak/iroc/Iroc-26/ros2_ws/src/install/ros2_aruco_interfaces/share/ros2_aruco_interfaces/environment/path.dsv
[3.233s] -- Installing: /home/zak/anveshak/iroc/Iroc-26/ros2_ws/src/install/ros2_aruco_interfaces/share/ros2_aruco_interfaces/local_setup.bash
[3.233s] -- Installing: /home/zak/anveshak/iroc/Iroc-26/ros2_ws/src/install/ros2_aruco_interfaces/share/ros2_aruco_interfaces/local_setup.sh
[3.233s] -- Installing: /home/zak/anveshak/iroc/Iroc-26/ros2_ws/src/install/ros2_aruco_interfaces/share/ros2_aruco_interfaces/local_setup.zsh
[3.233s] -- Installing: /home/zak/anveshak/iroc/Iroc-26/ros2_ws/src/install/ros2_aruco_interfaces/share/ros2_aruco_interfaces/local_setup.dsv
[3.233s] -- Installing: /home/zak/anveshak/iroc/Iroc-26/ros2_ws/src/install/ros2_aruco_interfaces/share/ros2_aruco_interfaces/package.dsv
[3.233s] -- Installing: /home/zak/anveshak/iroc/Iroc-26/ros2_ws/src/install/ros2_aruco_interfaces/share/ament_index/resource_index/packages/ros2_aruco_interfaces
[3.234s] -- Installing: /home/zak/anveshak/iroc/Iroc-26/ros2_ws/src/install/ros2_aruco_interfaces/share/ros2_aruco_interfaces/cmake/export_ros2_aruco_interfaces__rosidl_generator_cExport.cmake
[3.234s] -- Installing: /home/zak/anveshak/iroc/Iroc-26/ros2_ws/src/install/ros2_aruco_interfaces/share/ros2_aruco_interfaces/cmake/export_ros2_aruco_interfaces__rosidl_generator_cExport-noconfig.cmake
[3.234s] -- Installing: /home/zak/anveshak/iroc/Iroc-26/ros2_ws/src/install/ros2_aruco_interfaces/share/ros2_aruco_interfaces/cmake/export_ros2_aruco_interfaces__rosidl_typesupport_fastrtps_cExport.cmake
[3.234s] -- Installing: /home/zak/anveshak/iroc/Iroc-26/ros2_ws/src/install/ros2_aruco_interfaces/share/ros2_aruco_interfaces/cmake/export_ros2_aruco_interfaces__rosidl_typesupport_fastrtps_cExport-noconfig.cmake
[3.234s] -- Installing: /home/zak/anveshak/iroc/Iroc-26/ros2_ws/src/install/ros2_aruco_interfaces/share/ros2_aruco_interfaces/cmake/export_ros2_aruco_interfaces__rosidl_generator_cppExport.cmake
[3.234s] -- Installing: /home/zak/anveshak/iroc/Iroc-26/ros2_ws/src/install/ros2_aruco_interfaces/share/ros2_aruco_interfaces/cmake/export_ros2_aruco_interfaces__rosidl_typesupport_fastrtps_cppExport.cmake
[3.234s] -- Installing: /home/zak/anveshak/iroc/Iroc-26/ros2_ws/src/install/ros2_aruco_interfaces/share/ros2_aruco_interfaces/cmake/export_ros2_aruco_interfaces__rosidl_typesupport_fastrtps_cppExport-noconfig.cmake
[3.234s] -- Installing: /home/zak/anveshak/iroc/Iroc-26/ros2_ws/src/install/ros2_aruco_interfaces/share/ros2_aruco_interfaces/cmake/ros2_aruco_interfaces__rosidl_typesupport_introspection_cExport.cmake
[3.235s] -- Installing: /home/zak/anveshak/iroc/Iroc-26/ros2_ws/src/install/ros2_aruco_interfaces/share/ros2_aruco_interfaces/cmake/ros2_aruco_interfaces__rosidl_typesupport_introspection_cExport-noconfig.cmake
[3.235s] -- Installing: /home/zak/anveshak/iroc/Iroc-26/ros2_ws/src/install/ros2_aruco_interfaces/share/ros2_aruco_interfaces/cmake/ros2_aruco_interfaces__rosidl_typesupport_cExport.cmake
[3.235s] -- Installing: /home/zak/anveshak/iroc/Iroc-26/ros2_ws/src/install/ros2_aruco_interfaces/share/ros2_aruco_interfaces/cmake/ros2_aruco_interfaces__rosidl_typesupport_cExport-noconfig.cmake
[3.235s] -- Installing: /home/zak/anveshak/iroc/Iroc-26/ros2_ws/src/install/ros2_aruco_interfaces/share/ros2_aruco_interfaces/cmake/ros2_aruco_interfaces__rosidl_typesupport_introspection_cppExport.cmake
[3.235s] -- Installing: /home/zak/anveshak/iroc/Iroc-26/ros2_ws/src/install/ros2_aruco_interfaces/share/ros2_aruco_interfaces/cmake/ros2_aruco_interfaces__rosidl_typesupport_introspection_cppExport-noconfig.cmake
[3.235s] -- Installing: /home/zak/anveshak/iroc/Iroc-26/ros2_ws/src/install/ros2_aruco_interfaces/share/ros2_aruco_interfaces/cmake/ros2_aruco_interfaces__rosidl_typesupport_cppExport.cmake
[3.235s] -- Installing: /home/zak/anveshak/iroc/Iroc-26/ros2_ws/src/install/ros2_aruco_interfaces/share/ros2_aruco_interfaces/cmake/ros2_aruco_interfaces__rosidl_typesupport_cppExport-noconfig.cmake
[3.235s] -- Installing: /home/zak/anveshak/iroc/Iroc-26/ros2_ws/src/install/ros2_aruco_interfaces/share/ros2_aruco_interfaces/cmake/export_ros2_aruco_interfaces__rosidl_generator_pyExport.cmake
[3.235s] -- Installing: /home/zak/anveshak/iroc/Iroc-26/ros2_ws/src/install/ros2_aruco_interfaces/share/ros2_aruco_interfaces/cmake/export_ros2_aruco_interfaces__rosidl_generator_pyExport-noconfig.cmake
[3.236s] -- Installing: /home/zak/anveshak/iroc/Iroc-26/ros2_ws/src/install/ros2_aruco_interfaces/share/ros2_aruco_interfaces/cmake/rosidl_cmake-extras.cmake
[3.236s] -- Installing: /home/zak/anveshak/iroc/Iroc-26/ros2_ws/src/install/ros2_aruco_interfaces/share/ros2_aruco_interfaces/cmake/ament_cmake_export_dependencies-extras.cmake
[3.236s] -- Installing: /home/zak/anveshak/iroc/Iroc-26/ros2_ws/src/install/ros2_aruco_interfaces/share/ros2_aruco_interfaces/cmake/ament_cmake_export_include_directories-extras.cmake
[3.236s] -- Installing: /home/zak/anveshak/iroc/Iroc-26/ros2_ws/src/install/ros2_aruco_interfaces/share/ros2_aruco_interfaces/cmake/ament_cmake_export_libraries-extras.cmake
[3.236s] -- Installing: /home/zak/anveshak/iroc/Iroc-26/ros2_ws/src/install/ros2_aruco_interfaces/share/ros2_aruco_interfaces/cmake/ament_cmake_export_targets-extras.cmake
[3.236s] -- Installing: /home/zak/anveshak/iroc/Iroc-26/ros2_ws/src/install/ros2_aruco_interfaces/share/ros2_aruco_interfaces/cmake/rosidl_cmake_export_typesupport_targets-extras.cmake
[3.236s] -- Installing: /home/zak/anveshak/iroc/Iroc-26/ros2_ws/src/install/ros2_aruco_interfaces/share/ros2_aruco_interfaces/cmake/rosidl_cmake_export_typesupport_libraries-extras.cmake
[3.236s] -- Installing: /home/zak/anveshak/iroc/Iroc-26/ros2_ws/src/install/ros2_aruco_interfaces/share/ros2_aruco_interfaces/cmake/ros2_aruco_interfacesConfig.cmake
[3.236s] -- Installing: /home/zak/anveshak/iroc/Iroc-26/ros2_ws/src/install/ros2_aruco_interfaces/share/ros2_aruco_interfaces/cmake/ros2_aruco_interfacesConfig-version.cmake
[3.236s] -- Installing: /home/zak/anveshak/iroc/Iroc-26/ros2_ws/src/install/ros2_aruco_interfaces/share/ros2_aruco_interfaces/package.xml
[3.239s] Invoked command in '/home/zak/anveshak/iroc/Iroc-26/ros2_ws/src/build/ros2_aruco_interfaces' returned '0': CMAKE_PREFIX_PATH=${CMAKE_PREFIX_PATH}:/home/zak/anveshak/iroc/Iroc-26/ros2_ws/install/ros2_aruco:/opt/ros/humble /usr/bin/cmake --install /home/zak/anveshak/iroc/Iroc-26/ros2_ws/src/build/ros2_aruco_interfaces
