[0.376s] Invoking command in '/home/avg/anveshak/iroc/Iroc-26/ros2_ws/src/ros2_aruco': PYTHONPATH=/home/avg/anveshak/iroc/Iroc-26/ros2_ws/build/ros2_aruco/prefix_override:/usr/lib/python3/dist-packages/colcon_core/task/python/colcon_distutils_commands:/home/avg/anveshak/iroc/Iroc-26/ros2_ws/install/ros2_aruco/lib/python3.10/site-packages:${PYTHONPATH} /usr/bin/python3 -W ignore:setup.py install is deprecated -W ignore:easy_install command is deprecated setup.py egg_info --egg-base ../../build/ros2_aruco build --build-base /home/avg/anveshak/iroc/Iroc-26/ros2_ws/build/ros2_aruco/build install --record /home/avg/anveshak/iroc/Iroc-26/ros2_ws/build/ros2_aruco/install.log --single-version-externally-managed install_data
[0.472s] /home/avg/.local/lib/python3.10/site-packages/setuptools/_distutils/dist.py:289: UserWarning: Unknown distribution option: 'tests_require'
[0.472s]   warnings.warn(msg)
[0.531s] running egg_info
[0.541s] creating ../../build/ros2_aruco/ros2_aruco.egg-info
[0.541s] writing ../../build/ros2_aruco/ros2_aruco.egg-info/PKG-INFO
[0.541s] writing dependency_links to ../../build/ros2_aruco/ros2_aruco.egg-info/dependency_links.txt
[0.541s] writing entry points to ../../build/ros2_aruco/ros2_aruco.egg-info/entry_points.txt
[0.541s] writing requirements to ../../build/ros2_aruco/ros2_aruco.egg-info/requires.txt
[0.541s] writing top-level names to ../../build/ros2_aruco/ros2_aruco.egg-info/top_level.txt
[0.541s] writing manifest file '../../build/ros2_aruco/ros2_aruco.egg-info/SOURCES.txt'
[0.561s] reading manifest file '../../build/ros2_aruco/ros2_aruco.egg-info/SOURCES.txt'
[0.562s] writing manifest file '../../build/ros2_aruco/ros2_aruco.egg-info/SOURCES.txt'
[0.562s] running build
[0.562s] running build_py
[0.562s] creating /home/avg/anveshak/iroc/Iroc-26/ros2_ws/build/ros2_aruco/build/lib/ros2_aruco
[0.562s] copying ros2_aruco/aruco_generate_marker.py -> /home/avg/anveshak/iroc/Iroc-26/ros2_ws/build/ros2_aruco/build/lib/ros2_aruco
[0.562s] copying ros2_aruco/__init__.py -> /home/avg/anveshak/iroc/Iroc-26/ros2_ws/build/ros2_aruco/build/lib/ros2_aruco
[0.562s] copying ros2_aruco/aruco_node.py -> /home/avg/anveshak/iroc/Iroc-26/ros2_ws/build/ros2_aruco/build/lib/ros2_aruco
[0.562s] running install
[0.565s] running install_lib
[0.574s] creating /home/avg/anveshak/iroc/Iroc-26/ros2_ws/install/ros2_aruco/lib/python3.10/site-packages/ros2_aruco
[0.574s] copying /home/avg/anveshak/iroc/Iroc-26/ros2_ws/build/ros2_aruco/build/lib/ros2_aruco/aruco_generate_marker.py -> /home/avg/anveshak/iroc/Iroc-26/ros2_ws/install/ros2_aruco/lib/python3.10/site-packages/ros2_aruco
[0.574s] copying /home/avg/anveshak/iroc/Iroc-26/ros2_ws/build/ros2_aruco/build/lib/ros2_aruco/__init__.py -> /home/avg/anveshak/iroc/Iroc-26/ros2_ws/install/ros2_aruco/lib/python3.10/site-packages/ros2_aruco
[0.574s] copying /home/avg/anveshak/iroc/Iroc-26/ros2_ws/build/ros2_aruco/build/lib/ros2_aruco/aruco_node.py -> /home/avg/anveshak/iroc/Iroc-26/ros2_ws/install/ros2_aruco/lib/python3.10/site-packages/ros2_aruco
[0.574s] byte-compiling /home/avg/anveshak/iroc/Iroc-26/ros2_ws/install/ros2_aruco/lib/python3.10/site-packages/ros2_aruco/aruco_generate_marker.py to aruco_generate_marker.cpython-310.pyc
[0.575s] byte-compiling /home/avg/anveshak/iroc/Iroc-26/ros2_ws/install/ros2_aruco/lib/python3.10/site-packages/ros2_aruco/__init__.py to __init__.cpython-310.pyc
[0.575s] byte-compiling /home/avg/anveshak/iroc/Iroc-26/ros2_ws/install/ros2_aruco/lib/python3.10/site-packages/ros2_aruco/aruco_node.py to aruco_node.cpython-310.pyc
[0.576s] running install_data
[0.576s] creating /home/avg/anveshak/iroc/Iroc-26/ros2_ws/install/ros2_aruco/share/ament_index/resource_index/packages
[0.576s] copying resource/ros2_aruco -> /home/avg/anveshak/iroc/Iroc-26/ros2_ws/install/ros2_aruco/share/ament_index/resource_index/packages
[0.576s] copying package.xml -> /home/avg/anveshak/iroc/Iroc-26/ros2_ws/install/ros2_aruco/share/ros2_aruco
[0.576s] creating /home/avg/anveshak/iroc/Iroc-26/ros2_ws/install/ros2_aruco/share/ros2_aruco/launch
[0.576s] copying launch/aruco_recognition.launch.py -> /home/avg/anveshak/iroc/Iroc-26/ros2_ws/install/ros2_aruco/share/ros2_aruco/launch
[0.576s] creating /home/avg/anveshak/iroc/Iroc-26/ros2_ws/install/ros2_aruco/share/ros2_aruco/config
[0.576s] copying config/aruco_parameters.yaml -> /home/avg/anveshak/iroc/Iroc-26/ros2_ws/install/ros2_aruco/share/ros2_aruco/config
[0.577s] running install_egg_info
[0.586s] Copying ../../build/ros2_aruco/ros2_aruco.egg-info to /home/avg/anveshak/iroc/Iroc-26/ros2_ws/install/ros2_aruco/lib/python3.10/site-packages/ros2_aruco-0.1.0-py3.10.egg-info
[0.587s] running install_scripts
[0.608s] Installing aruco_generate_marker script to /home/avg/anveshak/iroc/Iroc-26/ros2_ws/install/ros2_aruco/lib/ros2_aruco
[0.608s] Installing aruco_node script to /home/avg/anveshak/iroc/Iroc-26/ros2_ws/install/ros2_aruco/lib/ros2_aruco
[0.608s] writing list of installed files to '/home/avg/anveshak/iroc/Iroc-26/ros2_ws/build/ros2_aruco/install.log'
[0.621s] Invoked command in '/home/avg/anveshak/iroc/Iroc-26/ros2_ws/src/ros2_aruco' returned '0': PYTHONPATH=/home/avg/anveshak/iroc/Iroc-26/ros2_ws/build/ros2_aruco/prefix_override:/usr/lib/python3/dist-packages/colcon_core/task/python/colcon_distutils_commands:/home/avg/anveshak/iroc/Iroc-26/ros2_ws/install/ros2_aruco/lib/python3.10/site-packages:${PYTHONPATH} /usr/bin/python3 -W ignore:setup.py install is deprecated -W ignore:easy_install command is deprecated setup.py egg_info --egg-base ../../build/ros2_aruco build --build-base /home/avg/anveshak/iroc/Iroc-26/ros2_ws/build/ros2_aruco/build install --record /home/avg/anveshak/iroc/Iroc-26/ros2_ws/build/ros2_aruco/install.log --single-version-externally-managed install_data
