[0.543s] Invoking command in '/home/zak/anveshak/iroc/Iroc-26/ros2_ws/src/ros2_aruco': PYTHONPATH=/home/zak/anveshak/iroc/Iroc-26/ros2_ws/build/ros2_aruco/prefix_override:/usr/lib/python3/dist-packages/colcon_core/task/python/colcon_distutils_commands:/home/zak/anveshak/iroc/Iroc-26/ros2_ws/install/ros2_aruco/lib/python3.10/site-packages:${PYTHONPATH} /usr/bin/python3 -W ignore:setup.py install is deprecated -W ignore:easy_install command is deprecated setup.py egg_info --egg-base ../../build/ros2_aruco build --build-base /home/zak/anveshak/iroc/Iroc-26/ros2_ws/build/ros2_aruco/build install --record /home/zak/anveshak/iroc/Iroc-26/ros2_ws/build/ros2_aruco/install.log --single-version-externally-managed install_data
[0.687s] running egg_info
[0.687s] creating ../../build/ros2_aruco/ros2_aruco.egg-info
[0.695s] writing ../../build/ros2_aruco/ros2_aruco.egg-info/PKG-INFO
[0.696s] writing dependency_links to ../../build/ros2_aruco/ros2_aruco.egg-info/dependency_links.txt
[0.696s] writing entry points to ../../build/ros2_aruco/ros2_aruco.egg-info/entry_points.txt
[0.696s] writing requirements to ../../build/ros2_aruco/ros2_aruco.egg-info/requires.txt
[0.696s] writing top-level names to ../../build/ros2_aruco/ros2_aruco.egg-info/top_level.txt
[0.696s] writing manifest file '../../build/ros2_aruco/ros2_aruco.egg-info/SOURCES.txt'
[0.714s] reading manifest file '../../build/ros2_aruco/ros2_aruco.egg-info/SOURCES.txt'
[0.714s] writing manifest file '../../build/ros2_aruco/ros2_aruco.egg-info/SOURCES.txt'
[0.714s] running build
[0.714s] running build_py
[0.715s] creating /home/zak/anveshak/iroc/Iroc-26/ros2_ws/build/ros2_aruco/build
[0.715s] creating /home/zak/anveshak/iroc/Iroc-26/ros2_ws/build/ros2_aruco/build/lib
[0.715s] creating /home/zak/anveshak/iroc/Iroc-26/ros2_ws/build/ros2_aruco/build/lib/ros2_aruco
[0.715s] copying ros2_aruco/aruco_node.py -> /home/zak/anveshak/iroc/Iroc-26/ros2_ws/build/ros2_aruco/build/lib/ros2_aruco
[0.715s] copying ros2_aruco/__init__.py -> /home/zak/anveshak/iroc/Iroc-26/ros2_ws/build/ros2_aruco/build/lib/ros2_aruco
[0.715s] copying ros2_aruco/aruco_generate_marker.py -> /home/zak/anveshak/iroc/Iroc-26/ros2_ws/build/ros2_aruco/build/lib/ros2_aruco
[0.715s] running install
[0.719s] running install_lib
[0.727s] creating /home/zak/anveshak/iroc/Iroc-26/ros2_ws/install/ros2_aruco/lib/python3.10/site-packages/ros2_aruco
[0.727s] copying /home/zak/anveshak/iroc/Iroc-26/ros2_ws/build/ros2_aruco/build/lib/ros2_aruco/aruco_node.py -> /home/zak/anveshak/iroc/Iroc-26/ros2_ws/install/ros2_aruco/lib/python3.10/site-packages/ros2_aruco
[0.727s] copying /home/zak/anveshak/iroc/Iroc-26/ros2_ws/build/ros2_aruco/build/lib/ros2_aruco/__init__.py -> /home/zak/anveshak/iroc/Iroc-26/ros2_ws/install/ros2_aruco/lib/python3.10/site-packages/ros2_aruco
[0.727s] copying /home/zak/anveshak/iroc/Iroc-26/ros2_ws/build/ros2_aruco/build/lib/ros2_aruco/aruco_generate_marker.py -> /home/zak/anveshak/iroc/Iroc-26/ros2_ws/install/ros2_aruco/lib/python3.10/site-packages/ros2_aruco
[0.727s] byte-compiling /home/zak/anveshak/iroc/Iroc-26/ros2_ws/install/ros2_aruco/lib/python3.10/site-packages/ros2_aruco/aruco_node.py to aruco_node.cpython-310.pyc
[0.728s] byte-compiling /home/zak/anveshak/iroc/Iroc-26/ros2_ws/install/ros2_aruco/lib/python3.10/site-packages/ros2_aruco/__init__.py to __init__.cpython-310.pyc
[0.728s] byte-compiling /home/zak/anveshak/iroc/Iroc-26/ros2_ws/install/ros2_aruco/lib/python3.10/site-packages/ros2_aruco/aruco_generate_marker.py to aruco_generate_marker.cpython-310.pyc
[0.729s] running install_data
[0.729s] creating /home/zak/anveshak/iroc/Iroc-26/ros2_ws/install/ros2_aruco/share/ament_index
[0.729s] creating /home/zak/anveshak/iroc/Iroc-26/ros2_ws/install/ros2_aruco/share/ament_index/resource_index
[0.729s] creating /home/zak/anveshak/iroc/Iroc-26/ros2_ws/install/ros2_aruco/share/ament_index/resource_index/packages
[0.729s] copying resource/ros2_aruco -> /home/zak/anveshak/iroc/Iroc-26/ros2_ws/install/ros2_aruco/share/ament_index/resource_index/packages
[0.729s] copying package.xml -> /home/zak/anveshak/iroc/Iroc-26/ros2_ws/install/ros2_aruco/share/ros2_aruco
[0.729s] creating /home/zak/anveshak/iroc/Iroc-26/ros2_ws/install/ros2_aruco/share/ros2_aruco/launch
[0.729s] copying launch/aruco_recognition.launch.py -> /home/zak/anveshak/iroc/Iroc-26/ros2_ws/install/ros2_aruco/share/ros2_aruco/launch
[0.729s] creating /home/zak/anveshak/iroc/Iroc-26/ros2_ws/install/ros2_aruco/share/ros2_aruco/config
[0.729s] copying config/aruco_parameters.yaml -> /home/zak/anveshak/iroc/Iroc-26/ros2_ws/install/ros2_aruco/share/ros2_aruco/config
[0.729s] running install_egg_info
[0.741s] Copying ../../build/ros2_aruco/ros2_aruco.egg-info to /home/zak/anveshak/iroc/Iroc-26/ros2_ws/install/ros2_aruco/lib/python3.10/site-packages/ros2_aruco-0.1.0-py3.10.egg-info
[0.742s] running install_scripts
[0.820s] Installing aruco_generate_marker script to /home/zak/anveshak/iroc/Iroc-26/ros2_ws/install/ros2_aruco/lib/ros2_aruco
[0.820s] Installing aruco_node script to /home/zak/anveshak/iroc/Iroc-26/ros2_ws/install/ros2_aruco/lib/ros2_aruco
[0.821s] writing list of installed files to '/home/zak/anveshak/iroc/Iroc-26/ros2_ws/build/ros2_aruco/install.log'
[0.859s] Invoked command in '/home/zak/anveshak/iroc/Iroc-26/ros2_ws/src/ros2_aruco' returned '0': PYTHONPATH=/home/zak/anveshak/iroc/Iroc-26/ros2_ws/build/ros2_aruco/prefix_override:/usr/lib/python3/dist-packages/colcon_core/task/python/colcon_distutils_commands:/home/zak/anveshak/iroc/Iroc-26/ros2_ws/install/ros2_aruco/lib/python3.10/site-packages:${PYTHONPATH} /usr/bin/python3 -W ignore:setup.py install is deprecated -W ignore:easy_install command is deprecated setup.py egg_info --egg-base ../../build/ros2_aruco build --build-base /home/zak/anveshak/iroc/Iroc-26/ros2_ws/build/ros2_aruco/build install --record /home/zak/anveshak/iroc/Iroc-26/ros2_ws/build/ros2_aruco/install.log --single-version-externally-managed install_data
