[0.087s] DEBUG:colcon:Command line arguments: ['/usr/bin/colcon', 'build']
[0.087s] DEBUG:colcon:Parsed command line arguments: Namespace(log_base=None, log_level=None, verb_name='build', build_base='build', install_base='install', merge_install=False, symlink_install=False, test_result_base=None, continue_on_error=False, executor='parallel', parallel_workers=16, event_handlers=None, ignore_user_meta=False, metas=['./colcon.meta'], base_paths=['.'], packages_ignore=None, packages_ignore_regex=None, paths=None, packages_up_to=None, packages_up_to_regex=None, packages_above=None, packages_above_and_dependencies=None, packages_above_depth=None, packages_select_by_dep=None, packages_skip_by_dep=None, packages_skip_up_to=None, packages_select_build_failed=False, packages_skip_build_finished=False, packages_select_test_failures=False, packages_skip_test_passed=False, packages_select=None, packages_skip=None, packages_select_regex=None, packages_skip_regex=None, packages_start=None, packages_end=None, allow_overriding=[], cmake_args=None, cmake_target=None, cmake_target_skip_unavailable=False, cmake_clean_cache=False, cmake_clean_first=False, cmake_force_configure=False, ament_cmake_args=None, catkin_cmake_args=None, catkin_skip_building_tests=False, mixin_files=None, mixin=None, verb_parser=<colcon_mixin.mixin.mixin_argument.MixinArgumentDecorator object at 0x70a0ae8634c0>, verb_extension=<colcon_core.verb.build.BuildVerb object at 0x70a0ae862f50>, main=<bound method BuildVerb.main of <colcon_core.verb.build.BuildVerb object at 0x70a0ae862f50>>, mixin_verb=('build',))
[0.119s] Level 1:colcon.colcon_core.package_discovery:discover_packages(colcon_meta) check parameters
[0.119s] Level 1:colcon.colcon_core.package_discovery:discover_packages(recursive) check parameters
[0.119s] Level 1:colcon.colcon_core.package_discovery:discover_packages(ignore) check parameters
[0.119s] Level 1:colcon.colcon_core.package_discovery:discover_packages(path) check parameters
[0.119s] Level 1:colcon.colcon_core.package_discovery:discover_packages(colcon_meta) discover
[0.119s] Level 1:colcon.colcon_core.package_discovery:discover_packages(recursive) discover
[0.119s] INFO:colcon.colcon_core.package_discovery:Crawling recursively for packages in '/home/zak/anveshak/iroc/Iroc-26/ros2_ws'
[0.119s] Level 1:colcon.colcon_core.package_identification:_identify(.) by extensions ['ignore', 'ignore_ament_install']
[0.119s] Level 1:colcon.colcon_core.package_identification:_identify(.) by extension 'ignore'
[0.119s] Level 1:colcon.colcon_core.package_identification:_identify(.) by extension 'ignore_ament_install'
[0.119s] Level 1:colcon.colcon_core.package_identification:_identify(.) by extensions ['colcon_pkg']
[0.119s] Level 1:colcon.colcon_core.package_identification:_identify(.) by extension 'colcon_pkg'
[0.119s] Level 1:colcon.colcon_core.package_identification:_identify(.) by extensions ['colcon_meta']
[0.119s] Level 1:colcon.colcon_core.package_identification:_identify(.) by extension 'colcon_meta'
[0.120s] Level 1:colcon.colcon_core.package_identification:_identify(.) by extensions ['ros']
[0.120s] Level 1:colcon.colcon_core.package_identification:_identify(.) by extension 'ros'
[0.144s] Level 1:colcon.colcon_core.package_identification:_identify(.) by extensions ['cmake', 'python']
[0.145s] Level 1:colcon.colcon_core.package_identification:_identify(.) by extension 'cmake'
[0.145s] Level 1:colcon.colcon_core.package_identification:_identify(.) by extension 'python'
[0.145s] Level 1:colcon.colcon_core.package_identification:_identify(.) by extensions ['python_setup_py']
[0.145s] Level 1:colcon.colcon_core.package_identification:_identify(.) by extension 'python_setup_py'
[0.145s] Level 1:colcon.colcon_core.package_identification:_identify(build) by extensions ['ignore', 'ignore_ament_install']
[0.145s] Level 1:colcon.colcon_core.package_identification:_identify(build) by extension 'ignore'
[0.145s] Level 1:colcon.colcon_core.package_identification:_identify(build) ignored
[0.145s] Level 1:colcon.colcon_core.package_identification:_identify(install) by extensions ['ignore', 'ignore_ament_install']
[0.145s] Level 1:colcon.colcon_core.package_identification:_identify(install) by extension 'ignore'
[0.145s] Level 1:colcon.colcon_core.package_identification:_identify(install) ignored
[0.145s] Level 1:colcon.colcon_core.package_identification:_identify(log) by extensions ['ignore', 'ignore_ament_install']
[0.145s] Level 1:colcon.colcon_core.package_identification:_identify(log) by extension 'ignore'
[0.145s] Level 1:colcon.colcon_core.package_identification:_identify(log) ignored
[0.145s] Level 1:colcon.colcon_core.package_identification:_identify(src) by extensions ['ignore', 'ignore_ament_install']
[0.145s] Level 1:colcon.colcon_core.package_identification:_identify(src) by extension 'ignore'
[0.145s] Level 1:colcon.colcon_core.package_identification:_identify(src) by extension 'ignore_ament_install'
[0.145s] Level 1:colcon.colcon_core.package_identification:_identify(src) by extensions ['colcon_pkg']
[0.145s] Level 1:colcon.colcon_core.package_identification:_identify(src) by extension 'colcon_pkg'
[0.145s] Level 1:colcon.colcon_core.package_identification:_identify(src) by extensions ['colcon_meta']
[0.146s] Level 1:colcon.colcon_core.package_identification:_identify(src) by extension 'colcon_meta'
[0.146s] Level 1:colcon.colcon_core.package_identification:_identify(src) by extensions ['ros']
[0.146s] Level 1:colcon.colcon_core.package_identification:_identify(src) by extension 'ros'
[0.146s] Level 1:colcon.colcon_core.package_identification:_identify(src) by extensions ['cmake', 'python']
[0.146s] Level 1:colcon.colcon_core.package_identification:_identify(src) by extension 'cmake'
[0.146s] Level 1:colcon.colcon_core.package_identification:_identify(src) by extension 'python'
[0.146s] Level 1:colcon.colcon_core.package_identification:_identify(src) by extensions ['python_setup_py']
[0.146s] Level 1:colcon.colcon_core.package_identification:_identify(src) by extension 'python_setup_py'
[0.146s] Level 1:colcon.colcon_core.package_identification:_identify(src/ros2_aruco) by extensions ['ignore', 'ignore_ament_install']
[0.146s] Level 1:colcon.colcon_core.package_identification:_identify(src/ros2_aruco) by extension 'ignore'
[0.146s] Level 1:colcon.colcon_core.package_identification:_identify(src/ros2_aruco) by extension 'ignore_ament_install'
[0.146s] Level 1:colcon.colcon_core.package_identification:_identify(src/ros2_aruco) by extensions ['colcon_pkg']
[0.146s] Level 1:colcon.colcon_core.package_identification:_identify(src/ros2_aruco) by extension 'colcon_pkg'
[0.146s] Level 1:colcon.colcon_core.package_identification:_identify(src/ros2_aruco) by extensions ['colcon_meta']
[0.146s] Level 1:colcon.colcon_core.package_identification:_identify(src/ros2_aruco) by extension 'colcon_meta'
[0.146s] Level 1:colcon.colcon_core.package_identification:_identify(src/ros2_aruco) by extensions ['ros']
[0.146s] Level 1:colcon.colcon_core.package_identification:_identify(src/ros2_aruco) by extension 'ros'
[0.148s] DEBUG:colcon.colcon_core.package_identification:Package 'src/ros2_aruco' with type 'ros.ament_python' and name 'ros2_aruco'
[0.148s] Level 1:colcon.colcon_core.package_identification:_identify(src/ros2_aruco_interfaces) by extensions ['ignore', 'ignore_ament_install']
[0.148s] Level 1:colcon.colcon_core.package_identification:_identify(src/ros2_aruco_interfaces) by extension 'ignore'
[0.148s] Level 1:colcon.colcon_core.package_identification:_identify(src/ros2_aruco_interfaces) by extension 'ignore_ament_install'
[0.148s] Level 1:colcon.colcon_core.package_identification:_identify(src/ros2_aruco_interfaces) by extensions ['colcon_pkg']
[0.148s] Level 1:colcon.colcon_core.package_identification:_identify(src/ros2_aruco_interfaces) by extension 'colcon_pkg'
[0.148s] Level 1:colcon.colcon_core.package_identification:_identify(src/ros2_aruco_interfaces) by extensions ['colcon_meta']
[0.148s] Level 1:colcon.colcon_core.package_identification:_identify(src/ros2_aruco_interfaces) by extension 'colcon_meta'
[0.148s] Level 1:colcon.colcon_core.package_identification:_identify(src/ros2_aruco_interfaces) by extensions ['ros']
[0.148s] Level 1:colcon.colcon_core.package_identification:_identify(src/ros2_aruco_interfaces) by extension 'ros'
[0.149s] DEBUG:colcon.colcon_core.package_identification:Package 'src/ros2_aruco_interfaces' with type 'ros.ament_cmake' and name 'ros2_aruco_interfaces'
[0.149s] Level 1:colcon.colcon_core.package_discovery:discover_packages(recursive) using defaults
[0.149s] Level 1:colcon.colcon_core.package_discovery:discover_packages(ignore) discover
[0.149s] Level 1:colcon.colcon_core.package_discovery:discover_packages(ignore) using defaults
[0.149s] Level 1:colcon.colcon_core.package_discovery:discover_packages(path) discover
[0.149s] Level 1:colcon.colcon_core.package_discovery:discover_packages(path) using defaults
[0.165s] Level 1:colcon.colcon_core.package_discovery:discover_packages(prefix_path) check parameters
[0.165s] Level 1:colcon.colcon_core.package_discovery:discover_packages(prefix_path) discover
[0.167s] DEBUG:colcon.colcon_installed_package_information.package_discovery:Found 284 installed packages in /opt/ros/humble
[0.168s] Level 1:colcon.colcon_core.package_discovery:discover_packages(prefix_path) using defaults
[0.196s] Level 5:colcon.colcon_core.verb:set package 'ros2_aruco' build argument 'cmake_args' from command line to 'None'
[0.196s] Level 5:colcon.colcon_core.verb:set package 'ros2_aruco' build argument 'cmake_target' from command line to 'None'
[0.196s] Level 5:colcon.colcon_core.verb:set package 'ros2_aruco' build argument 'cmake_target_skip_unavailable' from command line to 'False'
[0.196s] Level 5:colcon.colcon_core.verb:set package 'ros2_aruco' build argument 'cmake_clean_cache' from command line to 'False'
[0.196s] Level 5:colcon.colcon_core.verb:set package 'ros2_aruco' build argument 'cmake_clean_first' from command line to 'False'
[0.196s] Level 5:colcon.colcon_core.verb:set package 'ros2_aruco' build argument 'cmake_force_configure' from command line to 'False'
[0.196s] Level 5:colcon.colcon_core.verb:set package 'ros2_aruco' build argument 'ament_cmake_args' from command line to 'None'
[0.196s] Level 5:colcon.colcon_core.verb:set package 'ros2_aruco' build argument 'catkin_cmake_args' from command line to 'None'
[0.196s] Level 5:colcon.colcon_core.verb:set package 'ros2_aruco' build argument 'catkin_skip_building_tests' from command line to 'False'
[0.196s] DEBUG:colcon.colcon_core.verb:Building package 'ros2_aruco' with the following arguments: {'ament_cmake_args': None, 'build_base': '/home/zak/anveshak/iroc/Iroc-26/ros2_ws/build/ros2_aruco', 'catkin_cmake_args': None, 'catkin_skip_building_tests': False, 'cmake_args': None, 'cmake_clean_cache': False, 'cmake_clean_first': False, 'cmake_force_configure': False, 'cmake_target': None, 'cmake_target_skip_unavailable': False, 'install_base': '/home/zak/anveshak/iroc/Iroc-26/ros2_ws/install/ros2_aruco', 'merge_install': False, 'path': '/home/zak/anveshak/iroc/Iroc-26/ros2_ws/src/ros2_aruco', 'symlink_install': False, 'test_result_base': None}
[0.197s] Level 5:colcon.colcon_core.verb:set package 'ros2_aruco_interfaces' build argument 'cmake_args' from command line to 'None'
[0.197s] Level 5:colcon.colcon_core.verb:set package 'ros2_aruco_interfaces' build argument 'cmake_target' from command line to 'None'
[0.197s] Level 5:colcon.colcon_core.verb:set package 'ros2_aruco_interfaces' build argument 'cmake_target_skip_unavailable' from command line to 'False'
[0.197s] Level 5:colcon.colcon_core.verb:set package 'ros2_aruco_interfaces' build argument 'cmake_clean_cache' from command line to 'False'
[0.197s] Level 5:colcon.colcon_core.verb:set package 'ros2_aruco_interfaces' build argument 'cmake_clean_first' from command line to 'False'
[0.197s] Level 5:colcon.colcon_core.verb:set package 'ros2_aruco_interfaces' build argument 'cmake_force_configure' from command line to 'False'
[0.197s] Level 5:colcon.colcon_core.verb:set package 'ros2_aruco_interfaces' build argument 'ament_cmake_args' from command line to 'None'
[0.197s] Level 5:colcon.colcon_core.verb:set package 'ros2_aruco_interfaces' build argument 'catkin_cmake_args' from command line to 'None'
[0.197s] Level 5:colcon.colcon_core.verb:set package 'ros2_aruco_interfaces' build argument 'catkin_skip_building_tests' from command line to 'False'
[0.197s] DEBUG:colcon.colcon_core.verb:Building package 'ros2_aruco_interfaces' with the following arguments: {'ament_cmake_args': None, 'build_base': '/home/zak/anveshak/iroc/Iroc-26/ros2_ws/build/ros2_aruco_interfaces', 'catkin_cmake_args': None, 'catkin_skip_building_tests': False, 'cmake_args': None, 'cmake_clean_cache': False, 'cmake_clean_first': False, 'cmake_force_configure': False, 'cmake_target': None, 'cmake_target_skip_unavailable': False, 'install_base': '/home/zak/anveshak/iroc/Iroc-26/ros2_ws/install/ros2_aruco_interfaces', 'merge_install': False, 'path': '/home/zak/anveshak/iroc/Iroc-26/ros2_ws/src/ros2_aruco_interfaces', 'symlink_install': False, 'test_result_base': None}
[0.197s] INFO:colcon.colcon_core.executor:Executing jobs using 'parallel' executor
[0.198s] DEBUG:colcon.colcon_parallel_executor.executor.parallel:run_until_complete
[0.199s] INFO:colcon.colcon_ros.task.ament_python.build:Building ROS package in '/home/zak/anveshak/iroc/Iroc-26/ros2_ws/src/ros2_aruco' with build type 'ament_python'
[0.199s] Level 1:colcon.colcon_core.shell:create_environment_hook('ros2_aruco', 'ament_prefix_path')
[0.200s] INFO:colcon.colcon_core.plugin_system:Skipping extension 'colcon_core.shell.bat': Not used on non-Windows systems
[0.200s] INFO:colcon.colcon_core.shell:Creating environment hook '/home/zak/anveshak/iroc/Iroc-26/ros2_ws/install/ros2_aruco/share/ros2_aruco/hook/ament_prefix_path.ps1'
[0.201s] INFO:colcon.colcon_core.shell:Creating environment descriptor '/home/zak/anveshak/iroc/Iroc-26/ros2_ws/install/ros2_aruco/share/ros2_aruco/hook/ament_prefix_path.dsv'
[0.201s] INFO:colcon.colcon_core.shell:Creating environment hook '/home/zak/anveshak/iroc/Iroc-26/ros2_ws/install/ros2_aruco/share/ros2_aruco/hook/ament_prefix_path.sh'
[0.215s] INFO:colcon.colcon_core.shell:Skip shell extension 'powershell' for command environment: Not usable outside of PowerShell
[0.215s] DEBUG:colcon.colcon_core.shell:Skip shell extension 'dsv' for command environment
[0.219s] INFO:colcon.colcon_ros.task.ament_cmake.build:Building ROS package in '/home/zak/anveshak/iroc/Iroc-26/ros2_ws/src/ros2_aruco_interfaces' with build type 'ament_cmake'
[0.220s] INFO:colcon.colcon_cmake.task.cmake.build:Building CMake package in '/home/zak/anveshak/iroc/Iroc-26/ros2_ws/src/ros2_aruco_interfaces'
[0.220s] INFO:colcon.colcon_core.shell:Skip shell extension 'powershell' for command environment: Not usable outside of PowerShell
[0.220s] DEBUG:colcon.colcon_core.shell:Skip shell extension 'dsv' for command environment
[0.396s] INFO:colcon.colcon_core.task.python.build:Building Python package in '/home/zak/anveshak/iroc/Iroc-26/ros2_ws/src/ros2_aruco'
[0.396s] INFO:colcon.colcon_core.shell:Skip shell extension 'powershell' for command environment: Not usable outside of PowerShell
[0.396s] DEBUG:colcon.colcon_core.shell:Skip shell extension 'dsv' for command environment
[0.405s] DEBUG:colcon.colcon_core.event_handler.log_command:Invoking command in '/home/zak/anveshak/iroc/Iroc-26/ros2_ws/build/ros2_aruco_interfaces': CMAKE_PREFIX_PATH=/opt/ros/humble /usr/bin/cmake --build /home/zak/anveshak/iroc/Iroc-26/ros2_ws/build/ros2_aruco_interfaces -- -j16 -l16
[0.696s] DEBUG:colcon.colcon_core.event_handler.log_command:Invoked command in '/home/zak/anveshak/iroc/Iroc-26/ros2_ws/build/ros2_aruco_interfaces' returned '0': CMAKE_PREFIX_PATH=/opt/ros/humble /usr/bin/cmake --build /home/zak/anveshak/iroc/Iroc-26/ros2_ws/build/ros2_aruco_interfaces -- -j16 -l16
[0.708s] DEBUG:colcon.colcon_core.event_handler.log_command:Invoking command in '/home/zak/anveshak/iroc/Iroc-26/ros2_ws/build/ros2_aruco_interfaces': CMAKE_PREFIX_PATH=/opt/ros/humble /usr/bin/cmake --install /home/zak/anveshak/iroc/Iroc-26/ros2_ws/build/ros2_aruco_interfaces
[0.760s] Level 1:colcon.colcon_core.environment:create_environment_scripts_only(ros2_aruco_interfaces)
[0.761s] DEBUG:colcon.colcon_core.event_handler.log_command:Invoked command in '/home/zak/anveshak/iroc/Iroc-26/ros2_ws/build/ros2_aruco_interfaces' returned '0': CMAKE_PREFIX_PATH=/opt/ros/humble /usr/bin/cmake --install /home/zak/anveshak/iroc/Iroc-26/ros2_ws/build/ros2_aruco_interfaces
[0.762s] Level 1:colcon.colcon_core.environment:checking '/home/zak/anveshak/iroc/Iroc-26/ros2_ws/install/ros2_aruco_interfaces' for CMake module files
[0.763s] Level 1:colcon.colcon_core.environment:checking '/home/zak/anveshak/iroc/Iroc-26/ros2_ws/install/ros2_aruco_interfaces' for CMake config files
[0.763s] Level 1:colcon.colcon_core.shell:create_environment_hook('ros2_aruco_interfaces', 'cmake_prefix_path')
[0.763s] INFO:colcon.colcon_core.shell:Creating environment hook '/home/zak/anveshak/iroc/Iroc-26/ros2_ws/install/ros2_aruco_interfaces/share/ros2_aruco_interfaces/hook/cmake_prefix_path.ps1'
[0.764s] INFO:colcon.colcon_core.shell:Creating environment descriptor '/home/zak/anveshak/iroc/Iroc-26/ros2_ws/install/ros2_aruco_interfaces/share/ros2_aruco_interfaces/hook/cmake_prefix_path.dsv'
[0.764s] INFO:colcon.colcon_core.shell:Creating environment hook '/home/zak/anveshak/iroc/Iroc-26/ros2_ws/install/ros2_aruco_interfaces/share/ros2_aruco_interfaces/hook/cmake_prefix_path.sh'
[0.764s] Level 1:colcon.colcon_core.environment:checking '/home/zak/anveshak/iroc/Iroc-26/ros2_ws/install/ros2_aruco_interfaces/lib'
[0.764s] Level 1:colcon.colcon_core.shell:create_environment_hook('ros2_aruco_interfaces', 'ld_library_path_lib')
[0.765s] INFO:colcon.colcon_core.shell:Creating environment hook '/home/zak/anveshak/iroc/Iroc-26/ros2_ws/install/ros2_aruco_interfaces/share/ros2_aruco_interfaces/hook/ld_library_path_lib.ps1'
[0.765s] INFO:colcon.colcon_core.shell:Creating environment descriptor '/home/zak/anveshak/iroc/Iroc-26/ros2_ws/install/ros2_aruco_interfaces/share/ros2_aruco_interfaces/hook/ld_library_path_lib.dsv'
[0.765s] INFO:colcon.colcon_core.shell:Creating environment hook '/home/zak/anveshak/iroc/Iroc-26/ros2_ws/install/ros2_aruco_interfaces/share/ros2_aruco_interfaces/hook/ld_library_path_lib.sh'
[0.765s] Level 1:colcon.colcon_core.environment:checking '/home/zak/anveshak/iroc/Iroc-26/ros2_ws/install/ros2_aruco_interfaces/bin'
[0.765s] Level 1:colcon.colcon_core.environment:checking '/home/zak/anveshak/iroc/Iroc-26/ros2_ws/install/ros2_aruco_interfaces/lib/pkgconfig/ros2_aruco_interfaces.pc'
[0.766s] Level 1:colcon.colcon_core.environment:checking '/home/zak/anveshak/iroc/Iroc-26/ros2_ws/install/ros2_aruco_interfaces/lib/python3.10/site-packages'
[0.766s] Level 1:colcon.colcon_core.environment:checking '/home/zak/anveshak/iroc/Iroc-26/ros2_ws/install/ros2_aruco_interfaces/bin'
[0.766s] INFO:colcon.colcon_core.shell:Creating package script '/home/zak/anveshak/iroc/Iroc-26/ros2_ws/install/ros2_aruco_interfaces/share/ros2_aruco_interfaces/package.ps1'
[0.766s] INFO:colcon.colcon_core.shell:Creating package descriptor '/home/zak/anveshak/iroc/Iroc-26/ros2_ws/install/ros2_aruco_interfaces/share/ros2_aruco_interfaces/package.dsv'
[0.767s] INFO:colcon.colcon_core.shell:Creating package script '/home/zak/anveshak/iroc/Iroc-26/ros2_ws/install/ros2_aruco_interfaces/share/ros2_aruco_interfaces/package.sh'
[0.767s] INFO:colcon.colcon_core.shell:Creating package script '/home/zak/anveshak/iroc/Iroc-26/ros2_ws/install/ros2_aruco_interfaces/share/ros2_aruco_interfaces/package.bash'
[0.767s] INFO:colcon.colcon_core.shell:Creating package script '/home/zak/anveshak/iroc/Iroc-26/ros2_ws/install/ros2_aruco_interfaces/share/ros2_aruco_interfaces/package.zsh'
[0.768s] Level 1:colcon.colcon_core.environment:create_file_with_runtime_dependencies(/home/zak/anveshak/iroc/Iroc-26/ros2_ws/install/ros2_aruco_interfaces/share/colcon-core/packages/ros2_aruco_interfaces)
[0.768s] Level 1:colcon.colcon_core.environment:create_environment_scripts_only(ros2_aruco_interfaces)
[0.768s] Level 1:colcon.colcon_core.environment:checking '/home/zak/anveshak/iroc/Iroc-26/ros2_ws/install/ros2_aruco_interfaces' for CMake module files
[0.769s] Level 1:colcon.colcon_core.environment:checking '/home/zak/anveshak/iroc/Iroc-26/ros2_ws/install/ros2_aruco_interfaces' for CMake config files
[0.769s] Level 1:colcon.colcon_core.shell:create_environment_hook('ros2_aruco_interfaces', 'cmake_prefix_path')
[0.769s] INFO:colcon.colcon_core.shell:Creating environment hook '/home/zak/anveshak/iroc/Iroc-26/ros2_ws/install/ros2_aruco_interfaces/share/ros2_aruco_interfaces/hook/cmake_prefix_path.ps1'
[0.769s] INFO:colcon.colcon_core.shell:Creating environment descriptor '/home/zak/anveshak/iroc/Iroc-26/ros2_ws/install/ros2_aruco_interfaces/share/ros2_aruco_interfaces/hook/cmake_prefix_path.dsv'
[0.769s] INFO:colcon.colcon_core.shell:Creating environment hook '/home/zak/anveshak/iroc/Iroc-26/ros2_ws/install/ros2_aruco_interfaces/share/ros2_aruco_interfaces/hook/cmake_prefix_path.sh'
[0.770s] Level 1:colcon.colcon_core.environment:checking '/home/zak/anveshak/iroc/Iroc-26/ros2_ws/install/ros2_aruco_interfaces/lib'
[0.770s] Level 1:colcon.colcon_core.shell:create_environment_hook('ros2_aruco_interfaces', 'ld_library_path_lib')
[0.770s] INFO:colcon.colcon_core.shell:Creating environment hook '/home/zak/anveshak/iroc/Iroc-26/ros2_ws/install/ros2_aruco_interfaces/share/ros2_aruco_interfaces/hook/ld_library_path_lib.ps1'
[0.770s] INFO:colcon.colcon_core.shell:Creating environment descriptor '/home/zak/anveshak/iroc/Iroc-26/ros2_ws/install/ros2_aruco_interfaces/share/ros2_aruco_interfaces/hook/ld_library_path_lib.dsv'
[0.771s] INFO:colcon.colcon_core.shell:Creating environment hook '/home/zak/anveshak/iroc/Iroc-26/ros2_ws/install/ros2_aruco_interfaces/share/ros2_aruco_interfaces/hook/ld_library_path_lib.sh'
[0.771s] Level 1:colcon.colcon_core.environment:checking '/home/zak/anveshak/iroc/Iroc-26/ros2_ws/install/ros2_aruco_interfaces/bin'
[0.771s] Level 1:colcon.colcon_core.environment:checking '/home/zak/anveshak/iroc/Iroc-26/ros2_ws/install/ros2_aruco_interfaces/lib/pkgconfig/ros2_aruco_interfaces.pc'
[0.771s] Level 1:colcon.colcon_core.environment:checking '/home/zak/anveshak/iroc/Iroc-26/ros2_ws/install/ros2_aruco_interfaces/lib/python3.10/site-packages'
[0.771s] Level 1:colcon.colcon_core.environment:checking '/home/zak/anveshak/iroc/Iroc-26/ros2_ws/install/ros2_aruco_interfaces/bin'
[0.771s] INFO:colcon.colcon_core.shell:Creating package script '/home/zak/anveshak/iroc/Iroc-26/ros2_ws/install/ros2_aruco_interfaces/share/ros2_aruco_interfaces/package.ps1'
[0.772s] INFO:colcon.colcon_core.shell:Creating package descriptor '/home/zak/anveshak/iroc/Iroc-26/ros2_ws/install/ros2_aruco_interfaces/share/ros2_aruco_interfaces/package.dsv'
[0.772s] INFO:colcon.colcon_core.shell:Creating package script '/home/zak/anveshak/iroc/Iroc-26/ros2_ws/install/ros2_aruco_interfaces/share/ros2_aruco_interfaces/package.sh'
[0.772s] INFO:colcon.colcon_core.shell:Creating package script '/home/zak/anveshak/iroc/Iroc-26/ros2_ws/install/ros2_aruco_interfaces/share/ros2_aruco_interfaces/package.bash'
[0.773s] INFO:colcon.colcon_core.shell:Creating package script '/home/zak/anveshak/iroc/Iroc-26/ros2_ws/install/ros2_aruco_interfaces/share/ros2_aruco_interfaces/package.zsh'
[0.773s] Level 1:colcon.colcon_core.environment:create_file_with_runtime_dependencies(/home/zak/anveshak/iroc/Iroc-26/ros2_ws/install/ros2_aruco_interfaces/share/colcon-core/packages/ros2_aruco_interfaces)
[0.776s] DEBUG:colcon.colcon_core.event_handler.log_command:Invoking command in '/home/zak/anveshak/iroc/Iroc-26/ros2_ws/src/ros2_aruco': PYTHONPATH=/home/zak/anveshak/iroc/Iroc-26/ros2_ws/build/ros2_aruco/prefix_override:/usr/lib/python3/dist-packages/colcon_core/task/python/colcon_distutils_commands:/home/zak/anveshak/iroc/Iroc-26/ros2_ws/install/ros2_aruco/lib/python3.10/site-packages:${PYTHONPATH} /usr/bin/python3 -W ignore:setup.py install is deprecated -W ignore:easy_install command is deprecated setup.py egg_info --egg-base ../../build/ros2_aruco build --build-base /home/zak/anveshak/iroc/Iroc-26/ros2_ws/build/ros2_aruco/build install --record /home/zak/anveshak/iroc/Iroc-26/ros2_ws/build/ros2_aruco/install.log --single-version-externally-managed install_data
[1.074s] Level 1:colcon.colcon_core.environment:checking '/home/zak/anveshak/iroc/Iroc-26/ros2_ws/install/ros2_aruco' for CMake module files
[1.075s] DEBUG:colcon.colcon_core.event_handler.log_command:Invoked command in '/home/zak/anveshak/iroc/Iroc-26/ros2_ws/src/ros2_aruco' returned '0': PYTHONPATH=/home/zak/anveshak/iroc/Iroc-26/ros2_ws/build/ros2_aruco/prefix_override:/usr/lib/python3/dist-packages/colcon_core/task/python/colcon_distutils_commands:/home/zak/anveshak/iroc/Iroc-26/ros2_ws/install/ros2_aruco/lib/python3.10/site-packages:${PYTHONPATH} /usr/bin/python3 -W ignore:setup.py install is deprecated -W ignore:easy_install command is deprecated setup.py egg_info --egg-base ../../build/ros2_aruco build --build-base /home/zak/anveshak/iroc/Iroc-26/ros2_ws/build/ros2_aruco/build install --record /home/zak/anveshak/iroc/Iroc-26/ros2_ws/build/ros2_aruco/install.log --single-version-externally-managed install_data
[1.075s] Level 1:colcon.colcon_core.environment:checking '/home/zak/anveshak/iroc/Iroc-26/ros2_ws/install/ros2_aruco' for CMake config files
[1.075s] Level 1:colcon.colcon_core.environment:checking '/home/zak/anveshak/iroc/Iroc-26/ros2_ws/install/ros2_aruco/lib'
[1.075s] Level 1:colcon.colcon_core.environment:checking '/home/zak/anveshak/iroc/Iroc-26/ros2_ws/install/ros2_aruco/bin'
[1.076s] Level 1:colcon.colcon_core.environment:checking '/home/zak/anveshak/iroc/Iroc-26/ros2_ws/install/ros2_aruco/lib/pkgconfig/ros2_aruco.pc'
[1.076s] Level 1:colcon.colcon_core.environment:checking '/home/zak/anveshak/iroc/Iroc-26/ros2_ws/install/ros2_aruco/lib/python3.10/site-packages'
[1.076s] Level 1:colcon.colcon_core.shell:create_environment_hook('ros2_aruco', 'pythonpath')
[1.076s] INFO:colcon.colcon_core.shell:Creating environment hook '/home/zak/anveshak/iroc/Iroc-26/ros2_ws/install/ros2_aruco/share/ros2_aruco/hook/pythonpath.ps1'
[1.076s] INFO:colcon.colcon_core.shell:Creating environment descriptor '/home/zak/anveshak/iroc/Iroc-26/ros2_ws/install/ros2_aruco/share/ros2_aruco/hook/pythonpath.dsv'
[1.076s] INFO:colcon.colcon_core.shell:Creating environment hook '/home/zak/anveshak/iroc/Iroc-26/ros2_ws/install/ros2_aruco/share/ros2_aruco/hook/pythonpath.sh'
[1.077s] Level 1:colcon.colcon_core.environment:checking '/home/zak/anveshak/iroc/Iroc-26/ros2_ws/install/ros2_aruco/bin'
[1.077s] Level 1:colcon.colcon_core.environment:create_environment_scripts_only(ros2_aruco)
[1.077s] INFO:colcon.colcon_core.shell:Creating package script '/home/zak/anveshak/iroc/Iroc-26/ros2_ws/install/ros2_aruco/share/ros2_aruco/package.ps1'
[1.077s] INFO:colcon.colcon_core.shell:Creating package descriptor '/home/zak/anveshak/iroc/Iroc-26/ros2_ws/install/ros2_aruco/share/ros2_aruco/package.dsv'
[1.078s] INFO:colcon.colcon_core.shell:Creating package script '/home/zak/anveshak/iroc/Iroc-26/ros2_ws/install/ros2_aruco/share/ros2_aruco/package.sh'
[1.078s] INFO:colcon.colcon_core.shell:Creating package script '/home/zak/anveshak/iroc/Iroc-26/ros2_ws/install/ros2_aruco/share/ros2_aruco/package.bash'
[1.078s] INFO:colcon.colcon_core.shell:Creating package script '/home/zak/anveshak/iroc/Iroc-26/ros2_ws/install/ros2_aruco/share/ros2_aruco/package.zsh'
[1.078s] Level 1:colcon.colcon_core.environment:create_file_with_runtime_dependencies(/home/zak/anveshak/iroc/Iroc-26/ros2_ws/install/ros2_aruco/share/colcon-core/packages/ros2_aruco)
[1.079s] DEBUG:colcon.colcon_parallel_executor.executor.parallel:closing loop
[1.079s] DEBUG:colcon.colcon_parallel_executor.executor.parallel:loop closed
[1.079s] DEBUG:colcon.colcon_parallel_executor.executor.parallel:run_until_complete finished with '0'
[1.079s] DEBUG:colcon.colcon_core.event_reactor:joining thread
[1.083s] INFO:colcon.colcon_core.plugin_system:Skipping extension 'colcon_notification.desktop_notification.terminal_notifier': Not used on non-Darwin systems
[1.083s] INFO:colcon.colcon_core.plugin_system:Skipping extension 'colcon_notification.desktop_notification.win32': Not used on non-Windows systems
[1.083s] INFO:colcon.colcon_notification.desktop_notification:Sending desktop notification using 'notify2'
[1.094s] DEBUG:colcon.colcon_core.event_reactor:joined thread
[1.094s] INFO:colcon.colcon_core.shell:Creating prefix script '/home/zak/anveshak/iroc/Iroc-26/ros2_ws/install/local_setup.ps1'
[1.095s] INFO:colcon.colcon_core.shell:Creating prefix util module '/home/zak/anveshak/iroc/Iroc-26/ros2_ws/install/_local_setup_util_ps1.py'
[1.098s] INFO:colcon.colcon_core.shell:Creating prefix chain script '/home/zak/anveshak/iroc/Iroc-26/ros2_ws/install/setup.ps1'
[1.099s] INFO:colcon.colcon_core.shell:Creating prefix script '/home/zak/anveshak/iroc/Iroc-26/ros2_ws/install/local_setup.sh'
[1.099s] INFO:colcon.colcon_core.shell:Creating prefix util module '/home/zak/anveshak/iroc/Iroc-26/ros2_ws/install/_local_setup_util_sh.py'
[1.100s] INFO:colcon.colcon_core.shell:Creating prefix chain script '/home/zak/anveshak/iroc/Iroc-26/ros2_ws/install/setup.sh'
[1.100s] INFO:colcon.colcon_core.shell:Creating prefix script '/home/zak/anveshak/iroc/Iroc-26/ros2_ws/install/local_setup.bash'
[1.101s] INFO:colcon.colcon_core.shell:Creating prefix chain script '/home/zak/anveshak/iroc/Iroc-26/ros2_ws/install/setup.bash'
[1.101s] INFO:colcon.colcon_core.shell:Creating prefix script '/home/zak/anveshak/iroc/Iroc-26/ros2_ws/install/local_setup.zsh'
[1.101s] INFO:colcon.colcon_core.shell:Creating prefix chain script '/home/zak/anveshak/iroc/Iroc-26/ros2_ws/install/setup.zsh'
