[0.157s] Invoking command in '/home/zak/anveshak/iroc/Iroc-26/ros2_ws/build/ros2_aruco_interfaces': CMAKE_PREFIX_PATH=${CMAKE_PREFIX_PATH}:/home/zak/anveshak/iroc/ros2_aruco/install/ros2_aruco:/opt/ros/humble /usr/bin/cmake /home/zak/anveshak/iroc/Iroc-26/ros2_ws/src/ros2_aruco_interfaces -DCMAKE_INSTALL_PREFIX=/home/zak/anveshak/iroc/Iroc-26/ros2_ws/install/ros2_aruco_interfaces
[0.207s] -- The C compiler identification is GNU 11.4.0
[0.254s] -- The CXX compiler identification is GNU 11.4.0
[0.260s] -- Detecting C compiler ABI info
[0.331s] -- Detecting C compiler ABI info - done
[0.335s] -- Check for working C compiler: /usr/bin/cc - skipped
[0.336s] -- Detecting C compile features
[0.336s] -- Detecting C compile features - done
[0.338s] -- Detecting CXX compiler ABI info
[0.414s] -- Detecting CXX compiler ABI info - done
[0.418s] -- Check for working CXX compiler: /usr/bin/c++ - skipped
[0.418s] -- Detecting CXX compile features
[0.419s] -- Detecting CXX compile features - done
[0.420s] -- Found ament_cmake: 1.3.12 (/opt/ros/humble/share/ament_cmake/cmake)
[0.683s] -- Found Python3: /usr/bin/python3 (found version "3.10.12") found components: Interpreter 
[0.747s] -- Found geometry_msgs: 4.9.0 (/opt/ros/humble/share/geometry_msgs/cmake)
[0.770s] -- Found rosidl_generator_c: 3.1.8 (/opt/ros/humble/share/rosidl_generator_c/cmake)
[0.773s] -- Found rosidl_adapter: 3.1.8 (/opt/ros/humble/share/rosidl_adapter/cmake)
[0.778s] -- Found rosidl_generator_cpp: 3.1.8 (/opt/ros/humble/share/rosidl_generator_cpp/cmake)
[0.784s] -- Using all available rosidl_typesupport_c: rosidl_typesupport_fastrtps_c;rosidl_typesupport_introspection_c
[0.794s] -- Using all available rosidl_typesupport_cpp: rosidl_typesupport_fastrtps_cpp;rosidl_typesupport_introspection_cpp
[0.820s] -- Found rosidl_default_generators: 1.2.0 (/opt/ros/humble/share/rosidl_default_generators/cmake)
[1.052s] -- Found ament_cmake_ros: 0.10.0 (/opt/ros/humble/share/ament_cmake_ros/cmake)
[1.353s] -- Using all available rosidl_typesupport_c: rosidl_typesupport_fastrtps_c;rosidl_typesupport_introspection_c
[1.469s] -- Using all available rosidl_typesupport_cpp: rosidl_typesupport_fastrtps_cpp;rosidl_typesupport_introspection_cpp
[1.486s] -- Found PythonInterp: /usr/bin/python3 (found suitable version "3.10.12", minimum required is "3.6") 
[1.487s] -- Found python_cmake_module: 0.10.0 (/opt/ros/humble/share/python_cmake_module/cmake)
[1.506s] -- Found PythonLibs: /usr/lib/x86_64-linux-gnu/libpython3.10.so (found suitable version "3.10.12", minimum required is "3.5") 
[1.506s] -- Using PYTHON_EXECUTABLE: /usr/bin/python3
[1.506s] -- Using PYTHON_INCLUDE_DIRS: /usr/include/python3.10
[1.506s] -- Using PYTHON_LIBRARIES: /usr/lib/x86_64-linux-gnu/libpython3.10.so
[1.524s] -- Found PythonExtra: .so  
[1.567s] -- Found ament_lint_auto: 0.12.14 (/opt/ros/humble/share/ament_lint_auto/cmake)
[1.578s] -- Added test 'copyright' to check source files copyright and LICENSE
[1.579s] -- Added test 'lint_cmake' to check CMake code style
[1.580s] -- Added test 'xmllint' to check XML markup files
[1.582s] -- Configuring done
[1.604s] -- Generating done
[1.613s] -- Build files have been written to: /home/zak/anveshak/iroc/Iroc-26/ros2_ws/build/ros2_aruco_interfaces
[1.620s] Invoked command in '/home/zak/anveshak/iroc/Iroc-26/ros2_ws/build/ros2_aruco_interfaces' returned '0': CMAKE_PREFIX_PATH=${CMAKE_PREFIX_PATH}:/home/zak/anveshak/iroc/ros2_aruco/install/ros2_aruco:/opt/ros/humble /usr/bin/cmake /home/zak/anveshak/iroc/Iroc-26/ros2_ws/src/ros2_aruco_interfaces -DCMAKE_INSTALL_PREFIX=/home/zak/anveshak/iroc/Iroc-26/ros2_ws/install/ros2_aruco_interfaces
[1.621s] Invoking command in '/home/zak/anveshak/iroc/Iroc-26/ros2_ws/build/ros2_aruco_interfaces': CMAKE_PREFIX_PATH=${CMAKE_PREFIX_PATH}:/home/zak/anveshak/iroc/ros2_aruco/install/ros2_aruco:/opt/ros/humble /usr/bin/cmake --build /home/zak/anveshak/iroc/Iroc-26/ros2_ws/build/ros2_aruco_interfaces -- -j16 -l16
[1.656s] [  3%] [34m[1mGenerating C code for ROS interfaces[0m
[1.662s] [  6%] [34m[1mGenerating C++ code for ROS interfaces[0m
[1.671s] [  6%] Built target ament_cmake_python_copy_ros2_aruco_interfaces
[1.793s] running egg_info
[1.793s] creating ros2_aruco_interfaces.egg-info
[1.801s] writing ros2_aruco_interfaces.egg-info/PKG-INFO
[1.801s] writing dependency_links to ros2_aruco_interfaces.egg-info/dependency_links.txt
[1.801s] writing top-level names to ros2_aruco_interfaces.egg-info/top_level.txt
[1.801s] writing manifest file 'ros2_aruco_interfaces.egg-info/SOURCES.txt'
[1.814s] [  6%] Built target ros2_aruco_interfaces__cpp
[1.817s] [  9%] [32mBuilding C object CMakeFiles/ros2_aruco_interfaces__rosidl_generator_c.dir/rosidl_generator_c/ros2_aruco_interfaces/msg/detail/aruco_markers__functions.c.o[0m
[1.822s] [ 19%] [34m[1mGenerating C++ introspection for ROS interfaces[0m
[1.822s] [ 19%] [34m[1mGenerating C++ type support dispatch for ROS interfaces[0m
[1.822s] [ 19%] [34m[1mGenerating C++ type support for eProsima Fast-RTPS[0m
[1.827s] reading manifest file 'ros2_aruco_interfaces.egg-info/SOURCES.txt'
[1.827s] writing manifest file 'ros2_aruco_interfaces.egg-info/SOURCES.txt'
[1.850s] [ 19%] Built target ament_cmake_python_build_ros2_aruco_interfaces_egg
[1.854s] [ 22%] [32m[1mLinking C shared library libros2_aruco_interfaces__rosidl_generator_c.so[0m
[1.886s] [ 22%] Built target ros2_aruco_interfaces__rosidl_generator_c
[1.894s] [ 29%] [34m[1mGenerating C type support for eProsima Fast-RTPS[0m
[1.895s] [ 29%] [34m[1mGenerating C introspection for ROS interfaces[0m
[1.895s] [ 32%] [34m[1mGenerating C type support dispatch for ROS interfaces[0m
[1.962s] [ 35%] [32mBuilding CXX object CMakeFiles/ros2_aruco_interfaces__rosidl_typesupport_cpp.dir/rosidl_typesupport_cpp/ros2_aruco_interfaces/msg/aruco_markers__type_support.cpp.o[0m
[1.976s] [ 41%] [32mBuilding CXX object CMakeFiles/ros2_aruco_interfaces__rosidl_typesupport_introspection_cpp.dir/rosidl_typesupport_introspection_cpp/ros2_aruco_interfaces/msg/detail/aruco_markers__type_support.cpp.o[0m
[1.976s] [ 41%] [32mBuilding CXX object CMakeFiles/ros2_aruco_interfaces__rosidl_typesupport_fastrtps_cpp.dir/rosidl_typesupport_fastrtps_cpp/ros2_aruco_interfaces/msg/detail/dds_fastrtps/aruco_markers__type_support.cpp.o[0m
[2.037s] [ 45%] [32mBuilding CXX object CMakeFiles/ros2_aruco_interfaces__rosidl_typesupport_c.dir/rosidl_typesupport_c/ros2_aruco_interfaces/msg/aruco_markers__type_support.cpp.o[0m
[2.051s] [ 51%] [32mBuilding CXX object CMakeFiles/ros2_aruco_interfaces__rosidl_typesupport_fastrtps_c.dir/rosidl_typesupport_fastrtps_c/ros2_aruco_interfaces/msg/detail/aruco_markers__type_support_c.cpp.o[0m
[2.051s] [ 51%] [32mBuilding C object CMakeFiles/ros2_aruco_interfaces__rosidl_typesupport_introspection_c.dir/rosidl_typesupport_introspection_c/ros2_aruco_interfaces/msg/detail/aruco_markers__type_support.c.o[0m
[2.060s] [ 54%] [32m[1mLinking CXX shared library libros2_aruco_interfaces__rosidl_typesupport_c.so[0m
[2.080s] [ 58%] [32m[1mLinking C shared library libros2_aruco_interfaces__rosidl_typesupport_introspection_c.so[0m
[2.093s] [ 58%] Built target ros2_aruco_interfaces__rosidl_typesupport_c
[2.108s] [ 58%] Built target ros2_aruco_interfaces__rosidl_typesupport_introspection_c
[2.127s] [ 61%] [32m[1mLinking CXX shared library libros2_aruco_interfaces__rosidl_typesupport_cpp.so[0m
[2.162s] [ 61%] Built target ros2_aruco_interfaces__rosidl_typesupport_cpp
[2.248s] [ 64%] [32m[1mLinking CXX shared library libros2_aruco_interfaces__rosidl_typesupport_introspection_cpp.so[0m
[2.255s] [ 67%] [32m[1mLinking CXX shared library libros2_aruco_interfaces__rosidl_typesupport_fastrtps_c.so[0m
[2.267s] [ 70%] [32m[1mLinking CXX shared library libros2_aruco_interfaces__rosidl_typesupport_fastrtps_cpp.so[0m
[2.310s] [ 70%] Built target ros2_aruco_interfaces__rosidl_typesupport_introspection_cpp
[2.318s] [ 70%] Built target ros2_aruco_interfaces__rosidl_typesupport_fastrtps_c
[2.329s] [ 70%] Built target ros2_aruco_interfaces__rosidl_typesupport_fastrtps_cpp
[2.348s] [ 70%] Built target ros2_aruco_interfaces
[2.365s] [ 74%] [34m[1mGenerating Python code for ROS interfaces[0m
[2.545s] [ 74%] Built target ros2_aruco_interfaces__py
[2.562s] [ 77%] [32mBuilding C object CMakeFiles/ros2_aruco_interfaces__rosidl_generator_py.dir/rosidl_generator_py/ros2_aruco_interfaces/msg/_aruco_markers_s.c.o[0m
[2.636s] [ 80%] [32m[1mLinking C shared library rosidl_generator_py/ros2_aruco_interfaces/libros2_aruco_interfaces__rosidl_generator_py.so[0m
[2.671s] [ 80%] Built target ros2_aruco_interfaces__rosidl_generator_py
[2.686s] [ 83%] [32mBuilding C object CMakeFiles/ros2_aruco_interfaces__rosidl_typesupport_fastrtps_c__pyext.dir/rosidl_generator_py/ros2_aruco_interfaces/_ros2_aruco_interfaces_s.ep.rosidl_typesupport_fastrtps_c.c.o[0m
[2.687s] [ 87%] [32mBuilding C object CMakeFiles/ros2_aruco_interfaces__rosidl_typesupport_introspection_c__pyext.dir/rosidl_generator_py/ros2_aruco_interfaces/_ros2_aruco_interfaces_s.ep.rosidl_typesupport_introspection_c.c.o[0m
[2.687s] [ 90%] [32mBuilding C object CMakeFiles/ros2_aruco_interfaces__rosidl_typesupport_c__pyext.dir/rosidl_generator_py/ros2_aruco_interfaces/_ros2_aruco_interfaces_s.ep.rosidl_typesupport_c.c.o[0m
[2.754s] [100%] [32m[1mLinking C shared library rosidl_generator_py/ros2_aruco_interfaces/ros2_aruco_interfaces_s__rosidl_typesupport_fastrtps_c.cpython-310-x86_64-linux-gnu.so[0m
[2.755s] [100%] [32m[1mLinking C shared library rosidl_generator_py/ros2_aruco_interfaces/ros2_aruco_interfaces_s__rosidl_typesupport_c.cpython-310-x86_64-linux-gnu.so[0m
[2.755s] [100%] [32m[1mLinking C shared library rosidl_generator_py/ros2_aruco_interfaces/ros2_aruco_interfaces_s__rosidl_typesupport_introspection_c.cpython-310-x86_64-linux-gnu.so[0m
[2.785s] [100%] Built target ros2_aruco_interfaces__rosidl_typesupport_c__pyext
[2.785s] [100%] Built target ros2_aruco_interfaces__rosidl_typesupport_introspection_c__pyext
[2.785s] [100%] Built target ros2_aruco_interfaces__rosidl_typesupport_fastrtps_c__pyext
[2.795s] Invoked command in '/home/zak/anveshak/iroc/Iroc-26/ros2_ws/build/ros2_aruco_interfaces' returned '0': CMAKE_PREFIX_PATH=${CMAKE_PREFIX_PATH}:/home/zak/anveshak/iroc/ros2_aruco/install/ros2_aruco:/opt/ros/humble /usr/bin/cmake --build /home/zak/anveshak/iroc/Iroc-26/ros2_ws/build/ros2_aruco_interfaces -- -j16 -l16
[2.803s] Invoking command in '/home/zak/anveshak/iroc/Iroc-26/ros2_ws/build/ros2_aruco_interfaces': CMAKE_PREFIX_PATH=${CMAKE_PREFIX_PATH}:/home/zak/anveshak/iroc/ros2_aruco/install/ros2_aruco:/opt/ros/humble /usr/bin/cmake --install /home/zak/anveshak/iroc/Iroc-26/ros2_ws/build/ros2_aruco_interfaces
[2.809s] -- Install configuration: ""
[2.810s] -- Installing: /home/zak/anveshak/iroc/Iroc-26/ros2_ws/install/ros2_aruco_interfaces/share/ament_index/resource_index/rosidl_interfaces/ros2_aruco_interfaces
[2.810s] -- Installing: /home/zak/anveshak/iroc/Iroc-26/ros2_ws/install/ros2_aruco_interfaces/include/ros2_aruco_interfaces/ros2_aruco_interfaces
[2.810s] -- Installing: /home/zak/anveshak/iroc/Iroc-26/ros2_ws/install/ros2_aruco_interfaces/include/ros2_aruco_interfaces/ros2_aruco_interfaces/msg
[2.810s] -- Installing: /home/zak/anveshak/iroc/Iroc-26/ros2_ws/install/ros2_aruco_interfaces/include/ros2_aruco_interfaces/ros2_aruco_interfaces/msg/aruco_markers.h
[2.810s] -- Installing: /home/zak/anveshak/iroc/Iroc-26/ros2_ws/install/ros2_aruco_interfaces/include/ros2_aruco_interfaces/ros2_aruco_interfaces/msg/rosidl_generator_c__visibility_control.h
[2.810s] -- Installing: /home/zak/anveshak/iroc/Iroc-26/ros2_ws/install/ros2_aruco_interfaces/include/ros2_aruco_interfaces/ros2_aruco_interfaces/msg/detail
[2.810s] -- Installing: /home/zak/anveshak/iroc/Iroc-26/ros2_ws/install/ros2_aruco_interfaces/include/ros2_aruco_interfaces/ros2_aruco_interfaces/msg/detail/aruco_markers__type_support.h
[2.810s] -- Installing: /home/zak/anveshak/iroc/Iroc-26/ros2_ws/install/ros2_aruco_interfaces/include/ros2_aruco_interfaces/ros2_aruco_interfaces/msg/detail/aruco_markers__functions.h
[2.810s] -- Installing: /home/zak/anveshak/iroc/Iroc-26/ros2_ws/install/ros2_aruco_interfaces/include/ros2_aruco_interfaces/ros2_aruco_interfaces/msg/detail/aruco_markers__struct.h
[2.810s] -- Installing: /home/zak/anveshak/iroc/Iroc-26/ros2_ws/install/ros2_aruco_interfaces/include/ros2_aruco_interfaces/ros2_aruco_interfaces/msg/detail/aruco_markers__functions.c
[2.810s] -- Installing: /home/zak/anveshak/iroc/Iroc-26/ros2_ws/install/ros2_aruco_interfaces/share/ros2_aruco_interfaces/environment/library_path.sh
[2.810s] -- Installing: /home/zak/anveshak/iroc/Iroc-26/ros2_ws/install/ros2_aruco_interfaces/share/ros2_aruco_interfaces/environment/library_path.dsv
[2.810s] -- Installing: /home/zak/anveshak/iroc/Iroc-26/ros2_ws/install/ros2_aruco_interfaces/lib/libros2_aruco_interfaces__rosidl_generator_c.so
[2.811s] -- Set runtime path of "/home/zak/anveshak/iroc/Iroc-26/ros2_ws/install/ros2_aruco_interfaces/lib/libros2_aruco_interfaces__rosidl_generator_c.so" to ""
[2.811s] -- Up-to-date: /home/zak/anveshak/iroc/Iroc-26/ros2_ws/install/ros2_aruco_interfaces/include/ros2_aruco_interfaces/ros2_aruco_interfaces
[2.811s] -- Up-to-date: /home/zak/anveshak/iroc/Iroc-26/ros2_ws/install/ros2_aruco_interfaces/include/ros2_aruco_interfaces/ros2_aruco_interfaces/msg
[2.811s] -- Installing: /home/zak/anveshak/iroc/Iroc-26/ros2_ws/install/ros2_aruco_interfaces/include/ros2_aruco_interfaces/ros2_aruco_interfaces/msg/rosidl_typesupport_fastrtps_c__visibility_control.h
[2.811s] -- Up-to-date: /home/zak/anveshak/iroc/Iroc-26/ros2_ws/install/ros2_aruco_interfaces/include/ros2_aruco_interfaces/ros2_aruco_interfaces/msg/detail
[2.811s] -- Installing: /home/zak/anveshak/iroc/Iroc-26/ros2_ws/install/ros2_aruco_interfaces/include/ros2_aruco_interfaces/ros2_aruco_interfaces/msg/detail/aruco_markers__rosidl_typesupport_fastrtps_c.h
[2.811s] -- Installing: /home/zak/anveshak/iroc/Iroc-26/ros2_ws/install/ros2_aruco_interfaces/lib/libros2_aruco_interfaces__rosidl_typesupport_fastrtps_c.so
[2.811s] -- Set runtime path of "/home/zak/anveshak/iroc/Iroc-26/ros2_ws/install/ros2_aruco_interfaces/lib/libros2_aruco_interfaces__rosidl_typesupport_fastrtps_c.so" to ""
[2.811s] -- Up-to-date: /home/zak/anveshak/iroc/Iroc-26/ros2_ws/install/ros2_aruco_interfaces/include/ros2_aruco_interfaces/ros2_aruco_interfaces
[2.811s] -- Up-to-date: /home/zak/anveshak/iroc/Iroc-26/ros2_ws/install/ros2_aruco_interfaces/include/ros2_aruco_interfaces/ros2_aruco_interfaces/msg
[2.811s] -- Installing: /home/zak/anveshak/iroc/Iroc-26/ros2_ws/install/ros2_aruco_interfaces/include/ros2_aruco_interfaces/ros2_aruco_interfaces/msg/rosidl_generator_cpp__visibility_control.hpp
[2.811s] -- Up-to-date: /home/zak/anveshak/iroc/Iroc-26/ros2_ws/install/ros2_aruco_interfaces/include/ros2_aruco_interfaces/ros2_aruco_interfaces/msg/detail
[2.812s] -- Installing: /home/zak/anveshak/iroc/Iroc-26/ros2_ws/install/ros2_aruco_interfaces/include/ros2_aruco_interfaces/ros2_aruco_interfaces/msg/detail/aruco_markers__builder.hpp
[2.812s] -- Installing: /home/zak/anveshak/iroc/Iroc-26/ros2_ws/install/ros2_aruco_interfaces/include/ros2_aruco_interfaces/ros2_aruco_interfaces/msg/detail/aruco_markers__type_support.hpp
[2.812s] -- Installing: /home/zak/anveshak/iroc/Iroc-26/ros2_ws/install/ros2_aruco_interfaces/include/ros2_aruco_interfaces/ros2_aruco_interfaces/msg/detail/aruco_markers__traits.hpp
[2.812s] -- Installing: /home/zak/anveshak/iroc/Iroc-26/ros2_ws/install/ros2_aruco_interfaces/include/ros2_aruco_interfaces/ros2_aruco_interfaces/msg/detail/aruco_markers__struct.hpp
[2.812s] -- Installing: /home/zak/anveshak/iroc/Iroc-26/ros2_ws/install/ros2_aruco_interfaces/include/ros2_aruco_interfaces/ros2_aruco_interfaces/msg/aruco_markers.hpp
[2.812s] -- Up-to-date: /home/zak/anveshak/iroc/Iroc-26/ros2_ws/install/ros2_aruco_interfaces/include/ros2_aruco_interfaces/ros2_aruco_interfaces
[2.812s] -- Up-to-date: /home/zak/anveshak/iroc/Iroc-26/ros2_ws/install/ros2_aruco_interfaces/include/ros2_aruco_interfaces/ros2_aruco_interfaces/msg
[2.812s] -- Installing: /home/zak/anveshak/iroc/Iroc-26/ros2_ws/install/ros2_aruco_interfaces/include/ros2_aruco_interfaces/ros2_aruco_interfaces/msg/rosidl_typesupport_fastrtps_cpp__visibility_control.h
[2.812s] -- Up-to-date: /home/zak/anveshak/iroc/Iroc-26/ros2_ws/install/ros2_aruco_interfaces/include/ros2_aruco_interfaces/ros2_aruco_interfaces/msg/detail
[2.812s] -- Installing: /home/zak/anveshak/iroc/Iroc-26/ros2_ws/install/ros2_aruco_interfaces/include/ros2_aruco_interfaces/ros2_aruco_interfaces/msg/detail/dds_fastrtps
[2.812s] -- Installing: /home/zak/anveshak/iroc/Iroc-26/ros2_ws/install/ros2_aruco_interfaces/include/ros2_aruco_interfaces/ros2_aruco_interfaces/msg/detail/aruco_markers__rosidl_typesupport_fastrtps_cpp.hpp
[2.812s] -- Installing: /home/zak/anveshak/iroc/Iroc-26/ros2_ws/install/ros2_aruco_interfaces/lib/libros2_aruco_interfaces__rosidl_typesupport_fastrtps_cpp.so
[2.813s] -- Set runtime path of "/home/zak/anveshak/iroc/Iroc-26/ros2_ws/install/ros2_aruco_interfaces/lib/libros2_aruco_interfaces__rosidl_typesupport_fastrtps_cpp.so" to ""
[2.813s] -- Up-to-date: /home/zak/anveshak/iroc/Iroc-26/ros2_ws/install/ros2_aruco_interfaces/include/ros2_aruco_interfaces/ros2_aruco_interfaces
[2.813s] -- Up-to-date: /home/zak/anveshak/iroc/Iroc-26/ros2_ws/install/ros2_aruco_interfaces/include/ros2_aruco_interfaces/ros2_aruco_interfaces/msg
[2.813s] -- Installing: /home/zak/anveshak/iroc/Iroc-26/ros2_ws/install/ros2_aruco_interfaces/include/ros2_aruco_interfaces/ros2_aruco_interfaces/msg/rosidl_typesupport_introspection_c__visibility_control.h
[2.814s] -- Up-to-date: /home/zak/anveshak/iroc/Iroc-26/ros2_ws/install/ros2_aruco_interfaces/include/ros2_aruco_interfaces/ros2_aruco_interfaces/msg/detail
[2.814s] -- Installing: /home/zak/anveshak/iroc/Iroc-26/ros2_ws/install/ros2_aruco_interfaces/include/ros2_aruco_interfaces/ros2_aruco_interfaces/msg/detail/aruco_markers__type_support.c
[2.814s] -- Installing: /home/zak/anveshak/iroc/Iroc-26/ros2_ws/install/ros2_aruco_interfaces/include/ros2_aruco_interfaces/ros2_aruco_interfaces/msg/detail/aruco_markers__rosidl_typesupport_introspection_c.h
[2.814s] -- Installing: /home/zak/anveshak/iroc/Iroc-26/ros2_ws/install/ros2_aruco_interfaces/lib/libros2_aruco_interfaces__rosidl_typesupport_introspection_c.so
[2.814s] -- Set runtime path of "/home/zak/anveshak/iroc/Iroc-26/ros2_ws/install/ros2_aruco_interfaces/lib/libros2_aruco_interfaces__rosidl_typesupport_introspection_c.so" to ""
[2.814s] -- Installing: /home/zak/anveshak/iroc/Iroc-26/ros2_ws/install/ros2_aruco_interfaces/lib/libros2_aruco_interfaces__rosidl_typesupport_c.so
[2.815s] -- Set runtime path of "/home/zak/anveshak/iroc/Iroc-26/ros2_ws/install/ros2_aruco_interfaces/lib/libros2_aruco_interfaces__rosidl_typesupport_c.so" to ""
[2.815s] -- Up-to-date: /home/zak/anveshak/iroc/Iroc-26/ros2_ws/install/ros2_aruco_interfaces/include/ros2_aruco_interfaces/ros2_aruco_interfaces
[2.815s] -- Up-to-date: /home/zak/anveshak/iroc/Iroc-26/ros2_ws/install/ros2_aruco_interfaces/include/ros2_aruco_interfaces/ros2_aruco_interfaces/msg
[2.815s] -- Up-to-date: /home/zak/anveshak/iroc/Iroc-26/ros2_ws/install/ros2_aruco_interfaces/include/ros2_aruco_interfaces/ros2_aruco_interfaces/msg/detail
[2.815s] -- Installing: /home/zak/anveshak/iroc/Iroc-26/ros2_ws/install/ros2_aruco_interfaces/include/ros2_aruco_interfaces/ros2_aruco_interfaces/msg/detail/aruco_markers__type_support.cpp
[2.815s] -- Installing: /home/zak/anveshak/iroc/Iroc-26/ros2_ws/install/ros2_aruco_interfaces/include/ros2_aruco_interfaces/ros2_aruco_interfaces/msg/detail/aruco_markers__rosidl_typesupport_introspection_cpp.hpp
[2.815s] -- Installing: /home/zak/anveshak/iroc/Iroc-26/ros2_ws/install/ros2_aruco_interfaces/lib/libros2_aruco_interfaces__rosidl_typesupport_introspection_cpp.so
[2.815s] -- Set runtime path of "/home/zak/anveshak/iroc/Iroc-26/ros2_ws/install/ros2_aruco_interfaces/lib/libros2_aruco_interfaces__rosidl_typesupport_introspection_cpp.so" to ""
[2.815s] -- Installing: /home/zak/anveshak/iroc/Iroc-26/ros2_ws/install/ros2_aruco_interfaces/lib/libros2_aruco_interfaces__rosidl_typesupport_cpp.so
[2.815s] -- Set runtime path of "/home/zak/anveshak/iroc/Iroc-26/ros2_ws/install/ros2_aruco_interfaces/lib/libros2_aruco_interfaces__rosidl_typesupport_cpp.so" to ""
[2.816s] -- Installing: /home/zak/anveshak/iroc/Iroc-26/ros2_ws/install/ros2_aruco_interfaces/share/ros2_aruco_interfaces/environment/pythonpath.sh
[2.816s] -- Installing: /home/zak/anveshak/iroc/Iroc-26/ros2_ws/install/ros2_aruco_interfaces/share/ros2_aruco_interfaces/environment/pythonpath.dsv
[2.816s] -- Installing: /home/zak/anveshak/iroc/Iroc-26/ros2_ws/install/ros2_aruco_interfaces/local/lib/python3.10/dist-packages/ros2_aruco_interfaces-0.1.0-py3.10.egg-info
[2.816s] -- Installing: /home/zak/anveshak/iroc/Iroc-26/ros2_ws/install/ros2_aruco_interfaces/local/lib/python3.10/dist-packages/ros2_aruco_interfaces-0.1.0-py3.10.egg-info/dependency_links.txt
[2.816s] -- Installing: /home/zak/anveshak/iroc/Iroc-26/ros2_ws/install/ros2_aruco_interfaces/local/lib/python3.10/dist-packages/ros2_aruco_interfaces-0.1.0-py3.10.egg-info/SOURCES.txt
[2.816s] -- Installing: /home/zak/anveshak/iroc/Iroc-26/ros2_ws/install/ros2_aruco_interfaces/local/lib/python3.10/dist-packages/ros2_aruco_interfaces-0.1.0-py3.10.egg-info/top_level.txt
[2.816s] -- Installing: /home/zak/anveshak/iroc/Iroc-26/ros2_ws/install/ros2_aruco_interfaces/local/lib/python3.10/dist-packages/ros2_aruco_interfaces-0.1.0-py3.10.egg-info/PKG-INFO
[2.816s] -- Installing: /home/zak/anveshak/iroc/Iroc-26/ros2_ws/install/ros2_aruco_interfaces/local/lib/python3.10/dist-packages/ros2_aruco_interfaces
[2.816s] -- Installing: /home/zak/anveshak/iroc/Iroc-26/ros2_ws/install/ros2_aruco_interfaces/local/lib/python3.10/dist-packages/ros2_aruco_interfaces/ros2_aruco_interfaces_s__rosidl_typesupport_fastrtps_c.cpython-310-x86_64-linux-gnu.so
[2.816s] -- Installing: /home/zak/anveshak/iroc/Iroc-26/ros2_ws/install/ros2_aruco_interfaces/local/lib/python3.10/dist-packages/ros2_aruco_interfaces/ros2_aruco_interfaces_s__rosidl_typesupport_introspection_c.cpython-310-x86_64-linux-gnu.so
[2.817s] -- Installing: /home/zak/anveshak/iroc/Iroc-26/ros2_ws/install/ros2_aruco_interfaces/local/lib/python3.10/dist-packages/ros2_aruco_interfaces/__init__.py
[2.817s] -- Installing: /home/zak/anveshak/iroc/Iroc-26/ros2_ws/install/ros2_aruco_interfaces/local/lib/python3.10/dist-packages/ros2_aruco_interfaces/_ros2_aruco_interfaces_s.ep.rosidl_typesupport_introspection_c.c
[2.818s] -- Installing: /home/zak/anveshak/iroc/Iroc-26/ros2_ws/install/ros2_aruco_interfaces/local/lib/python3.10/dist-packages/ros2_aruco_interfaces/libros2_aruco_interfaces__rosidl_generator_py.so
[2.818s] -- Installing: /home/zak/anveshak/iroc/Iroc-26/ros2_ws/install/ros2_aruco_interfaces/local/lib/python3.10/dist-packages/ros2_aruco_interfaces/_ros2_aruco_interfaces_s.ep.rosidl_typesupport_c.c
[2.818s] -- Installing: /home/zak/anveshak/iroc/Iroc-26/ros2_ws/install/ros2_aruco_interfaces/local/lib/python3.10/dist-packages/ros2_aruco_interfaces/ros2_aruco_interfaces_s__rosidl_typesupport_c.cpython-310-x86_64-linux-gnu.so
[2.819s] -- Installing: /home/zak/anveshak/iroc/Iroc-26/ros2_ws/install/ros2_aruco_interfaces/local/lib/python3.10/dist-packages/ros2_aruco_interfaces/_ros2_aruco_interfaces_s.ep.rosidl_typesupport_fastrtps_c.c
[2.819s] -- Installing: /home/zak/anveshak/iroc/Iroc-26/ros2_ws/install/ros2_aruco_interfaces/local/lib/python3.10/dist-packages/ros2_aruco_interfaces/msg
[2.819s] -- Installing: /home/zak/anveshak/iroc/Iroc-26/ros2_ws/install/ros2_aruco_interfaces/local/lib/python3.10/dist-packages/ros2_aruco_interfaces/msg/__init__.py
[2.819s] -- Installing: /home/zak/anveshak/iroc/Iroc-26/ros2_ws/install/ros2_aruco_interfaces/local/lib/python3.10/dist-packages/ros2_aruco_interfaces/msg/_aruco_markers_s.c
[2.819s] -- Installing: /home/zak/anveshak/iroc/Iroc-26/ros2_ws/install/ros2_aruco_interfaces/local/lib/python3.10/dist-packages/ros2_aruco_interfaces/msg/_aruco_markers.py
[2.843s] Listing '/home/zak/anveshak/iroc/Iroc-26/ros2_ws/install/ros2_aruco_interfaces/local/lib/python3.10/dist-packages/ros2_aruco_interfaces'...
[2.843s] Compiling '/home/zak/anveshak/iroc/Iroc-26/ros2_ws/install/ros2_aruco_interfaces/local/lib/python3.10/dist-packages/ros2_aruco_interfaces/__init__.py'...
[2.843s] Listing '/home/zak/anveshak/iroc/Iroc-26/ros2_ws/install/ros2_aruco_interfaces/local/lib/python3.10/dist-packages/ros2_aruco_interfaces/msg'...
[2.843s] Compiling '/home/zak/anveshak/iroc/Iroc-26/ros2_ws/install/ros2_aruco_interfaces/local/lib/python3.10/dist-packages/ros2_aruco_interfaces/msg/__init__.py'...
[2.843s] Compiling '/home/zak/anveshak/iroc/Iroc-26/ros2_ws/install/ros2_aruco_interfaces/local/lib/python3.10/dist-packages/ros2_aruco_interfaces/msg/_aruco_markers.py'...
[2.846s] -- Installing: /home/zak/anveshak/iroc/Iroc-26/ros2_ws/install/ros2_aruco_interfaces/local/lib/python3.10/dist-packages/ros2_aruco_interfaces/ros2_aruco_interfaces_s__rosidl_typesupport_fastrtps_c.cpython-310-x86_64-linux-gnu.so
[2.847s] -- Set runtime path of "/home/zak/anveshak/iroc/Iroc-26/ros2_ws/install/ros2_aruco_interfaces/local/lib/python3.10/dist-packages/ros2_aruco_interfaces/ros2_aruco_interfaces_s__rosidl_typesupport_fastrtps_c.cpython-310-x86_64-linux-gnu.so" to ""
[2.847s] -- Installing: /home/zak/anveshak/iroc/Iroc-26/ros2_ws/install/ros2_aruco_interfaces/local/lib/python3.10/dist-packages/ros2_aruco_interfaces/ros2_aruco_interfaces_s__rosidl_typesupport_introspection_c.cpython-310-x86_64-linux-gnu.so
[2.847s] -- Set runtime path of "/home/zak/anveshak/iroc/Iroc-26/ros2_ws/install/ros2_aruco_interfaces/local/lib/python3.10/dist-packages/ros2_aruco_interfaces/ros2_aruco_interfaces_s__rosidl_typesupport_introspection_c.cpython-310-x86_64-linux-gnu.so" to ""
[2.847s] -- Installing: /home/zak/anveshak/iroc/Iroc-26/ros2_ws/install/ros2_aruco_interfaces/local/lib/python3.10/dist-packages/ros2_aruco_interfaces/ros2_aruco_interfaces_s__rosidl_typesupport_c.cpython-310-x86_64-linux-gnu.so
[2.847s] -- Set runtime path of "/home/zak/anveshak/iroc/Iroc-26/ros2_ws/install/ros2_aruco_interfaces/local/lib/python3.10/dist-packages/ros2_aruco_interfaces/ros2_aruco_interfaces_s__rosidl_typesupport_c.cpython-310-x86_64-linux-gnu.so" to ""
[2.848s] -- Installing: /home/zak/anveshak/iroc/Iroc-26/ros2_ws/install/ros2_aruco_interfaces/lib/libros2_aruco_interfaces__rosidl_generator_py.so
[2.848s] -- Set runtime path of "/home/zak/anveshak/iroc/Iroc-26/ros2_ws/install/ros2_aruco_interfaces/lib/libros2_aruco_interfaces__rosidl_generator_py.so" to ""
[2.848s] -- Installing: /home/zak/anveshak/iroc/Iroc-26/ros2_ws/install/ros2_aruco_interfaces/share/ros2_aruco_interfaces/msg/ArucoMarkers.idl
[2.848s] -- Installing: /home/zak/anveshak/iroc/Iroc-26/ros2_ws/install/ros2_aruco_interfaces/share/ros2_aruco_interfaces/msg/ArucoMarkers.msg
[2.848s] -- Installing: /home/zak/anveshak/iroc/Iroc-26/ros2_ws/install/ros2_aruco_interfaces/share/ament_index/resource_index/package_run_dependencies/ros2_aruco_interfaces
[2.848s] -- Installing: /home/zak/anveshak/iroc/Iroc-26/ros2_ws/install/ros2_aruco_interfaces/share/ament_index/resource_index/parent_prefix_path/ros2_aruco_interfaces
[2.848s] -- Installing: /home/zak/anveshak/iroc/Iroc-26/ros2_ws/install/ros2_aruco_interfaces/share/ros2_aruco_interfaces/environment/ament_prefix_path.sh
[2.848s] -- Installing: /home/zak/anveshak/iroc/Iroc-26/ros2_ws/install/ros2_aruco_interfaces/share/ros2_aruco_interfaces/environment/ament_prefix_path.dsv
[2.848s] -- Installing: /home/zak/anveshak/iroc/Iroc-26/ros2_ws/install/ros2_aruco_interfaces/share/ros2_aruco_interfaces/environment/path.sh
[2.849s] -- Installing: /home/zak/anveshak/iroc/Iroc-26/ros2_ws/install/ros2_aruco_interfaces/share/ros2_aruco_interfaces/environment/path.dsv
[2.849s] -- Installing: /home/zak/anveshak/iroc/Iroc-26/ros2_ws/install/ros2_aruco_interfaces/share/ros2_aruco_interfaces/local_setup.bash
[2.849s] -- Installing: /home/zak/anveshak/iroc/Iroc-26/ros2_ws/install/ros2_aruco_interfaces/share/ros2_aruco_interfaces/local_setup.sh
[2.849s] -- Installing: /home/zak/anveshak/iroc/Iroc-26/ros2_ws/install/ros2_aruco_interfaces/share/ros2_aruco_interfaces/local_setup.zsh
[2.849s] -- Installing: /home/zak/anveshak/iroc/Iroc-26/ros2_ws/install/ros2_aruco_interfaces/share/ros2_aruco_interfaces/local_setup.dsv
[2.849s] -- Installing: /home/zak/anveshak/iroc/Iroc-26/ros2_ws/install/ros2_aruco_interfaces/share/ros2_aruco_interfaces/package.dsv
[2.849s] -- Installing: /home/zak/anveshak/iroc/Iroc-26/ros2_ws/install/ros2_aruco_interfaces/share/ament_index/resource_index/packages/ros2_aruco_interfaces
[2.849s] -- Installing: /home/zak/anveshak/iroc/Iroc-26/ros2_ws/install/ros2_aruco_interfaces/share/ros2_aruco_interfaces/cmake/export_ros2_aruco_interfaces__rosidl_generator_cExport.cmake
[2.849s] -- Installing: /home/zak/anveshak/iroc/Iroc-26/ros2_ws/install/ros2_aruco_interfaces/share/ros2_aruco_interfaces/cmake/export_ros2_aruco_interfaces__rosidl_generator_cExport-noconfig.cmake
[2.849s] -- Installing: /home/zak/anveshak/iroc/Iroc-26/ros2_ws/install/ros2_aruco_interfaces/share/ros2_aruco_interfaces/cmake/export_ros2_aruco_interfaces__rosidl_typesupport_fastrtps_cExport.cmake
[2.850s] -- Installing: /home/zak/anveshak/iroc/Iroc-26/ros2_ws/install/ros2_aruco_interfaces/share/ros2_aruco_interfaces/cmake/export_ros2_aruco_interfaces__rosidl_typesupport_fastrtps_cExport-noconfig.cmake
[2.850s] -- Installing: /home/zak/anveshak/iroc/Iroc-26/ros2_ws/install/ros2_aruco_interfaces/share/ros2_aruco_interfaces/cmake/export_ros2_aruco_interfaces__rosidl_generator_cppExport.cmake
[2.850s] -- Installing: /home/zak/anveshak/iroc/Iroc-26/ros2_ws/install/ros2_aruco_interfaces/share/ros2_aruco_interfaces/cmake/export_ros2_aruco_interfaces__rosidl_typesupport_fastrtps_cppExport.cmake
[2.850s] -- Installing: /home/zak/anveshak/iroc/Iroc-26/ros2_ws/install/ros2_aruco_interfaces/share/ros2_aruco_interfaces/cmake/export_ros2_aruco_interfaces__rosidl_typesupport_fastrtps_cppExport-noconfig.cmake
[2.850s] -- Installing: /home/zak/anveshak/iroc/Iroc-26/ros2_ws/install/ros2_aruco_interfaces/share/ros2_aruco_interfaces/cmake/ros2_aruco_interfaces__rosidl_typesupport_introspection_cExport.cmake
[2.850s] -- Installing: /home/zak/anveshak/iroc/Iroc-26/ros2_ws/install/ros2_aruco_interfaces/share/ros2_aruco_interfaces/cmake/ros2_aruco_interfaces__rosidl_typesupport_introspection_cExport-noconfig.cmake
[2.850s] -- Installing: /home/zak/anveshak/iroc/Iroc-26/ros2_ws/install/ros2_aruco_interfaces/share/ros2_aruco_interfaces/cmake/ros2_aruco_interfaces__rosidl_typesupport_cExport.cmake
[2.850s] -- Installing: /home/zak/anveshak/iroc/Iroc-26/ros2_ws/install/ros2_aruco_interfaces/share/ros2_aruco_interfaces/cmake/ros2_aruco_interfaces__rosidl_typesupport_cExport-noconfig.cmake
[2.850s] -- Installing: /home/zak/anveshak/iroc/Iroc-26/ros2_ws/install/ros2_aruco_interfaces/share/ros2_aruco_interfaces/cmake/ros2_aruco_interfaces__rosidl_typesupport_introspection_cppExport.cmake
[2.851s] -- Installing: /home/zak/anveshak/iroc/Iroc-26/ros2_ws/install/ros2_aruco_interfaces/share/ros2_aruco_interfaces/cmake/ros2_aruco_interfaces__rosidl_typesupport_introspection_cppExport-noconfig.cmake
[2.851s] -- Installing: /home/zak/anveshak/iroc/Iroc-26/ros2_ws/install/ros2_aruco_interfaces/share/ros2_aruco_interfaces/cmake/ros2_aruco_interfaces__rosidl_typesupport_cppExport.cmake
[2.851s] -- Installing: /home/zak/anveshak/iroc/Iroc-26/ros2_ws/install/ros2_aruco_interfaces/share/ros2_aruco_interfaces/cmake/ros2_aruco_interfaces__rosidl_typesupport_cppExport-noconfig.cmake
[2.851s] -- Installing: /home/zak/anveshak/iroc/Iroc-26/ros2_ws/install/ros2_aruco_interfaces/share/ros2_aruco_interfaces/cmake/export_ros2_aruco_interfaces__rosidl_generator_pyExport.cmake
[2.851s] -- Installing: /home/zak/anveshak/iroc/Iroc-26/ros2_ws/install/ros2_aruco_interfaces/share/ros2_aruco_interfaces/cmake/export_ros2_aruco_interfaces__rosidl_generator_pyExport-noconfig.cmake
[2.851s] -- Installing: /home/zak/anveshak/iroc/Iroc-26/ros2_ws/install/ros2_aruco_interfaces/share/ros2_aruco_interfaces/cmake/rosidl_cmake-extras.cmake
[2.851s] -- Installing: /home/zak/anveshak/iroc/Iroc-26/ros2_ws/install/ros2_aruco_interfaces/share/ros2_aruco_interfaces/cmake/ament_cmake_export_dependencies-extras.cmake
[2.851s] -- Installing: /home/zak/anveshak/iroc/Iroc-26/ros2_ws/install/ros2_aruco_interfaces/share/ros2_aruco_interfaces/cmake/ament_cmake_export_include_directories-extras.cmake
[2.851s] -- Installing: /home/zak/anveshak/iroc/Iroc-26/ros2_ws/install/ros2_aruco_interfaces/share/ros2_aruco_interfaces/cmake/ament_cmake_export_libraries-extras.cmake
[2.852s] -- Installing: /home/zak/anveshak/iroc/Iroc-26/ros2_ws/install/ros2_aruco_interfaces/share/ros2_aruco_interfaces/cmake/ament_cmake_export_targets-extras.cmake
[2.852s] -- Installing: /home/zak/anveshak/iroc/Iroc-26/ros2_ws/install/ros2_aruco_interfaces/share/ros2_aruco_interfaces/cmake/rosidl_cmake_export_typesupport_targets-extras.cmake
[2.852s] -- Installing: /home/zak/anveshak/iroc/Iroc-26/ros2_ws/install/ros2_aruco_interfaces/share/ros2_aruco_interfaces/cmake/rosidl_cmake_export_typesupport_libraries-extras.cmake
[2.852s] -- Installing: /home/zak/anveshak/iroc/Iroc-26/ros2_ws/install/ros2_aruco_interfaces/share/ros2_aruco_interfaces/cmake/ros2_aruco_interfacesConfig.cmake
[2.852s] -- Installing: /home/zak/anveshak/iroc/Iroc-26/ros2_ws/install/ros2_aruco_interfaces/share/ros2_aruco_interfaces/cmake/ros2_aruco_interfacesConfig-version.cmake
[2.852s] -- Installing: /home/zak/anveshak/iroc/Iroc-26/ros2_ws/install/ros2_aruco_interfaces/share/ros2_aruco_interfaces/package.xml
[2.854s] Invoked command in '/home/zak/anveshak/iroc/Iroc-26/ros2_ws/build/ros2_aruco_interfaces' returned '0': CMAKE_PREFIX_PATH=${CMAKE_PREFIX_PATH}:/home/zak/anveshak/iroc/ros2_aruco/install/ros2_aruco:/opt/ros/humble /usr/bin/cmake --install /home/zak/anveshak/iroc/Iroc-26/ros2_ws/build/ros2_aruco_interfaces
