[0.127s] Invoking command in '/home/avg/anveshak/iroc/Iroc-26/ros2_ws/build/ros2_aruco_interfaces': CMAKE_PREFIX_PATH=${CMAKE_PREFIX_PATH}:/home/avg/anveshak/iroc/Iroc-26/ros2_ws/install/ros2_aruco:/home/avg/anveshak/iroc/iroc26/install/ros2_aruco:/home/avg/anveshak/project/install/tf_transformations:/home/avg/anveshak/project/install/rover_final_boss:/home/avg/anveshak/project/install/my_package:/home/avg/anveshak/project/install/gps:/home/avg/anveshak/project/install/bug:/home/avg/task5_anveshak_ws/install/visualizer:/home/avg/anveshak/Rover/Four_Wheels_Steering_bot/Example_ros2_ws/install/gps:/home/avg/anveshak/Rover/Four_Wheels_Steering_bot/Example_ros2_ws/install/control2:/home/avg/anveshak/Rover/Four_Wheels_Steering_bot/Example_ros2_ws/install/autonomous:/home/avg/task2_anveshak_ws/install/task_2:/home/avg/aero_guild/ros2_ws/install/task_2:/opt/ros/humble /usr/bin/cmake --build /home/avg/anveshak/iroc/Iroc-26/ros2_ws/build/ros2_aruco_interfaces -- -j16 -l16
[0.155s] [35m[1mConsolidate compiler generated dependencies of target ros2_aruco_interfaces__rosidl_generator_c[0m
[0.162s] [  9%] Built target ros2_aruco_interfaces__rosidl_generator_c
[0.162s] [  9%] Built target ament_cmake_python_copy_ros2_aruco_interfaces
[0.163s] [ 12%] Built target ros2_aruco_interfaces__cpp
[0.168s] [35m[1mConsolidate compiler generated dependencies of target ros2_aruco_interfaces__rosidl_typesupport_c[0m
[0.168s] [35m[1mConsolidate compiler generated dependencies of target ros2_aruco_interfaces__rosidl_typesupport_cpp[0m
[0.169s] [35m[1mConsolidate compiler generated dependencies of target ros2_aruco_interfaces__rosidl_typesupport_introspection_cpp[0m
[0.170s] [35m[1mConsolidate compiler generated dependencies of target ros2_aruco_interfaces__rosidl_typesupport_introspection_c[0m
[0.170s] [35m[1mConsolidate compiler generated dependencies of target ros2_aruco_interfaces__rosidl_typesupport_fastrtps_c[0m
[0.171s] [35m[1mConsolidate compiler generated dependencies of target ros2_aruco_interfaces__rosidl_typesupport_fastrtps_cpp[0m
[0.174s] [ 22%] Built target ros2_aruco_interfaces__rosidl_typesupport_c
[0.174s] [ 32%] Built target ros2_aruco_interfaces__rosidl_typesupport_cpp
[0.176s] [ 41%] Built target ros2_aruco_interfaces__rosidl_typesupport_introspection_cpp
[0.178s] [ 51%] Built target ros2_aruco_interfaces__rosidl_typesupport_introspection_c
[0.178s] [ 61%] Built target ros2_aruco_interfaces__rosidl_typesupport_fastrtps_c
[0.180s] [ 70%] Built target ros2_aruco_interfaces__rosidl_typesupport_fastrtps_cpp
[0.194s] [ 70%] Built target ros2_aruco_interfaces
[0.210s] [ 74%] Built target ros2_aruco_interfaces__py
[0.217s] [35m[1mConsolidate compiler generated dependencies of target ros2_aruco_interfaces__rosidl_generator_py[0m
[0.226s] [ 80%] Built target ros2_aruco_interfaces__rosidl_generator_py
[0.232s] [35m[1mConsolidate compiler generated dependencies of target ros2_aruco_interfaces__rosidl_typesupport_fastrtps_c__pyext[0m
[0.233s] [35m[1mConsolidate compiler generated dependencies of target ros2_aruco_interfaces__rosidl_typesupport_introspection_c__pyext[0m
[0.234s] [35m[1mConsolidate compiler generated dependencies of target ros2_aruco_interfaces__rosidl_typesupport_c__pyext[0m
[0.240s] [ 87%] Built target ros2_aruco_interfaces__rosidl_typesupport_introspection_c__pyext
[0.241s] [ 93%] Built target ros2_aruco_interfaces__rosidl_typesupport_c__pyext
[0.242s] [100%] Built target ros2_aruco_interfaces__rosidl_typesupport_fastrtps_c__pyext
[0.295s] running egg_info
[0.305s] writing ros2_aruco_interfaces.egg-info/PKG-INFO
[0.306s] writing dependency_links to ros2_aruco_interfaces.egg-info/dependency_links.txt
[0.306s] writing top-level names to ros2_aruco_interfaces.egg-info/top_level.txt
[0.333s] reading manifest file 'ros2_aruco_interfaces.egg-info/SOURCES.txt'
[0.334s] writing manifest file 'ros2_aruco_interfaces.egg-info/SOURCES.txt'
[0.351s] [100%] Built target ament_cmake_python_build_ros2_aruco_interfaces_egg
[0.359s] Invoked command in '/home/avg/anveshak/iroc/Iroc-26/ros2_ws/build/ros2_aruco_interfaces' returned '0': CMAKE_PREFIX_PATH=${CMAKE_PREFIX_PATH}:/home/avg/anveshak/iroc/Iroc-26/ros2_ws/install/ros2_aruco:/home/avg/anveshak/iroc/iroc26/install/ros2_aruco:/home/avg/anveshak/project/install/tf_transformations:/home/avg/anveshak/project/install/rover_final_boss:/home/avg/anveshak/project/install/my_package:/home/avg/anveshak/project/install/gps:/home/avg/anveshak/project/install/bug:/home/avg/task5_anveshak_ws/install/visualizer:/home/avg/anveshak/Rover/Four_Wheels_Steering_bot/Example_ros2_ws/install/gps:/home/avg/anveshak/Rover/Four_Wheels_Steering_bot/Example_ros2_ws/install/control2:/home/avg/anveshak/Rover/Four_Wheels_Steering_bot/Example_ros2_ws/install/autonomous:/home/avg/task2_anveshak_ws/install/task_2:/home/avg/aero_guild/ros2_ws/install/task_2:/opt/ros/humble /usr/bin/cmake --build /home/avg/anveshak/iroc/Iroc-26/ros2_ws/build/ros2_aruco_interfaces -- -j16 -l16
[0.365s] Invoking command in '/home/avg/anveshak/iroc/Iroc-26/ros2_ws/build/ros2_aruco_interfaces': CMAKE_PREFIX_PATH=${CMAKE_PREFIX_PATH}:/home/avg/anveshak/iroc/Iroc-26/ros2_ws/install/ros2_aruco:/home/avg/anveshak/iroc/iroc26/install/ros2_aruco:/home/avg/anveshak/project/install/tf_transformations:/home/avg/anveshak/project/install/rover_final_boss:/home/avg/anveshak/project/install/my_package:/home/avg/anveshak/project/install/gps:/home/avg/anveshak/project/install/bug:/home/avg/task5_anveshak_ws/install/visualizer:/home/avg/anveshak/Rover/Four_Wheels_Steering_bot/Example_ros2_ws/install/gps:/home/avg/anveshak/Rover/Four_Wheels_Steering_bot/Example_ros2_ws/install/control2:/home/avg/anveshak/Rover/Four_Wheels_Steering_bot/Example_ros2_ws/install/autonomous:/home/avg/task2_anveshak_ws/install/task_2:/home/avg/aero_guild/ros2_ws/install/task_2:/opt/ros/humble /usr/bin/cmake --install /home/avg/anveshak/iroc/Iroc-26/ros2_ws/build/ros2_aruco_interfaces
[0.370s] -- Install configuration: ""
[0.370s] -- Up-to-date: /home/avg/anveshak/iroc/Iroc-26/ros2_ws/install/ros2_aruco_interfaces/share/ament_index/resource_index/rosidl_interfaces/ros2_aruco_interfaces
[0.370s] -- Up-to-date: /home/avg/anveshak/iroc/Iroc-26/ros2_ws/install/ros2_aruco_interfaces/include/ros2_aruco_interfaces/ros2_aruco_interfaces
[0.370s] -- Up-to-date: /home/avg/anveshak/iroc/Iroc-26/ros2_ws/install/ros2_aruco_interfaces/include/ros2_aruco_interfaces/ros2_aruco_interfaces/msg
[0.370s] -- Up-to-date: /home/avg/anveshak/iroc/Iroc-26/ros2_ws/install/ros2_aruco_interfaces/include/ros2_aruco_interfaces/ros2_aruco_interfaces/msg/detail
[0.370s] -- Up-to-date: /home/avg/anveshak/iroc/Iroc-26/ros2_ws/install/ros2_aruco_interfaces/include/ros2_aruco_interfaces/ros2_aruco_interfaces/msg/detail/aruco_markers__functions.c
[0.371s] -- Up-to-date: /home/avg/anveshak/iroc/Iroc-26/ros2_ws/install/ros2_aruco_interfaces/include/ros2_aruco_interfaces/ros2_aruco_interfaces/msg/detail/aruco_markers__struct.h
[0.371s] -- Up-to-date: /home/avg/anveshak/iroc/Iroc-26/ros2_ws/install/ros2_aruco_interfaces/include/ros2_aruco_interfaces/ros2_aruco_interfaces/msg/detail/aruco_markers__type_support.h
[0.371s] -- Up-to-date: /home/avg/anveshak/iroc/Iroc-26/ros2_ws/install/ros2_aruco_interfaces/include/ros2_aruco_interfaces/ros2_aruco_interfaces/msg/detail/aruco_markers__functions.h
[0.371s] -- Up-to-date: /home/avg/anveshak/iroc/Iroc-26/ros2_ws/install/ros2_aruco_interfaces/include/ros2_aruco_interfaces/ros2_aruco_interfaces/msg/aruco_markers.h
[0.371s] -- Up-to-date: /home/avg/anveshak/iroc/Iroc-26/ros2_ws/install/ros2_aruco_interfaces/include/ros2_aruco_interfaces/ros2_aruco_interfaces/msg/rosidl_generator_c__visibility_control.h
[0.371s] -- Up-to-date: /home/avg/anveshak/iroc/Iroc-26/ros2_ws/install/ros2_aruco_interfaces/share/ros2_aruco_interfaces/environment/library_path.sh
[0.371s] -- Up-to-date: /home/avg/anveshak/iroc/Iroc-26/ros2_ws/install/ros2_aruco_interfaces/share/ros2_aruco_interfaces/environment/library_path.dsv
[0.371s] -- Up-to-date: /home/avg/anveshak/iroc/Iroc-26/ros2_ws/install/ros2_aruco_interfaces/lib/libros2_aruco_interfaces__rosidl_generator_c.so
[0.371s] -- Up-to-date: /home/avg/anveshak/iroc/Iroc-26/ros2_ws/install/ros2_aruco_interfaces/include/ros2_aruco_interfaces/ros2_aruco_interfaces
[0.371s] -- Up-to-date: /home/avg/anveshak/iroc/Iroc-26/ros2_ws/install/ros2_aruco_interfaces/include/ros2_aruco_interfaces/ros2_aruco_interfaces/msg
[0.371s] -- Up-to-date: /home/avg/anveshak/iroc/Iroc-26/ros2_ws/install/ros2_aruco_interfaces/include/ros2_aruco_interfaces/ros2_aruco_interfaces/msg/detail
[0.371s] -- Up-to-date: /home/avg/anveshak/iroc/Iroc-26/ros2_ws/install/ros2_aruco_interfaces/include/ros2_aruco_interfaces/ros2_aruco_interfaces/msg/detail/aruco_markers__rosidl_typesupport_fastrtps_c.h
[0.371s] -- Up-to-date: /home/avg/anveshak/iroc/Iroc-26/ros2_ws/install/ros2_aruco_interfaces/include/ros2_aruco_interfaces/ros2_aruco_interfaces/msg/rosidl_typesupport_fastrtps_c__visibility_control.h
[0.371s] -- Up-to-date: /home/avg/anveshak/iroc/Iroc-26/ros2_ws/install/ros2_aruco_interfaces/lib/libros2_aruco_interfaces__rosidl_typesupport_fastrtps_c.so
[0.371s] -- Up-to-date: /home/avg/anveshak/iroc/Iroc-26/ros2_ws/install/ros2_aruco_interfaces/include/ros2_aruco_interfaces/ros2_aruco_interfaces
[0.371s] -- Up-to-date: /home/avg/anveshak/iroc/Iroc-26/ros2_ws/install/ros2_aruco_interfaces/include/ros2_aruco_interfaces/ros2_aruco_interfaces/msg
[0.371s] -- Up-to-date: /home/avg/anveshak/iroc/Iroc-26/ros2_ws/install/ros2_aruco_interfaces/include/ros2_aruco_interfaces/ros2_aruco_interfaces/msg/detail
[0.371s] -- Up-to-date: /home/avg/anveshak/iroc/Iroc-26/ros2_ws/install/ros2_aruco_interfaces/include/ros2_aruco_interfaces/ros2_aruco_interfaces/msg/detail/aruco_markers__type_support.hpp
[0.371s] -- Up-to-date: /home/avg/anveshak/iroc/Iroc-26/ros2_ws/install/ros2_aruco_interfaces/include/ros2_aruco_interfaces/ros2_aruco_interfaces/msg/detail/aruco_markers__traits.hpp
[0.371s] -- Up-to-date: /home/avg/anveshak/iroc/Iroc-26/ros2_ws/install/ros2_aruco_interfaces/include/ros2_aruco_interfaces/ros2_aruco_interfaces/msg/detail/aruco_markers__builder.hpp
[0.371s] -- Up-to-date: /home/avg/anveshak/iroc/Iroc-26/ros2_ws/install/ros2_aruco_interfaces/include/ros2_aruco_interfaces/ros2_aruco_interfaces/msg/detail/aruco_markers__struct.hpp
[0.371s] -- Up-to-date: /home/avg/anveshak/iroc/Iroc-26/ros2_ws/install/ros2_aruco_interfaces/include/ros2_aruco_interfaces/ros2_aruco_interfaces/msg/aruco_markers.hpp
[0.371s] -- Up-to-date: /home/avg/anveshak/iroc/Iroc-26/ros2_ws/install/ros2_aruco_interfaces/include/ros2_aruco_interfaces/ros2_aruco_interfaces/msg/rosidl_generator_cpp__visibility_control.hpp
[0.371s] -- Up-to-date: /home/avg/anveshak/iroc/Iroc-26/ros2_ws/install/ros2_aruco_interfaces/include/ros2_aruco_interfaces/ros2_aruco_interfaces
[0.371s] -- Up-to-date: /home/avg/anveshak/iroc/Iroc-26/ros2_ws/install/ros2_aruco_interfaces/include/ros2_aruco_interfaces/ros2_aruco_interfaces/msg
[0.371s] -- Up-to-date: /home/avg/anveshak/iroc/Iroc-26/ros2_ws/install/ros2_aruco_interfaces/include/ros2_aruco_interfaces/ros2_aruco_interfaces/msg/detail
[0.371s] -- Up-to-date: /home/avg/anveshak/iroc/Iroc-26/ros2_ws/install/ros2_aruco_interfaces/include/ros2_aruco_interfaces/ros2_aruco_interfaces/msg/detail/aruco_markers__rosidl_typesupport_fastrtps_cpp.hpp
[0.371s] -- Up-to-date: /home/avg/anveshak/iroc/Iroc-26/ros2_ws/install/ros2_aruco_interfaces/include/ros2_aruco_interfaces/ros2_aruco_interfaces/msg/detail/dds_fastrtps
[0.372s] -- Up-to-date: /home/avg/anveshak/iroc/Iroc-26/ros2_ws/install/ros2_aruco_interfaces/include/ros2_aruco_interfaces/ros2_aruco_interfaces/msg/rosidl_typesupport_fastrtps_cpp__visibility_control.h
[0.372s] -- Up-to-date: /home/avg/anveshak/iroc/Iroc-26/ros2_ws/install/ros2_aruco_interfaces/lib/libros2_aruco_interfaces__rosidl_typesupport_fastrtps_cpp.so
[0.372s] -- Up-to-date: /home/avg/anveshak/iroc/Iroc-26/ros2_ws/install/ros2_aruco_interfaces/include/ros2_aruco_interfaces/ros2_aruco_interfaces
[0.372s] -- Up-to-date: /home/avg/anveshak/iroc/Iroc-26/ros2_ws/install/ros2_aruco_interfaces/include/ros2_aruco_interfaces/ros2_aruco_interfaces/msg
[0.372s] -- Up-to-date: /home/avg/anveshak/iroc/Iroc-26/ros2_ws/install/ros2_aruco_interfaces/include/ros2_aruco_interfaces/ros2_aruco_interfaces/msg/detail
[0.372s] -- Up-to-date: /home/avg/anveshak/iroc/Iroc-26/ros2_ws/install/ros2_aruco_interfaces/include/ros2_aruco_interfaces/ros2_aruco_interfaces/msg/detail/aruco_markers__type_support.c
[0.372s] -- Up-to-date: /home/avg/anveshak/iroc/Iroc-26/ros2_ws/install/ros2_aruco_interfaces/include/ros2_aruco_interfaces/ros2_aruco_interfaces/msg/detail/aruco_markers__rosidl_typesupport_introspection_c.h
[0.372s] -- Up-to-date: /home/avg/anveshak/iroc/Iroc-26/ros2_ws/install/ros2_aruco_interfaces/include/ros2_aruco_interfaces/ros2_aruco_interfaces/msg/rosidl_typesupport_introspection_c__visibility_control.h
[0.372s] -- Up-to-date: /home/avg/anveshak/iroc/Iroc-26/ros2_ws/install/ros2_aruco_interfaces/lib/libros2_aruco_interfaces__rosidl_typesupport_introspection_c.so
[0.372s] -- Up-to-date: /home/avg/anveshak/iroc/Iroc-26/ros2_ws/install/ros2_aruco_interfaces/lib/libros2_aruco_interfaces__rosidl_typesupport_c.so
[0.372s] -- Up-to-date: /home/avg/anveshak/iroc/Iroc-26/ros2_ws/install/ros2_aruco_interfaces/include/ros2_aruco_interfaces/ros2_aruco_interfaces
[0.372s] -- Up-to-date: /home/avg/anveshak/iroc/Iroc-26/ros2_ws/install/ros2_aruco_interfaces/include/ros2_aruco_interfaces/ros2_aruco_interfaces/msg
[0.372s] -- Up-to-date: /home/avg/anveshak/iroc/Iroc-26/ros2_ws/install/ros2_aruco_interfaces/include/ros2_aruco_interfaces/ros2_aruco_interfaces/msg/detail
[0.372s] -- Up-to-date: /home/avg/anveshak/iroc/Iroc-26/ros2_ws/install/ros2_aruco_interfaces/include/ros2_aruco_interfaces/ros2_aruco_interfaces/msg/detail/aruco_markers__type_support.cpp
[0.372s] -- Up-to-date: /home/avg/anveshak/iroc/Iroc-26/ros2_ws/install/ros2_aruco_interfaces/include/ros2_aruco_interfaces/ros2_aruco_interfaces/msg/detail/aruco_markers__rosidl_typesupport_introspection_cpp.hpp
[0.372s] -- Up-to-date: /home/avg/anveshak/iroc/Iroc-26/ros2_ws/install/ros2_aruco_interfaces/lib/libros2_aruco_interfaces__rosidl_typesupport_introspection_cpp.so
[0.372s] -- Up-to-date: /home/avg/anveshak/iroc/Iroc-26/ros2_ws/install/ros2_aruco_interfaces/lib/libros2_aruco_interfaces__rosidl_typesupport_cpp.so
[0.372s] -- Up-to-date: /home/avg/anveshak/iroc/Iroc-26/ros2_ws/install/ros2_aruco_interfaces/share/ros2_aruco_interfaces/environment/pythonpath.sh
[0.372s] -- Up-to-date: /home/avg/anveshak/iroc/Iroc-26/ros2_ws/install/ros2_aruco_interfaces/share/ros2_aruco_interfaces/environment/pythonpath.dsv
[0.372s] -- Up-to-date: /home/avg/anveshak/iroc/Iroc-26/ros2_ws/install/ros2_aruco_interfaces/local/lib/python3.10/dist-packages/ros2_aruco_interfaces-0.1.0-py3.10.egg-info
[0.372s] -- Installing: /home/avg/anveshak/iroc/Iroc-26/ros2_ws/install/ros2_aruco_interfaces/local/lib/python3.10/dist-packages/ros2_aruco_interfaces-0.1.0-py3.10.egg-info/PKG-INFO
[0.372s] -- Installing: /home/avg/anveshak/iroc/Iroc-26/ros2_ws/install/ros2_aruco_interfaces/local/lib/python3.10/dist-packages/ros2_aruco_interfaces-0.1.0-py3.10.egg-info/dependency_links.txt
[0.372s] -- Installing: /home/avg/anveshak/iroc/Iroc-26/ros2_ws/install/ros2_aruco_interfaces/local/lib/python3.10/dist-packages/ros2_aruco_interfaces-0.1.0-py3.10.egg-info/top_level.txt
[0.372s] -- Installing: /home/avg/anveshak/iroc/Iroc-26/ros2_ws/install/ros2_aruco_interfaces/local/lib/python3.10/dist-packages/ros2_aruco_interfaces-0.1.0-py3.10.egg-info/SOURCES.txt
[0.372s] -- Up-to-date: /home/avg/anveshak/iroc/Iroc-26/ros2_ws/install/ros2_aruco_interfaces/local/lib/python3.10/dist-packages/ros2_aruco_interfaces
[0.372s] -- Up-to-date: /home/avg/anveshak/iroc/Iroc-26/ros2_ws/install/ros2_aruco_interfaces/local/lib/python3.10/dist-packages/ros2_aruco_interfaces/msg
[0.372s] -- Up-to-date: /home/avg/anveshak/iroc/Iroc-26/ros2_ws/install/ros2_aruco_interfaces/local/lib/python3.10/dist-packages/ros2_aruco_interfaces/msg/__init__.py
[0.372s] -- Up-to-date: /home/avg/anveshak/iroc/Iroc-26/ros2_ws/install/ros2_aruco_interfaces/local/lib/python3.10/dist-packages/ros2_aruco_interfaces/msg/_aruco_markers_s.c
[0.372s] -- Up-to-date: /home/avg/anveshak/iroc/Iroc-26/ros2_ws/install/ros2_aruco_interfaces/local/lib/python3.10/dist-packages/ros2_aruco_interfaces/msg/_aruco_markers.py
[0.372s] -- Up-to-date: /home/avg/anveshak/iroc/Iroc-26/ros2_ws/install/ros2_aruco_interfaces/local/lib/python3.10/dist-packages/ros2_aruco_interfaces/ros2_aruco_interfaces_s__rosidl_typesupport_fastrtps_c.cpython-310-x86_64-linux-gnu.so
[0.372s] -- Up-to-date: /home/avg/anveshak/iroc/Iroc-26/ros2_ws/install/ros2_aruco_interfaces/local/lib/python3.10/dist-packages/ros2_aruco_interfaces/_ros2_aruco_interfaces_s.ep.rosidl_typesupport_fastrtps_c.c
[0.372s] -- Up-to-date: /home/avg/anveshak/iroc/Iroc-26/ros2_ws/install/ros2_aruco_interfaces/local/lib/python3.10/dist-packages/ros2_aruco_interfaces/__init__.py
[0.372s] -- Up-to-date: /home/avg/anveshak/iroc/Iroc-26/ros2_ws/install/ros2_aruco_interfaces/local/lib/python3.10/dist-packages/ros2_aruco_interfaces/ros2_aruco_interfaces_s__rosidl_typesupport_c.cpython-310-x86_64-linux-gnu.so
[0.372s] -- Up-to-date: /home/avg/anveshak/iroc/Iroc-26/ros2_ws/install/ros2_aruco_interfaces/local/lib/python3.10/dist-packages/ros2_aruco_interfaces/_ros2_aruco_interfaces_s.ep.rosidl_typesupport_introspection_c.c
[0.372s] -- Up-to-date: /home/avg/anveshak/iroc/Iroc-26/ros2_ws/install/ros2_aruco_interfaces/local/lib/python3.10/dist-packages/ros2_aruco_interfaces/libros2_aruco_interfaces__rosidl_generator_py.so
[0.372s] -- Up-to-date: /home/avg/anveshak/iroc/Iroc-26/ros2_ws/install/ros2_aruco_interfaces/local/lib/python3.10/dist-packages/ros2_aruco_interfaces/ros2_aruco_interfaces_s__rosidl_typesupport_introspection_c.cpython-310-x86_64-linux-gnu.so
[0.373s] -- Up-to-date: /home/avg/anveshak/iroc/Iroc-26/ros2_ws/install/ros2_aruco_interfaces/local/lib/python3.10/dist-packages/ros2_aruco_interfaces/_ros2_aruco_interfaces_s.ep.rosidl_typesupport_c.c
[0.397s] Listing '/home/avg/anveshak/iroc/Iroc-26/ros2_ws/install/ros2_aruco_interfaces/local/lib/python3.10/dist-packages/ros2_aruco_interfaces'...
[0.397s] Listing '/home/avg/anveshak/iroc/Iroc-26/ros2_ws/install/ros2_aruco_interfaces/local/lib/python3.10/dist-packages/ros2_aruco_interfaces/msg'...
[0.399s] -- Up-to-date: /home/avg/anveshak/iroc/Iroc-26/ros2_ws/install/ros2_aruco_interfaces/local/lib/python3.10/dist-packages/ros2_aruco_interfaces/ros2_aruco_interfaces_s__rosidl_typesupport_fastrtps_c.cpython-310-x86_64-linux-gnu.so
[0.399s] -- Up-to-date: /home/avg/anveshak/iroc/Iroc-26/ros2_ws/install/ros2_aruco_interfaces/local/lib/python3.10/dist-packages/ros2_aruco_interfaces/ros2_aruco_interfaces_s__rosidl_typesupport_introspection_c.cpython-310-x86_64-linux-gnu.so
[0.399s] -- Up-to-date: /home/avg/anveshak/iroc/Iroc-26/ros2_ws/install/ros2_aruco_interfaces/local/lib/python3.10/dist-packages/ros2_aruco_interfaces/ros2_aruco_interfaces_s__rosidl_typesupport_c.cpython-310-x86_64-linux-gnu.so
[0.400s] -- Up-to-date: /home/avg/anveshak/iroc/Iroc-26/ros2_ws/install/ros2_aruco_interfaces/lib/libros2_aruco_interfaces__rosidl_generator_py.so
[0.400s] -- Up-to-date: /home/avg/anveshak/iroc/Iroc-26/ros2_ws/install/ros2_aruco_interfaces/share/ros2_aruco_interfaces/msg/ArucoMarkers.idl
[0.400s] -- Up-to-date: /home/avg/anveshak/iroc/Iroc-26/ros2_ws/install/ros2_aruco_interfaces/share/ros2_aruco_interfaces/msg/ArucoMarkers.msg
[0.400s] -- Up-to-date: /home/avg/anveshak/iroc/Iroc-26/ros2_ws/install/ros2_aruco_interfaces/share/ament_index/resource_index/package_run_dependencies/ros2_aruco_interfaces
[0.400s] -- Up-to-date: /home/avg/anveshak/iroc/Iroc-26/ros2_ws/install/ros2_aruco_interfaces/share/ament_index/resource_index/parent_prefix_path/ros2_aruco_interfaces
[0.400s] -- Up-to-date: /home/avg/anveshak/iroc/Iroc-26/ros2_ws/install/ros2_aruco_interfaces/share/ros2_aruco_interfaces/environment/ament_prefix_path.sh
[0.400s] -- Up-to-date: /home/avg/anveshak/iroc/Iroc-26/ros2_ws/install/ros2_aruco_interfaces/share/ros2_aruco_interfaces/environment/ament_prefix_path.dsv
[0.400s] -- Up-to-date: /home/avg/anveshak/iroc/Iroc-26/ros2_ws/install/ros2_aruco_interfaces/share/ros2_aruco_interfaces/environment/path.sh
[0.400s] -- Up-to-date: /home/avg/anveshak/iroc/Iroc-26/ros2_ws/install/ros2_aruco_interfaces/share/ros2_aruco_interfaces/environment/path.dsv
[0.400s] -- Up-to-date: /home/avg/anveshak/iroc/Iroc-26/ros2_ws/install/ros2_aruco_interfaces/share/ros2_aruco_interfaces/local_setup.bash
[0.400s] -- Up-to-date: /home/avg/anveshak/iroc/Iroc-26/ros2_ws/install/ros2_aruco_interfaces/share/ros2_aruco_interfaces/local_setup.sh
[0.400s] -- Up-to-date: /home/avg/anveshak/iroc/Iroc-26/ros2_ws/install/ros2_aruco_interfaces/share/ros2_aruco_interfaces/local_setup.zsh
[0.400s] -- Up-to-date: /home/avg/anveshak/iroc/Iroc-26/ros2_ws/install/ros2_aruco_interfaces/share/ros2_aruco_interfaces/local_setup.dsv
[0.400s] -- Up-to-date: /home/avg/anveshak/iroc/Iroc-26/ros2_ws/install/ros2_aruco_interfaces/share/ros2_aruco_interfaces/package.dsv
[0.400s] -- Up-to-date: /home/avg/anveshak/iroc/Iroc-26/ros2_ws/install/ros2_aruco_interfaces/share/ament_index/resource_index/packages/ros2_aruco_interfaces
[0.400s] -- Up-to-date: /home/avg/anveshak/iroc/Iroc-26/ros2_ws/install/ros2_aruco_interfaces/share/ros2_aruco_interfaces/cmake/export_ros2_aruco_interfaces__rosidl_generator_cExport.cmake
[0.400s] -- Up-to-date: /home/avg/anveshak/iroc/Iroc-26/ros2_ws/install/ros2_aruco_interfaces/share/ros2_aruco_interfaces/cmake/export_ros2_aruco_interfaces__rosidl_generator_cExport-noconfig.cmake
[0.400s] -- Up-to-date: /home/avg/anveshak/iroc/Iroc-26/ros2_ws/install/ros2_aruco_interfaces/share/ros2_aruco_interfaces/cmake/export_ros2_aruco_interfaces__rosidl_typesupport_fastrtps_cExport.cmake
[0.400s] -- Up-to-date: /home/avg/anveshak/iroc/Iroc-26/ros2_ws/install/ros2_aruco_interfaces/share/ros2_aruco_interfaces/cmake/export_ros2_aruco_interfaces__rosidl_typesupport_fastrtps_cExport-noconfig.cmake
[0.400s] -- Up-to-date: /home/avg/anveshak/iroc/Iroc-26/ros2_ws/install/ros2_aruco_interfaces/share/ros2_aruco_interfaces/cmake/export_ros2_aruco_interfaces__rosidl_generator_cppExport.cmake
[0.401s] -- Up-to-date: /home/avg/anveshak/iroc/Iroc-26/ros2_ws/install/ros2_aruco_interfaces/share/ros2_aruco_interfaces/cmake/export_ros2_aruco_interfaces__rosidl_typesupport_fastrtps_cppExport.cmake
[0.401s] -- Up-to-date: /home/avg/anveshak/iroc/Iroc-26/ros2_ws/install/ros2_aruco_interfaces/share/ros2_aruco_interfaces/cmake/export_ros2_aruco_interfaces__rosidl_typesupport_fastrtps_cppExport-noconfig.cmake
[0.401s] -- Up-to-date: /home/avg/anveshak/iroc/Iroc-26/ros2_ws/install/ros2_aruco_interfaces/share/ros2_aruco_interfaces/cmake/ros2_aruco_interfaces__rosidl_typesupport_introspection_cExport.cmake
[0.401s] -- Up-to-date: /home/avg/anveshak/iroc/Iroc-26/ros2_ws/install/ros2_aruco_interfaces/share/ros2_aruco_interfaces/cmake/ros2_aruco_interfaces__rosidl_typesupport_introspection_cExport-noconfig.cmake
[0.401s] -- Up-to-date: /home/avg/anveshak/iroc/Iroc-26/ros2_ws/install/ros2_aruco_interfaces/share/ros2_aruco_interfaces/cmake/ros2_aruco_interfaces__rosidl_typesupport_cExport.cmake
[0.401s] -- Up-to-date: /home/avg/anveshak/iroc/Iroc-26/ros2_ws/install/ros2_aruco_interfaces/share/ros2_aruco_interfaces/cmake/ros2_aruco_interfaces__rosidl_typesupport_cExport-noconfig.cmake
[0.401s] -- Up-to-date: /home/avg/anveshak/iroc/Iroc-26/ros2_ws/install/ros2_aruco_interfaces/share/ros2_aruco_interfaces/cmake/ros2_aruco_interfaces__rosidl_typesupport_introspection_cppExport.cmake
[0.401s] -- Up-to-date: /home/avg/anveshak/iroc/Iroc-26/ros2_ws/install/ros2_aruco_interfaces/share/ros2_aruco_interfaces/cmake/ros2_aruco_interfaces__rosidl_typesupport_introspection_cppExport-noconfig.cmake
[0.401s] -- Up-to-date: /home/avg/anveshak/iroc/Iroc-26/ros2_ws/install/ros2_aruco_interfaces/share/ros2_aruco_interfaces/cmake/ros2_aruco_interfaces__rosidl_typesupport_cppExport.cmake
[0.401s] -- Up-to-date: /home/avg/anveshak/iroc/Iroc-26/ros2_ws/install/ros2_aruco_interfaces/share/ros2_aruco_interfaces/cmake/ros2_aruco_interfaces__rosidl_typesupport_cppExport-noconfig.cmake
[0.401s] -- Up-to-date: /home/avg/anveshak/iroc/Iroc-26/ros2_ws/install/ros2_aruco_interfaces/share/ros2_aruco_interfaces/cmake/export_ros2_aruco_interfaces__rosidl_generator_pyExport.cmake
[0.401s] -- Up-to-date: /home/avg/anveshak/iroc/Iroc-26/ros2_ws/install/ros2_aruco_interfaces/share/ros2_aruco_interfaces/cmake/export_ros2_aruco_interfaces__rosidl_generator_pyExport-noconfig.cmake
[0.401s] -- Up-to-date: /home/avg/anveshak/iroc/Iroc-26/ros2_ws/install/ros2_aruco_interfaces/share/ros2_aruco_interfaces/cmake/rosidl_cmake-extras.cmake
[0.401s] -- Up-to-date: /home/avg/anveshak/iroc/Iroc-26/ros2_ws/install/ros2_aruco_interfaces/share/ros2_aruco_interfaces/cmake/ament_cmake_export_dependencies-extras.cmake
[0.401s] -- Up-to-date: /home/avg/anveshak/iroc/Iroc-26/ros2_ws/install/ros2_aruco_interfaces/share/ros2_aruco_interfaces/cmake/ament_cmake_export_include_directories-extras.cmake
[0.401s] -- Up-to-date: /home/avg/anveshak/iroc/Iroc-26/ros2_ws/install/ros2_aruco_interfaces/share/ros2_aruco_interfaces/cmake/ament_cmake_export_libraries-extras.cmake
[0.401s] -- Up-to-date: /home/avg/anveshak/iroc/Iroc-26/ros2_ws/install/ros2_aruco_interfaces/share/ros2_aruco_interfaces/cmake/ament_cmake_export_targets-extras.cmake
[0.401s] -- Up-to-date: /home/avg/anveshak/iroc/Iroc-26/ros2_ws/install/ros2_aruco_interfaces/share/ros2_aruco_interfaces/cmake/rosidl_cmake_export_typesupport_targets-extras.cmake
[0.401s] -- Up-to-date: /home/avg/anveshak/iroc/Iroc-26/ros2_ws/install/ros2_aruco_interfaces/share/ros2_aruco_interfaces/cmake/rosidl_cmake_export_typesupport_libraries-extras.cmake
[0.401s] -- Up-to-date: /home/avg/anveshak/iroc/Iroc-26/ros2_ws/install/ros2_aruco_interfaces/share/ros2_aruco_interfaces/cmake/ros2_aruco_interfacesConfig.cmake
[0.401s] -- Up-to-date: /home/avg/anveshak/iroc/Iroc-26/ros2_ws/install/ros2_aruco_interfaces/share/ros2_aruco_interfaces/cmake/ros2_aruco_interfacesConfig-version.cmake
[0.401s] -- Up-to-date: /home/avg/anveshak/iroc/Iroc-26/ros2_ws/install/ros2_aruco_interfaces/share/ros2_aruco_interfaces/package.xml
[0.402s] Invoked command in '/home/avg/anveshak/iroc/Iroc-26/ros2_ws/build/ros2_aruco_interfaces' returned '0': CMAKE_PREFIX_PATH=${CMAKE_PREFIX_PATH}:/home/avg/anveshak/iroc/Iroc-26/ros2_ws/install/ros2_aruco:/home/avg/anveshak/iroc/iroc26/install/ros2_aruco:/home/avg/anveshak/project/install/tf_transformations:/home/avg/anveshak/project/install/rover_final_boss:/home/avg/anveshak/project/install/my_package:/home/avg/anveshak/project/install/gps:/home/avg/anveshak/project/install/bug:/home/avg/task5_anveshak_ws/install/visualizer:/home/avg/anveshak/Rover/Four_Wheels_Steering_bot/Example_ros2_ws/install/gps:/home/avg/anveshak/Rover/Four_Wheels_Steering_bot/Example_ros2_ws/install/control2:/home/avg/anveshak/Rover/Four_Wheels_Steering_bot/Example_ros2_ws/install/autonomous:/home/avg/task2_anveshak_ws/install/task_2:/home/avg/aero_guild/ros2_ws/install/task_2:/opt/ros/humble /usr/bin/cmake --install /home/avg/anveshak/iroc/Iroc-26/ros2_ws/build/ros2_aruco_interfaces
